<!DOCTYPE html PUBLIC "-//W3C//DTD XHTML 1.0 Strict//EN" "http://www.w3.org/TR/xhtml1/DTD/xhtml1-strict.dtd">
<html xmlns:str="http://exslt.org/strings" xmlns="http://www.w3.org/1999/xhtml">
    <head>
        <META http-equiv="Content-Type" content="text/html; charset=UTF-8">
        <title>Test Results &mdash; AllCallTest</title>
        <style type="text/css">
          html {
            height: 100%
          }

          body {
            margin: 0 auto;
            padding: 0;
            text-align: left;
            height: 100%;
            font-family: myriad, arial, tahoma, verdana, sans-serif;
            color: #151515;
            font-size: 90%;
            line-height: 1.3em;
            background-color: #fff;
          }

          * {
            margin: 0;
            padding: 0
          }

          .clr {
            clear: both;
            overflow: hidden;
          }

          img {
            border: none
          }

          a {
            color: #0046b0;
            text-decoration: none;
          }

          a:hover {
            text-decoration: none;
          }

          a:focus, a:active {
            outline: none
          }

          .noborder {
            border: none
          }

          h1 {
            color: #151515;
            font-size: 180%;
            line-height: 1.1em;
            font-weight: bold;
          }

          h2 {
            color: #393D42;
            font-size: 160%;
            font-weight: normal
          }

          h3 {
            font-size: 120%;
            font-weight: bold;
            margin-bottom: .5em
          }

          h4 {
            font-size: 110%;
          }

          h5 {
            font-size: 110%;
          }

          span.failed {
            color: #ff0000
          }

          span.error {
            color: #ff0000
          }

          span.passed {
            color: #1d9d01
          }

          span.ignored {
            color: #fff600
          }

          span.skipped {
            color: #fff600
          }

          hr {
            background-color: blue
          }

          #container {
            min-width: 30em;
          }

          #header {
            padding: 0;
            position: fixed;
            width: 100%;
            z-index: 10;
            background-color: #c7ceda;
          }

          #header h1 {
            margin: 1em 3em 1em 1.7em;
          }

          #header h1 strong {
            white-space: nowrap;
          }

          #header .time {
            margin-top: 2.2em;
            margin-right: 3.4em;
            float: right;
          }

          #treecontrol {
            margin: 0;
            padding: .5em 3em .5em 0;
            text-align: right;
            background-color: #fff;
          }

          #treecontrol ul li {
            display: inline;
            list-style: none;
            color: #666;
          }

          #content {
            padding: 0 2.5em 2em 1.7em;
          }

          #content ul {
            margin: .4em 0 .1em 2em;
            list-style: none;
          }

          #content ul li.level {
            cursor: pointer;
          }

          #content ul li.level span {
            display: block;
            font-weight: bold;
          }

          #content ul li.level.top {
            margin-bottom: .3em;
          }

          #content ul li.level.top > span {
            padding: .5em 0 .5em 1em;
            font-size: 120%;
            color: #151515;
            background-color: #f2f2f2;
            border-left: solid 10px #93e078;
          }

          #content ul li.level.top.failed > span {
            border-left: solid 10px #f02525;
          }

          #content ul li.level.top.ignored > span {
            border-left: solid 10px #f8d216;
          }

          #content ul li.level.suite > span {
            margin-bottom: .8em;
            padding: 0 0 0 .8em;
            display: block;
            font-size: 110%;
            line-height: 1em;
            color: #151515;
            border-left: solid 15px #93e078;
          }

          #content ul li.level.suite.failed > span {
            border-left: solid 15px #f02525;
          }

          #content ul li.level.suite.ignored > span {
            border-left: solid 15px #f8d216;
          }

          #content ul li.level.suite > ul {
            margin-bottom: 1.5em;
          }

          #content ul li.level.test > span {
            padding: .3em 0 .3em 1em;
            color: #0046b0;
            font-size: 100%;
            border-left: solid 6px #93e078;
            border-bottom: solid 1px #dbdbdb;
          }

          #content ul li.level.test.failed > span {
            border-left: solid 6px #f02525;
          }

          #content ul li.level.test.ignored > span {
            border-left: solid 6px #f8d216;
          }

          #content ul li.text p, #content ul li.text span {
            margin-bottom: 1.5em;
            color: #151515 !important;
            font-size: 90% !important;
            font-weight: normal !important;
            overflow-x: auto;
            cursor: auto !important;
            background: none !important;
            border: none !important;
          }

          #content ul li.text span {
            margin-bottom: 0;
            display: block;
          }

          #content ul li.text span.stderr {
            color: #8b0000 !important;
          }

          #content ul li .time {
            margin-right: .5em;
            width: 5em;
            text-align: right;
            font-size: 13px;
            color: #151515;
            font-style: normal;
            font-weight: normal;
            float: right;
          }

          #content ul li span .status {
            width: 6em;
            font-size: 90%;
            color: #1d9d01;
            font-style: normal;
            font-weight: normal;
            float: right;
            text-align: right;
          }

          #content ul li.failed > span .status {
            color: #ff0000;
          }

          #content ul li.ignored > span .status {
            color: #d6b000;
          }

          #footer {
              height: 2em;
              background-color: #c7ceda;
          }
          #footer p {
              padding: .4em 0 0 3.6em;
              font-size: 80%;
          }
        </style>
        <script type="text/javascript">
eval(function(p,a,c,k,e,r){e=function(c){return(c<a?'':e(parseInt(c/a)))+((c=c%a)>35?String.fromCharCode(c+29):c.toString(36))};if(!''.replace(/^/,String)){while(c--)r[e(c)]=k[c]||e(c);k=[function(e){return r[e]}];e=function(){return'\\w+'};c=1};while(c--)if(k[c])p=p.replace(new RegExp('\\b'+e(c)+'\\b','g'),k[c]);return p}('(G(){9(1n E!="11")H w=E;H E=17.16=G(a,c){9(17==6||!6.4K)I 1q E(a,c);I 6.4K(a,c)};9(1n $!="11")H D=$;17.$=E;H u=/^[^<]*(<(.|\\s)+>)[^>]*$|^#(\\w+)$/;E.1b=E.3x={4K:G(a,c){a=a||U;9(1n a=="1M"){H m=u.2L(a);9(m&&(m[1]||!c)){9(m[1])a=E.4I([m[1]],c);J{H b=U.42(m[3]);9(b)9(b.1T!=m[3])I E().1X(a);J{6[0]=b;6.L=1;I 6}J a=[]}}J I 1q E(c).1X(a)}J 9(E.1p(a))I 1q E(U)[E.1b.2d?"2d":"37"](a);I 6.6u(a.1d==1C&&a||(a.4d||a.L&&a!=17&&!a.1z&&a[0]!=11&&a[0].1z)&&E.2h(a)||[a])},4d:"1.2",82:G(){I 6.L},L:0,28:G(a){I a==11?E.2h(6):6[a]},2v:G(a){H b=E(a);b.4Y=6;I b},6u:G(a){6.L=0;1C.3x.1a.15(6,a);I 6},O:G(a,b){I E.O(6,a,b)},4J:G(a){H b=-1;6.O(G(i){9(6==a)b=i});I b},1y:G(f,d,e){H c=f;9(f.1d==3T)9(d==11)I 6.L&&E[e||"1y"](6[0],f)||11;J{c={};c[f]=d}I 6.O(G(a){M(H b 1j c)E.1y(e?6.R:6,b,E.1c(6,c[b],e,a,b))})},18:G(b,a){I 6.1y(b,a,"3O")},2t:G(e){9(1n e!="5w"&&e!=S)I 6.4o().3e(U.6F(e));H t="";E.O(e||6,G(){E.O(6.2X,G(){9(6.1z!=8)t+=6.1z!=1?6.6x:E.1b.2t([6])})});I t},5l:G(b){9(6[0])E(b,6[0].3N).6t().38(6[0]).1W(G(){H a=6;1Y(a.1t)a=a.1t;I a}).3e(6);I 6},8p:G(a){I 6.O(G(){E(6).6p().5l(a)})},8h:G(a){I 6.O(G(){E(6).5l(a)})},3e:G(){I 6.3s(1k,Q,1,G(a){6.57(a)})},6k:G(){I 6.3s(1k,Q,-1,G(a){6.38(a,6.1t)})},6g:G(){I 6.3s(1k,P,1,G(a){6.14.38(a,6)})},53:G(){I 6.3s(1k,P,-1,G(a){6.14.38(a,6.2i)})},1B:G(){I 6.4Y||E([])},1X:G(t){H b=E.1W(6,G(a){I E.1X(t,a)});I 6.2v(/[^+>] [^+>]/.12(t)||t.1e("..")>-1?E.4V(b):b)},6t:G(e){H f=6.1W(G(){I 6.66?E(6.66)[0]:6.4S(Q)});9(e===Q){H d=f.1X("*").4Q();6.1X("*").4Q().O(G(i){H c=E.K(6,"2A");M(H a 1j c)M(H b 1j c[a])E.1h.1f(d[i],a,c[a][b],c[a][b].K)})}I f},1A:G(t){I 6.2v(E.1p(t)&&E.2T(6,G(b,a){I t.15(b,[a])})||E.3G(t,6))},5T:G(t){I 6.2v(t.1d==3T&&E.3G(t,6,Q)||E.2T(6,G(a){I(t.1d==1C||t.4d)?E.2S(a,t)<0:a!=t}))},1f:G(t){I 6.2v(E.1S(6.28(),t.1d==3T?E(t).28():t.L!=11&&(!t.Y||t.Y=="7t")?t:[t]))},3j:G(a){I a?E.3G(a,6).L>0:P},7g:G(a){I 6.3j("."+a)},2V:G(b){9(b==11){9(6.L){H c=6[0];9(E.Y(c,"24")){H e=c.4z,a=[],W=c.W,2P=c.N=="24-2P";9(e<0)I S;M(H i=2P?e:0,2Y=2P?e+1:W.L;i<2Y;i++){H d=W[i];9(d.29){H b=E.V.1g&&!d.70["1N"].9U?d.2t:d.1N;9(2P)I b;a.1a(b)}}I a}J I 6[0].1N.1o(/\\r/g,"")}}J I 6.O(G(){9(b.1d==1C&&/4s|5u/.12(6.N))6.2K=(E.2S(6.1N,b)>=0||E.2S(6.2J,b)>=0);J 9(E.Y(6,"24")){H a=b.1d==1C?b:[b];E("9m",6).O(G(){6.29=(E.2S(6.1N,a)>=0||E.2S(6.2t,a)>=0)});9(!a.L)6.4z=-1}J 6.1N=b})},4n:G(a){I a==11?(6.L?6[0].3D:S):6.4o().3e(a)},6H:G(a){I 6.53(a).2e()},2s:G(){I 6.2v(1C.3x.2s.15(6,1k))},1W:G(b){I 6.2v(E.1W(6,G(a,i){I b.3c(a,i,a)}))},4Q:G(){I 6.1f(6.4Y)},3s:G(f,d,g,e){H c=6.L>1,a;I 6.O(G(){9(!a){a=E.4I(f,6.3N);9(g<0)a.91()}H b=6;9(d&&E.Y(6,"1F")&&E.Y(a[0],"4k"))b=6.4q("1J")[0]||6.57(U.5r("1J"));E.O(a,G(){9(E.Y(6,"1P")){9(6.3g)E.3w({1u:6.3g,3h:P,1Z:"1P"});J E.5h(6.2t||6.6s||6.3D||"")}J e.15(b,[c?6.4S(Q):6])})})}};E.1i=E.1b.1i=G(){H c=1k[0]||{},a=1,2g=1k.L,5e=P;9(c.1d==8v){5e=c;c=1k[1]||{}}9(2g==1){c=6;a=0}H b;M(;a<2g;a++)9((b=1k[a])!=S)M(H i 1j b){9(c==b[i])6r;9(5e&&1n b[i]==\'5w\'&&c[i])E.1i(c[i],b[i]);J 9(b[i]!=11)c[i]=b[i]}I c};H F="16"+(1q 3v()).3u(),6q=0,5d={};E.1i({8k:G(a){17.$=D;9(a)17.16=w;I E},1p:G(a){I!!a&&1n a!="1M"&&!a.Y&&a.1d!=1C&&/G/i.12(a+"")},4a:G(a){I a.35&&!a.1K||a.34&&a.3N&&!a.3N.1K},5h:G(a){a=E.33(a);9(a){9(17.6o)17.6o(a);J 9(E.V.1H)17.58(a,0);J 3p.3c(17,a)}},Y:G(b,a){I b.Y&&b.Y.26()==a.26()},1I:{},K:G(c,d,b){c=c==17?5d:c;H a=c[F];9(!a)a=c[F]=++6q;9(d&&!E.1I[a])E.1I[a]={};9(b!=11)E.1I[a][d]=b;I d?E.1I[a][d]:a},30:G(c,b){c=c==17?5d:c;H a=c[F];9(b){9(E.1I[a]){2G E.1I[a][b];b="";M(b 1j E.1I[a])22;9(!b)E.30(c)}}J{2c{2G c[F]}27(e){9(c.54)c.54(F)}2G E.1I[a]}},O:G(a,b,c){9(c){9(a.L==11)M(H i 1j a)b.15(a[i],c);J M(H i=0,45=a.L;i<45;i++)9(b.15(a[i],c)===P)22}J{9(a.L==11)M(H i 1j a)b.3c(a[i],i,a[i]);J M(H i=0,45=a.L,2V=a[0];i<45&&b.3c(2V,i,2V)!==P;2V=a[++i]){}}I a},1c:G(c,b,d,e,a){9(E.1p(b))b=b.3c(c,[e]);H f=/z-?4J|7T-?7S|1v|69|7Q-?1G/i;I b&&b.1d==4X&&d=="3O"&&!f.12(a)?b+"2I":b},1m:{1f:G(b,c){E.O((c||"").2p(/\\s+/),G(i,a){9(!E.1m.3t(b.1m,a))b.1m+=(b.1m?" ":"")+a})},2e:G(b,c){b.1m=c!=11?E.2T(b.1m.2p(/\\s+/),G(a){I!E.1m.3t(c,a)}).65(" "):""},3t:G(t,c){I E.2S(c,(t.1m||t).3z().2p(/\\s+/))>-1}},2q:G(e,o,f){M(H i 1j o){e.R["3C"+i]=e.R[i];e.R[i]=o[i]}f.15(e,[]);M(H i 1j o)e.R[i]=e.R["3C"+i]},18:G(e,p){9(p=="1G"||p=="2E"){H b={},3Z,3Y,d=["7L","7K","7J","7G"];E.O(d,G(){b["7F"+6]=0;b["7D"+6+"61"]=0});E.2q(e,b,G(){9(E(e).3j(\':3X\')){3Z=e.7A;3Y=e.7z}J{e=E(e.4S(Q)).1X(":4s").5X("2K").1B().18({4v:"1O",2W:"4D",19:"2U",7w:"0",1R:"0"}).5P(e.14)[0];H a=E.18(e.14,"2W")||"3V";9(a=="3V")e.14.R.2W="7k";3Z=e.7h;3Y=e.7f;9(a=="3V")e.14.R.2W="3V";e.14.3k(e)}});I p=="1G"?3Z:3Y}I E.3O(e,p)},3O:G(h,j,i){H g,2u=[],2q=[];G 3l(a){9(!E.V.1H)I P;H b=U.3M.3P(a,S);I!b||b.4y("3l")==""}9(j=="1v"&&E.V.1g){g=E.1y(h.R,"1v");I g==""?"1":g}9(j.1U(/4r/i))j=y;9(!i&&h.R[j])g=h.R[j];J 9(U.3M&&U.3M.3P){9(j.1U(/4r/i))j="4r";j=j.1o(/([A-Z])/g,"-$1").2F();H d=U.3M.3P(h,S);9(d&&!3l(h))g=d.4y(j);J{M(H a=h;a&&3l(a);a=a.14)2u.4Z(a);M(a=0;a<2u.L;a++)9(3l(2u[a])){2q[a]=2u[a].R.19;2u[a].R.19="2U"}g=j=="19"&&2q[2u.L-1]!=S?"2j":U.3M.3P(h,S).4y(j)||"";M(a=0;a<2q.L;a++)9(2q[a]!=S)2u[a].R.19=2q[a]}9(j=="1v"&&g=="")g="1"}J 9(h.43){H f=j.1o(/\\-(\\w)/g,G(m,c){I c.26()});g=h.43[j]||h.43[f];9(!/^\\d+(2I)?$/i.12(g)&&/^\\d/.12(g)){H k=h.R.1R;H e=h.4t.1R;h.4t.1R=h.43.1R;h.R.1R=g||0;g=h.R.74+"2I";h.R.1R=k;h.4t.1R=e}}I g},4I:G(a,e){H r=[];e=e||U;E.O(a,G(i,d){9(!d)I;9(d.1d==4X)d=d.3z();9(1n d=="1M"){d=d.1o(/(<(\\w+)[^>]*?)\\/>/g,G(m,a,b){I b.1U(/^(71|6Z|5D|6Y|49|9S|9P|3f|9K|9I)$/i)?m:a+"></"+b+">"});H s=E.33(d).2F(),1r=e.5r("1r"),2x=[];H c=!s.1e("<9D")&&[1,"<24>","</24>"]||!s.1e("<9A")&&[1,"<6S>","</6S>"]||s.1U(/^<(9x|1J|9u|9t|9s)/)&&[1,"<1F>","</1F>"]||!s.1e("<4k")&&[2,"<1F><1J>","</1J></1F>"]||(!s.1e("<9r")||!s.1e("<9q"))&&[3,"<1F><1J><4k>","</4k></1J></1F>"]||!s.1e("<5D")&&[2,"<1F><1J></1J><6L>","</6L></1F>"]||E.V.1g&&[1,"1r<1r>","</1r>"]||[0,"",""];1r.3D=c[1]+d+c[2];1Y(c[0]--)1r=1r.5k;9(E.V.1g){9(!s.1e("<1F")&&s.1e("<1J")<0)2x=1r.1t&&1r.1t.2X;J 9(c[1]=="<1F>"&&s.1e("<1J")<0)2x=1r.2X;M(H n=2x.L-1;n>=0;--n)9(E.Y(2x[n],"1J")&&!2x[n].2X.L)2x[n].14.3k(2x[n]);9(/^\\s/.12(d))1r.38(e.6F(d.1U(/^\\s*/)[0]),1r.1t)}d=E.2h(1r.2X)}9(0===d.L&&(!E.Y(d,"3B")&&!E.Y(d,"24")))I;9(d[0]==11||E.Y(d,"3B")||d.W)r.1a(d);J r=E.1S(r,d)});I r},1y:G(c,d,a){H e=E.4a(c)?{}:E.5o;9(d=="29"&&E.V.1H)c.14.4z;9(e[d]){9(a!=11)c[e[d]]=a;I c[e[d]]}J 9(E.V.1g&&d=="R")I E.1y(c.R,"9g",a);J 9(a==11&&E.V.1g&&E.Y(c,"3B")&&(d=="9e"||d=="9d"))I c.9b(d).6x;J 9(c.34){9(a!=11){9(d=="N"&&E.Y(c,"49")&&c.14)6E"N 96 94\'t 93 92";c.90(d,a)}9(E.V.1g&&/6B|3g/.12(d)&&!E.4a(c))I c.4l(d,2);I c.4l(d)}J{9(d=="1v"&&E.V.1g){9(a!=11){c.69=1;c.1A=(c.1A||"").1o(/6A\\([^)]*\\)/,"")+(3K(a).3z()=="8V"?"":"6A(1v="+a*6z+")")}I c.1A?(3K(c.1A.1U(/1v=([^)]*)/)[1])/6z).3z():""}d=d.1o(/-([a-z])/8T,G(z,b){I b.26()});9(a!=11)c[d]=a;I c[d]}},33:G(t){I(t||"").1o(/^\\s+|\\s+$/g,"")},2h:G(a){H r=[];9(1n a!="8Q")M(H i=0,2g=a.L;i<2g;i++)r.1a(a[i]);J r=a.2s(0);I r},2S:G(b,a){M(H i=0,2g=a.L;i<2g;i++)9(a[i]==b)I i;I-1},1S:G(a,b){9(E.V.1g){M(H i=0;b[i];i++)9(b[i].1z!=8)a.1a(b[i])}J M(H i=0;b[i];i++)a.1a(b[i]);I a},4V:G(b){H r=[],2f={};2c{M(H i=0,6P=b.L;i<6P;i++){H a=E.K(b[i]);9(!2f[a]){2f[a]=Q;r.1a(b[i])}}}27(e){r=b}I r},2T:G(b,a,c){9(1n a=="1M")a=3p("P||G(a,i){I "+a+"}");H d=[];M(H i=0,4m=b.L;i<4m;i++)9(!c&&a(b[i],i)||c&&!a(b[i],i))d.1a(b[i]);I d},1W:G(c,b){9(1n b=="1M")b=3p("P||G(a){I "+b+"}");H d=[];M(H i=0,4m=c.L;i<4m;i++){H a=b(c[i],i);9(a!==S&&a!=11){9(a.1d!=1C)a=[a];d=d.8O(a)}}I d}});H v=8M.8K.2F();E.V={4f:(v.1U(/.+(?:8I|8H|8F|8E)[\\/: ]([\\d.]+)/)||[])[1],1H:/6T/.12(v),3a:/3a/.12(v),1g:/1g/.12(v)&&!/3a/.12(v),39:/39/.12(v)&&!/(8B|6T)/.12(v)};H y=E.V.1g?"4h":"5g";E.1i({5f:!E.V.1g||U.8A=="8z",4h:E.V.1g?"4h":"5g",5o:{"M":"8y","8x":"1m","4r":y,5g:y,4h:y,3D:"3D",1m:"1m",1N:"1N",36:"36",2K:"2K",8w:"8u",29:"29",8t:"8s"}});E.O({1D:"a.14",8r:"16.4e(a,\'14\')",8q:"16.2R(a,2,\'2i\')",8o:"16.2R(a,2,\'4c\')",8n:"16.4e(a,\'2i\')",8m:"16.4e(a,\'4c\')",8l:"16.5c(a.14.1t,a)",8j:"16.5c(a.1t)",6p:"16.Y(a,\'8i\')?a.8f||a.8e.U:16.2h(a.2X)"},G(i,n){E.1b[i]=G(a){H b=E.1W(6,n);9(a&&1n a=="1M")b=E.3G(a,b);I 6.2v(E.4V(b))}});E.O({5P:"3e",8d:"6k",38:"6g",8c:"53",8b:"6H"},G(i,n){E.1b[i]=G(){H a=1k;I 6.O(G(){M(H j=0,2g=a.L;j<2g;j++)E(a[j])[n](6)})}});E.O({5X:G(a){E.1y(6,a,"");6.54(a)},8a:G(c){E.1m.1f(6,c)},89:G(c){E.1m.2e(6,c)},88:G(c){E.1m[E.1m.3t(6,c)?"2e":"1f"](6,c)},2e:G(a){9(!a||E.1A(a,[6]).r.L){E.30(6);6.14.3k(6)}},4o:G(){E("*",6).O(G(){E.30(6)});1Y(6.1t)6.3k(6.1t)}},G(i,n){E.1b[i]=G(){I 6.O(n,1k)}});E.O(["87","61"],G(i,a){H n=a.2F();E.1b[n]=G(h){I 6[0]==17?E.V.1H&&3r["86"+a]||E.5f&&32.2Y(U.35["59"+a],U.1K["59"+a])||U.1K["59"+a]:6[0]==U?32.2Y(U.1K["6n"+a],U.1K["6m"+a]):h==11?(6.L?E.18(6[0],n):S):6.18(n,h.1d==3T?h:h+"2I")}});H C=E.V.1H&&3q(E.V.4f)<85?"(?:[\\\\w*56-]|\\\\\\\\.)":"(?:[\\\\w\\84-\\83*56-]|\\\\\\\\.)",6j=1q 47("^>\\\\s*("+C+"+)"),6i=1q 47("^("+C+"+)(#)("+C+"+)"),6h=1q 47("^([#.]?)("+C+"*)");E.1i({55:{"":"m[2]==\'*\'||16.Y(a,m[2])","#":"a.4l(\'1T\')==m[2]",":":{81:"i<m[3]-0",7Z:"i>m[3]-0",2R:"m[3]-0==i",7Y:"m[3]-0==i",3o:"i==0",3n:"i==r.L-1",6f:"i%2==0",6d:"i%2","3o-46":"a.14.4q(\'*\')[0]==a","3n-46":"16.2R(a.14.5k,1,\'4c\')==a","7X-46":"!16.2R(a.14.5k,2,\'4c\')",1D:"a.1t",4o:"!a.1t",7W:"(a.6s||a.7V||\'\').1e(m[3])>=0",3X:\'"1O"!=a.N&&16.18(a,"19")!="2j"&&16.18(a,"4v")!="1O"\',1O:\'"1O"==a.N||16.18(a,"19")=="2j"||16.18(a,"4v")=="1O"\',7U:"!a.36",36:"a.36",2K:"a.2K",29:"a.29||16.1y(a,\'29\')",2t:"\'2t\'==a.N",4s:"\'4s\'==a.N",5u:"\'5u\'==a.N",52:"\'52\'==a.N",51:"\'51\'==a.N",50:"\'50\'==a.N",6c:"\'6c\'==a.N",6b:"\'6b\'==a.N",2y:\'"2y"==a.N||16.Y(a,"2y")\',49:"/49|24|6a|2y/i.12(a.Y)",3t:"16.1X(m[3],a).L",7R:"/h\\\\d/i.12(a.Y)",7P:"16.2T(16.2Z,G(1b){I a==1b.T;}).L"}},68:[/^(\\[) *@?([\\w-]+) *([!*$^~=]*) *(\'?"?)(.*?)\\4 *\\]/,/^(:)([\\w-]+)\\("?\'?(.*?(\\(.*?\\))?[^(]*?)"?\'?\\)/,1q 47("^([:.#]*)("+C+"+)")],3G:G(a,c,b){H d,2b=[];1Y(a&&a!=d){d=a;H f=E.1A(a,c,b);a=f.t.1o(/^\\s*,\\s*/,"");2b=b?c=f.r:E.1S(2b,f.r)}I 2b},1X:G(t,o){9(1n t!="1M")I[t];9(o&&!o.1z)o=S;o=o||U;H d=[o],2f=[],3n;1Y(t&&3n!=t){H r=[];3n=t;t=E.33(t);H l=P;H g=6j;H m=g.2L(t);9(m){H p=m[1].26();M(H i=0;d[i];i++)M(H c=d[i].1t;c;c=c.2i)9(c.1z==1&&(p=="*"||c.Y.26()==p.26()))r.1a(c);d=r;t=t.1o(g,"");9(t.1e(" ")==0)6r;l=Q}J{g=/^([>+~])\\s*(\\w*)/i;9((m=g.2L(t))!=S){r=[];H p=m[2],1S={};m=m[1];M(H j=0,31=d.L;j<31;j++){H n=m=="~"||m=="+"?d[j].2i:d[j].1t;M(;n;n=n.2i)9(n.1z==1){H h=E.K(n);9(m=="~"&&1S[h])22;9(!p||n.Y.26()==p.26()){9(m=="~")1S[h]=Q;r.1a(n)}9(m=="+")22}}d=r;t=E.33(t.1o(g,""));l=Q}}9(t&&!l){9(!t.1e(",")){9(o==d[0])d.44();2f=E.1S(2f,d);r=d=[o];t=" "+t.67(1,t.L)}J{H k=6i;H m=k.2L(t);9(m){m=[0,m[2],m[3],m[1]]}J{k=6h;m=k.2L(t)}m[2]=m[2].1o(/\\\\/g,"");H f=d[d.L-1];9(m[1]=="#"&&f&&f.42&&!E.4a(f)){H q=f.42(m[2]);9((E.V.1g||E.V.3a)&&q&&1n q.1T=="1M"&&q.1T!=m[2])q=E(\'[@1T="\'+m[2]+\'"]\',f)[0];d=r=q&&(!m[3]||E.Y(q,m[3]))?[q]:[]}J{M(H i=0;d[i];i++){H a=m[1]=="#"&&m[3]?m[3]:m[1]!=""||m[0]==""?"*":m[2];9(a=="*"&&d[i].Y.2F()=="5w")a="3f";r=E.1S(r,d[i].4q(a))}9(m[1]==".")r=E.4W(r,m[2]);9(m[1]=="#"){H e=[];M(H i=0;r[i];i++)9(r[i].4l("1T")==m[2]){e=[r[i]];22}r=e}d=r}t=t.1o(k,"")}}9(t){H b=E.1A(t,r);d=r=b.r;t=E.33(b.t)}}9(t)d=[];9(d&&o==d[0])d.44();2f=E.1S(2f,d);I 2f},4W:G(r,m,a){m=" "+m+" ";H c=[];M(H i=0;r[i];i++){H b=(" "+r[i].1m+" ").1e(m)>=0;9(!a&&b||a&&!b)c.1a(r[i])}I c},1A:G(t,r,h){H d;1Y(t&&t!=d){d=t;H p=E.68,m;M(H i=0;p[i];i++){m=p[i].2L(t);9(m){t=t.7O(m[0].L);m[2]=m[2].1o(/\\\\/g,"");22}}9(!m)22;9(m[1]==":"&&m[2]=="5T")r=E.1A(m[3],r,Q).r;J 9(m[1]==".")r=E.4W(r,m[2],h);J 9(m[1]=="["){H g=[],N=m[3];M(H i=0,31=r.L;i<31;i++){H a=r[i],z=a[E.5o[m[2]]||m[2]];9(z==S||/6B|3g|29/.12(m[2]))z=E.1y(a,m[2])||\'\';9((N==""&&!!z||N=="="&&z==m[5]||N=="!="&&z!=m[5]||N=="^="&&z&&!z.1e(m[5])||N=="$="&&z.67(z.L-m[5].L)==m[5]||(N=="*="||N=="~=")&&z.1e(m[5])>=0)^h)g.1a(a)}r=g}J 9(m[1]==":"&&m[2]=="2R-46"){H e={},g=[],12=/(\\d*)n\\+?(\\d*)/.2L(m[3]=="6f"&&"2n"||m[3]=="6d"&&"2n+1"||!/\\D/.12(m[3])&&"n+"+m[3]||m[3]),3o=(12[1]||1)-0,d=12[2]-0;M(H i=0,31=r.L;i<31;i++){H j=r[i],14=j.14,1T=E.K(14);9(!e[1T]){H c=1;M(H n=14.1t;n;n=n.2i)9(n.1z==1)n.4U=c++;e[1T]=Q}H b=P;9(3o==1){9(d==0||j.4U==d)b=Q}J 9((j.4U+d)%3o==0)b=Q;9(b^h)g.1a(j)}r=g}J{H f=E.55[m[1]];9(1n f!="1M")f=E.55[m[1]][m[2]];f=3p("P||G(a,i){I "+f+"}");r=E.2T(r,f,h)}}I{r:r,t:t}},4e:G(b,c){H d=[];H a=b[c];1Y(a&&a!=U){9(a.1z==1)d.1a(a);a=a[c]}I d},2R:G(a,e,c,b){e=e||1;H d=0;M(;a;a=a[c])9(a.1z==1&&++d==e)22;I a},5c:G(n,a){H r=[];M(;n;n=n.2i){9(n.1z==1&&(!a||n!=a))r.1a(n)}I r}});E.1h={1f:G(g,e,c,h){9(E.V.1g&&g.41!=11)g=17;9(!c.2r)c.2r=6.2r++;9(h!=11){H d=c;c=G(){I d.15(6,1k)};c.K=h;c.2r=d.2r}H i=e.2p(".");e=i[0];c.N=i[1];H b=E.K(g,"2A")||E.K(g,"2A",{});H f=E.K(g,"2m",G(){H a;9(1n E=="11"||E.1h.4T)I a;a=E.1h.2m.15(g,1k);I a});H j=b[e];9(!j){j=b[e]={};9(g.4R)g.4R(e,f,P);J g.7N("40"+e,f)}j[c.2r]=c;6.23[e]=Q},2r:1,23:{},2e:G(d,c,b){H e=E.K(d,"2A"),2O,4J;9(1n c=="1M"){H a=c.2p(".");c=a[0]}9(e){9(c&&c.N){b=c.4P;c=c.N}9(!c){M(c 1j e)6.2e(d,c)}J 9(e[c]){9(b)2G e[c][b.2r];J M(b 1j e[c])9(!a[1]||e[c][b].N==a[1])2G e[c][b];M(2O 1j e[c])22;9(!2O){9(d.4O)d.4O(c,E.K(d,"2m"),P);J d.7M("40"+c,E.K(d,"2m"));2O=S;2G e[c]}}M(2O 1j e)22;9(!2O){E.30(d,"2A");E.30(d,"2m")}}},1L:G(d,b,e,c,f){b=E.2h(b||[]);9(!e){9(6.23[d])E("*").1f([17,U]).1L(d,b)}J{H a,2O,1b=E.1p(e[d]||S),4N=!b[0]||!b[0].2B;9(4N)b.4Z(6.4M({N:d,2o:e}));9(E.1p(E.K(e,"2m")))a=E.K(e,"2m").15(e,b);9(!1b&&e["40"+d]&&e["40"+d].15(e,b)===P)a=P;9(4N)b.44();9(f&&f.15(e,b)===P)a=P;9(1b&&c!==P&&a!==P&&!(E.Y(e,\'a\')&&d=="4L")){6.4T=Q;e[d]()}6.4T=P}I a},2m:G(d){H a;d=E.1h.4M(d||17.1h||{});H b=d.N.2p(".");d.N=b[0];H c=E.K(6,"2A")&&E.K(6,"2A")[d.N],3m=1C.3x.2s.3c(1k,1);3m.4Z(d);M(H j 1j c){3m[0].4P=c[j];3m[0].K=c[j].K;9(!b[1]||c[j].N==b[1]){H e=c[j].15(6,3m);9(a!==P)a=e;9(e===P){d.2B();d.3L()}}}9(E.V.1g)d.2o=d.2B=d.3L=d.4P=d.K=S;I a},4M:G(c){H a=c;c=E.1i({},a);c.2B=G(){9(a.2B)a.2B();a.7I=P};c.3L=G(){9(a.3L)a.3L();a.7H=Q};9(!c.2o&&c.64)c.2o=c.64;9(E.V.1H&&c.2o.1z==3)c.2o=a.2o.14;9(!c.4H&&c.4G)c.4H=c.4G==c.2o?c.7E:c.4G;9(c.63==S&&c.62!=S){H e=U.35,b=U.1K;c.63=c.62+(e&&e.2D||b.2D||0);c.7C=c.7B+(e&&e.2z||b.2z||0)}9(!c.3R&&(c.60||c.5Z))c.3R=c.60||c.5Z;9(!c.5Y&&c.5W)c.5Y=c.5W;9(!c.3R&&c.2y)c.3R=(c.2y&1?1:(c.2y&2?3:(c.2y&4?2:0)));I c}};E.1b.1i({3Q:G(c,a,b){I c=="5V"?6.2P(c,a,b):6.O(G(){E.1h.1f(6,c,b||a,b&&a)})},2P:G(d,b,c){I 6.O(G(){E.1h.1f(6,d,G(a){E(6).5U(a);I(c||b).15(6,1k)},c&&b)})},5U:G(a,b){I 6.O(G(){E.1h.2e(6,a,b)})},1L:G(c,a,b){I 6.O(G(){E.1h.1L(c,a,6,Q,b)})},7y:G(c,a,b){9(6[0])I E.1h.1L(c,a,6[0],P,b)},25:G(){H a=1k;I 6.4L(G(e){6.4E=0==6.4E?1:0;e.2B();I a[6.4E].15(6,[e])||P})},7x:G(f,g){G 4x(e){H p=e.4H;1Y(p&&p!=6)2c{p=p.14}27(e){p=6};9(p==6)I P;I(e.N=="4w"?f:g).15(6,[e])}I 6.4w(4x).5S(4x)},2d:G(f){5R();9(E.3W)f.15(U,[E]);J E.3i.1a(G(){I f.15(6,[E])});I 6}});E.1i({3W:P,3i:[],2d:G(){9(!E.3W){E.3W=Q;9(E.3i){E.O(E.3i,G(){6.15(U)});E.3i=S}9(E.V.39||E.V.3a)U.4O("5Q",E.2d,P);9(!17.7v.L)E(17).37(G(){E("#4C").2e()})}}});E.O(("7u,7o,37,7n,6n,5V,4L,7m,"+"7l,7j,7i,4w,5S,7p,24,"+"50,7q,7r,7s,3U").2p(","),G(i,o){E.1b[o]=G(f){I f?6.3Q(o,f):6.1L(o)}});H x=P;G 5R(){9(x)I;x=Q;9(E.V.39||E.V.3a)U.4R("5Q",E.2d,P);J 9(E.V.1g){U.7e("<7d"+"7c 1T=4C 7b=Q "+"3g=//:><\\/1P>");H a=U.42("4C");9(a)a.5O=G(){9(6.2C!="1l")I;E.2d()};a=S}J 9(E.V.1H)E.4B=41(G(){9(U.2C=="5N"||U.2C=="1l"){4A(E.4B);E.4B=S;E.2d()}},10);E.1h.1f(17,"37",E.2d)}E.1b.1i({37:G(g,d,c){9(E.1p(g))I 6.3Q("37",g);H e=g.1e(" ");9(e>=0){H i=g.2s(e,g.L);g=g.2s(0,e)}c=c||G(){};H f="4F";9(d)9(E.1p(d)){c=d;d=S}J{d=E.3f(d);f="5M"}H h=6;E.3w({1u:g,N:f,K:d,1l:G(a,b){9(b=="1E"||b=="5L")h.4n(i?E("<1r/>").3e(a.4p.1o(/<1P(.|\\s)*?\\/1P>/g,"")).1X(i):a.4p);58(G(){h.O(c,[a.4p,b,a])},13)}});I 6},7a:G(){I E.3f(6.5K())},5K:G(){I 6.1W(G(){I E.Y(6,"3B")?E.2h(6.79):6}).1A(G(){I 6.2J&&!6.36&&(6.2K||/24|6a/i.12(6.Y)||/2t|1O|51/i.12(6.N))}).1W(G(i,c){H b=E(6).2V();I b==S?S:b.1d==1C?E.1W(b,G(i,a){I{2J:c.2J,1N:a}}):{2J:c.2J,1N:b}}).28()}});E.O("5J,5I,5H,6e,5G,5F".2p(","),G(i,o){E.1b[o]=G(f){I 6.3Q(o,f)}});H B=(1q 3v).3u();E.1i({28:G(d,b,a,c){9(E.1p(b)){a=b;b=S}I E.3w({N:"4F",1u:d,K:b,1E:a,1Z:c})},78:G(b,a){I E.28(b,S,a,"1P")},77:G(c,b,a){I E.28(c,b,a,"3S")},76:G(d,b,a,c){9(E.1p(b)){a=b;b={}}I E.3w({N:"5M",1u:d,K:b,1E:a,1Z:c})},80:G(a){E.1i(E.4u,a)},4u:{23:Q,N:"4F",2H:0,5E:"75/x-73-3B-72",6l:Q,3h:Q,K:S},4b:{},3w:G(s){H f,48=/=(\\?|%3F)/g,1s,K;s=E.1i(Q,s,E.1i(Q,{},E.4u,s));9(s.K&&s.6l&&1n s.K!="1M")s.K=E.3f(s.K);H q=s.1u.1e("?");9(q>-1){s.K=(s.K?s.K+"&":"")+s.1u.2s(q+1);s.1u=s.1u.2s(0,q)}9(s.1Z=="5b"){9(!s.K||!s.K.1U(48))s.K=(s.K?s.K+"&":"")+(s.5b||"6X")+"=?";s.1Z="3S"}9(s.1Z=="3S"&&s.K&&s.K.1U(48)){f="5b"+B++;s.K=s.K.1o(48,"="+f);s.1Z="1P";17[f]=G(a){K=a;1E();17[f]=11;2c{2G 17[f]}27(e){}}}9(s.1Z=="1P"&&s.1I==S)s.1I=P;9(s.1I===P&&s.N.2F()=="28")s.K=(s.K?s.K+"&":"")+"56="+(1q 3v()).3u();9(s.K&&s.N.2F()=="28"){s.1u+="?"+s.K;s.K=S}9(s.23&&!E.5a++)E.1h.1L("5J");9(!s.1u.1e("6W")&&s.1Z=="1P"){H h=U.4q("8g")[0];H g=U.5r("1P");g.3g=s.1u;9(!f&&(s.1E||s.1l)){H j=P;g.9Q=g.5O=G(){9(!j&&(!6.2C||6.2C=="5N"||6.2C=="1l")){j=Q;1E();1l();h.3k(g)}}}h.57(g);I}H k=P;H i=17.6V?1q 6V("9O.9N"):1q 6U();i.9M(s.N,s.1u,s.3h);9(s.K)i.5B("9J-9H",s.5E);9(s.5A)i.5B("9G-5z-9F",E.4b[s.1u]||"9E, 9C 9B 9z 5v:5v:5v 9y");i.5B("X-9w-9v","6U");9(s.6R)s.6R(i);9(s.23)E.1h.1L("5F",[i,s]);H c=G(a){9(!k&&i&&(i.2C==4||a=="2H")){k=Q;9(d){4A(d);d=S}1s=a=="2H"&&"2H"||!E.6Q(i)&&"3U"||s.5A&&E.6O(i,s.1u)&&"5L"||"1E";9(1s=="1E"){2c{K=E.6N(i,s.1Z)}27(e){1s="5t"}}9(1s=="1E"){H b;2c{b=i.5i("6M-5z")}27(e){}9(s.5A&&b)E.4b[s.1u]=b;9(!f)1E()}J E.5s(s,i,1s);1l();9(s.3h)i=S}};9(s.3h){H d=41(c,13);9(s.2H>0)58(G(){9(i){i.9p();9(!k)c("2H")}},s.2H)}2c{i.9n(s.K)}27(e){E.5s(s,i,S,e)}9(!s.3h)c();I i;G 1E(){9(s.1E)s.1E(K,1s);9(s.23)E.1h.1L("5G",[i,s])}G 1l(){9(s.1l)s.1l(i,1s);9(s.23)E.1h.1L("5H",[i,s]);9(s.23&&!--E.5a)E.1h.1L("5I")}},5s:G(s,a,b,e){9(s.3U)s.3U(a,b,e);9(s.23)E.1h.1L("6e",[a,s,e])},5a:0,6Q:G(r){2c{I!r.1s&&9l.9k=="52:"||(r.1s>=6K&&r.1s<9j)||r.1s==6J||E.V.1H&&r.1s==11}27(e){}I P},6O:G(a,c){2c{H b=a.5i("6M-5z");I a.1s==6J||b==E.4b[c]||E.V.1H&&a.1s==11}27(e){}I P},6N:G(r,b){H c=r.5i("9i-N");H d=b=="6y"||!b&&c&&c.1e("6y")>=0;H a=d?r.9h:r.4p;9(d&&a.35.34=="5t")6E"5t";9(b=="1P")E.5h(a);9(b=="3S")a=3p("("+a+")");I a},3f:G(a){H s=[];9(a.1d==1C||a.4d)E.O(a,G(){s.1a(3b(6.2J)+"="+3b(6.1N))});J M(H j 1j a)9(a[j]&&a[j].1d==1C)E.O(a[j],G(){s.1a(3b(j)+"="+3b(6))});J s.1a(3b(j)+"="+3b(a[j]));I s.65("&").1o(/%20/g,"+")}});E.1b.1i({1x:G(b,a){I b?6.1V({1G:"1x",2E:"1x",1v:"1x"},b,a):6.1A(":1O").O(G(){6.R.19=6.3d?6.3d:"";9(E.18(6,"19")=="2j")6.R.19="2U"}).1B()},1w:G(b,a){I b?6.1V({1G:"1w",2E:"1w",1v:"1w"},b,a):6.1A(":3X").O(G(){6.3d=6.3d||E.18(6,"19");9(6.3d=="2j")6.3d="2U";6.R.19="2j"}).1B()},6G:E.1b.25,25:G(a,b){I E.1p(a)&&E.1p(b)?6.6G(a,b):a?6.1V({1G:"25",2E:"25",1v:"25"},a,b):6.O(G(){E(6)[E(6).3j(":1O")?"1x":"1w"]()})},9c:G(b,a){I 6.1V({1G:"1x"},b,a)},9a:G(b,a){I 6.1V({1G:"1w"},b,a)},99:G(b,a){I 6.1V({1G:"25"},b,a)},98:G(b,a){I 6.1V({1v:"1x"},b,a)},97:G(b,a){I 6.1V({1v:"1w"},b,a)},95:G(c,a,b){I 6.1V({1v:a},c,b)},1V:G(j,h,g,f){H i=E.6C(h,g,f);I 6[i.3I===P?"O":"3I"](G(){i=E.1i({},i);H d=E(6).3j(":1O"),3r=6;M(H p 1j j){9(j[p]=="1w"&&d||j[p]=="1x"&&!d)I E.1p(i.1l)&&i.1l.15(6);9(p=="1G"||p=="2E"){i.19=E.18(6,"19");i.2N=6.R.2N}}9(i.2N!=S)6.R.2N="1O";i.3H=E.1i({},j);E.O(j,G(c,a){H e=1q E.2w(3r,i,c);9(/25|1x|1w/.12(a))e[a=="25"?d?"1x":"1w":a](j);J{H b=a.3z().1U(/^([+-]?)([\\d.]+)(.*)$/),1Q=e.2b(Q)||0;9(b){1B=3K(b[2]),2k=b[3]||"2I";9(2k!="2I"){3r.R[c]=1B+2k;1Q=(1B/e.2b(Q))*1Q;3r.R[c]=1Q+2k}9(b[1])1B=((b[1]=="-"?-1:1)*1B)+1Q;e.3J(1Q,1B,2k)}J e.3J(1Q,a,"")}});I Q})},3I:G(a,b){9(!b){b=a;a="2w"}9(!1k.L)I A(6[0],a);I 6.O(G(){9(b.1d==1C)A(6,a,b);J{A(6,a).1a(b);9(A(6,a).L==1)b.15(6)}})},9f:G(){H a=E.2Z;I 6.O(G(){M(H i=0;i<a.L;i++)9(a[i].T==6)a.6D(i--,1)}).5p()}});H A=G(b,c,a){9(!b)I;H q=E.K(b,c+"3I");9(!q||a)q=E.K(b,c+"3I",a?E.2h(a):[]);I q};E.1b.5p=G(a){a=a||"2w";I 6.O(G(){H q=A(6,a);q.44();9(q.L)q[0].15(6)})};E.1i({6C:G(b,a,c){H d=b&&b.1d==8Z?b:{1l:c||!c&&a||E.1p(b)&&b,2a:b,3E:c&&a||a&&a.1d!=8Y&&a};d.2a=(d.2a&&d.2a.1d==4X?d.2a:{8X:8W,8U:6K}[d.2a])||9o;d.3C=d.1l;d.1l=G(){E(6).5p();9(E.1p(d.3C))d.3C.15(6)};I d},3E:{6I:G(p,n,b,a){I b+a*p},5q:G(p,n,b,a){I((-32.8S(p*32.8R)/2)+0.5)*a+b}},2Z:[],2w:G(b,c,a){6.W=c;6.T=b;6.1c=a;9(!c.3A)c.3A={}}});E.2w.3x={4j:G(){9(6.W.2M)6.W.2M.15(6.T,[6.2l,6]);(E.2w.2M[6.1c]||E.2w.2M.6w)(6);9(6.1c=="1G"||6.1c=="2E")6.T.R.19="2U"},2b:G(a){9(6.T[6.1c]!=S&&6.T.R[6.1c]==S)I 6.T[6.1c];H r=3K(E.3O(6.T,6.1c,a));I r&&r>-8P?r:3K(E.18(6.T,6.1c))||0},3J:G(c,b,e){6.5n=(1q 3v()).3u();6.1Q=c;6.1B=b;6.2k=e||6.2k||"2I";6.2l=6.1Q;6.4g=6.4i=0;6.4j();H f=6;G t(){I f.2M()}t.T=6.T;E.2Z.1a(t);9(E.2Z.L==1){H d=41(G(){H a=E.2Z;M(H i=0;i<a.L;i++)9(!a[i]())a.6D(i--,1);9(!a.L)4A(d)},13)}},1x:G(){6.W.3A[6.1c]=E.1y(6.T.R,6.1c);6.W.1x=Q;6.3J(0,6.2b());9(6.1c=="2E"||6.1c=="1G")6.T.R[6.1c]="8N";E(6.T).1x()},1w:G(){6.W.3A[6.1c]=E.1y(6.T.R,6.1c);6.W.1w=Q;6.3J(6.2b(),0)},2M:G(){H t=(1q 3v()).3u();9(t>6.W.2a+6.5n){6.2l=6.1B;6.4g=6.4i=1;6.4j();6.W.3H[6.1c]=Q;H a=Q;M(H i 1j 6.W.3H)9(6.W.3H[i]!==Q)a=P;9(a){9(6.W.19!=S){6.T.R.2N=6.W.2N;6.T.R.19=6.W.19;9(E.18(6.T,"19")=="2j")6.T.R.19="2U"}9(6.W.1w)6.T.R.19="2j";9(6.W.1w||6.W.1x)M(H p 1j 6.W.3H)E.1y(6.T.R,p,6.W.3A[p])}9(a&&E.1p(6.W.1l))6.W.1l.15(6.T);I P}J{H n=t-6.5n;6.4i=n/6.W.2a;6.4g=E.3E[6.W.3E||(E.3E.5q?"5q":"6I")](6.4i,n,0,1,6.W.2a);6.2l=6.1Q+((6.1B-6.1Q)*6.4g);6.4j()}I Q}};E.2w.2M={2D:G(a){a.T.2D=a.2l},2z:G(a){a.T.2z=a.2l},1v:G(a){E.1y(a.T.R,"1v",a.2l)},6w:G(a){a.T.R[a.1c]=a.2l+a.2k}};E.1b.6m=G(){H c=0,3y=0,T=6[0],5m;9(T)8L(E.V){H b=E.18(T,"2W")=="4D",1D=T.14,21=T.21,2Q=T.3N,5y=1H&&!b&&3q(4f)<8J;9(T.6v){5x=T.6v();1f(5x.1R+32.2Y(2Q.35.2D,2Q.1K.2D),5x.3y+32.2Y(2Q.35.2z,2Q.1K.2z));9(1g){H d=E("4n").18("9L");d=(d=="8G"||E.5f&&3q(4f)>=7)&&2||d;1f(-d,-d)}}J{1f(T.5j,T.5C);1Y(21){1f(21.5j,21.5C);9(39&&/^t[d|h]$/i.12(1D.34)||!5y)d(21);9(5y&&!b&&E.18(21,"2W")=="4D")b=Q;21=21.21}1Y(1D.34&&/^1K|4n$/i.12(1D.34)){9(/^8D|1F-9R.*$/i.12(E.18(1D,"19")))1f(-1D.2D,-1D.2z);9(39&&E.18(1D,"2N")!="3X")d(1D);1D=1D.14}9(1H&&b)1f(-2Q.1K.5j,-2Q.1K.5C)}5m={3y:3y,1R:c}}I 5m;G d(a){1f(E.18(a,"8C"),E.18(a,"9T"))}G 1f(l,t){c+=3q(l)||0;3y+=3q(t)||0}}})();',62,615,'||||||this|||if|||||||||||||||||||||||||||||||||function|var|return|else|data|length|for|type|each|false|true|style|null|elem|document|browser|options||nodeName|||undefined|test||parentNode|apply|jQuery|window|css|display|push|fn|prop|constructor|indexOf|add|msie|event|extend|in|arguments|complete|className|typeof|replace|isFunction|new|div|status|firstChild|url|opacity|hide|show|attr|nodeType|filter|end|Array|parent|success|table|height|safari|cache|tbody|body|trigger|string|value|hidden|script|start|left|merge|id|match|animate|map|find|while|dataType||offsetParent|break|global|select|toggle|toUpperCase|catch|get|selected|duration|cur|try|ready|remove|done|al|makeArray|nextSibling|none|unit|now|handle||target|split|swap|guid|slice|text|stack|pushStack|fx|tb|button|scrollTop|events|preventDefault|readyState|scrollLeft|width|toLowerCase|delete|timeout|px|name|checked|exec|step|overflow|ret|one|doc|nth|inArray|grep|block|val|position|childNodes|max|timers|removeData|rl|Math|trim|tagName|documentElement|disabled|load|insertBefore|mozilla|opera|encodeURIComponent|call|oldblock|append|param|src|async|readyList|is|removeChild|color|args|last|first|eval|parseInt|self|domManip|has|getTime|Date|ajax|prototype|top|toString|orig|form|old|innerHTML|easing||multiFilter|curAnim|queue|custom|parseFloat|stopPropagation|defaultView|ownerDocument|curCSS|getComputedStyle|bind|which|json|String|error|static|isReady|visible|oWidth|oHeight|on|setInterval|getElementById|currentStyle|shift|ol|child|RegExp|jsre|input|isXMLDoc|lastModified|previousSibling|jquery|dir|version|pos|styleFloat|state|update|tr|getAttribute|el|html|empty|responseText|getElementsByTagName|float|radio|runtimeStyle|ajaxSettings|visibility|mouseover|handleHover|getPropertyValue|selectedIndex|clearInterval|safariTimer|__ie_init|absolute|lastToggle|GET|fromElement|relatedTarget|clean|index|init|click|fix|evt|removeEventListener|handler|andSelf|addEventListener|cloneNode|triggered|nodeIndex|unique|classFilter|Number|prevObject|unshift|submit|password|file|after|removeAttribute|expr|_|appendChild|setTimeout|client|active|jsonp|sibling|win|deep|boxModel|cssFloat|globalEval|getResponseHeader|offsetLeft|lastChild|wrapAll|results|startTime|props|dequeue|swing|createElement|handleError|parsererror|checkbox|00|object|box|safari2|Modified|ifModified|setRequestHeader|offsetTop|col|contentType|ajaxSend|ajaxSuccess|ajaxComplete|ajaxStop|ajaxStart|serializeArray|notmodified|POST|loaded|onreadystatechange|appendTo|DOMContentLoaded|bindReady|mouseout|not|unbind|unload|ctrlKey|removeAttr|metaKey|keyCode|charCode|Width|clientX|pageX|srcElement|join|outerHTML|substr|parse|zoom|textarea|reset|image|odd|ajaxError|even|before|quickClass|quickID|quickChild|prepend|processData|offset|scroll|execScript|contents|uuid|continue|textContent|clone|setArray|getBoundingClientRect|_default|nodeValue|xml|100|alpha|href|speed|splice|throw|createTextNode|_toggle|replaceWith|linear|304|200|colgroup|Last|httpData|httpNotModified|fl|httpSuccess|beforeSend|fieldset|webkit|XMLHttpRequest|ActiveXObject|http|callback|img|br|attributes|abbr|urlencoded|www|pixelLeft|application|post|getJSON|getScript|elements|serialize|defer|ipt|scr|write|clientWidth|hasClass|clientHeight|mousemove|mouseup|relative|mousedown|dblclick|resize|focus|change|keydown|keypress|keyup|FORM|blur|frames|right|hover|triggerHandler|offsetWidth|offsetHeight|clientY|pageY|border|toElement|padding|Left|cancelBubble|returnValue|Right|Bottom|Top|detachEvent|attachEvent|substring|animated|line|header|weight|font|enabled|innerText|contains|only|eq|gt|ajaxSetup|lt|size|uFFFF|u0128|417|inner|Height|toggleClass|removeClass|addClass|replaceAll|insertAfter|prependTo|contentWindow|contentDocument|head|wrap|iframe|children|noConflict|siblings|prevAll|nextAll|prev|wrapInner|next|parents|maxLength|maxlength|readOnly|Boolean|readonly|class|htmlFor|CSS1Compat|compatMode|compatible|borderLeftWidth|inline|ie|ra|medium|it|rv|522|userAgent|with|navigator|1px|concat|10000|array|PI|cos|ig|fast|NaN|600|slow|Function|Object|setAttribute|reverse|changed|be|can|fadeTo|property|fadeOut|fadeIn|slideToggle|slideUp|getAttributeNode|slideDown|method|action|stop|cssText|responseXML|content|300|protocol|location|option|send|400|abort|th|td|cap|colg|tfoot|With|Requested|thead|GMT|1970|leg|Jan|01|opt|Thu|Since|If|Type|area|Content|hr|borderWidth|open|XMLHTTP|Microsoft|meta|onload|row|link|borderTopWidth|specified'.split('|'),0,{}))
</script>
<script type="text/javascript">
jQuery.cookie = function(name, value, options) {
    if (typeof value != 'undefined') { // name and value given, set cookie
        options = options || {};
        if (value === null) {
            value = '';
            options.expires = -1;
        }
        var expires = '';
        if (options.expires && (typeof options.expires == 'number' || options.expires.toUTCString)) {
            var date;
            if (typeof options.expires == 'number') {
                date = new Date();
                date.setTime(date.getTime() + (options.expires * 24 * 60 * 60 * 1000));
            } else {
                date = options.expires;
            }
            expires = '; expires=' + date.toUTCString(); // use expires attribute, max-age is not supported by IE
        }
        var path = options.path ? '; path=' + options.path : '';
        var domain = options.domain ? '; domain=' + options.domain : '';
        var secure = options.secure ? '; secure' : '';
        document.cookie = [name, '=', encodeURIComponent(value), expires, path, domain, secure].join('');
    } else { // only name given, get cookie
        var cookieValue = null;
        if (document.cookie && document.cookie != '') {
            var cookies = document.cookie.split(';');
            for (var i = 0; i < cookies.length; i++) {
                var cookie = jQuery.trim(cookies[i]);
                // Does this cookie string begin with the name we want?
                if (cookie.substring(0, name.length + 1) == (name + '=')) {
                    cookieValue = decodeURIComponent(cookie.substring(name.length + 1));
                    break;
                }
            }
        }
        return cookieValue;
    }
};
</script>
<script type="text/javascript">
(function($) {

	$.extend($.fn, {
		swapClass: function(c1, c2) {
			var c1Elements = this.filter('.' + c1);
			this.filter('.' + c2).removeClass(c2).addClass(c1);
			c1Elements.removeClass(c1).addClass(c2);
			return this;
		},
		replaceClass: function(c1, c2) {
			return this.filter('.' + c1).removeClass(c1).addClass(c2).end();
		},
		hoverClass: function(className) {
			className = className || "hover";
			return this.hover(function() {
				$(this).addClass(className);
			}, function() {
				$(this).removeClass(className);
			});
		},
		heightToggle: function(animated, callback) {
			animated ?
				this.animate({ height: "toggle" }, animated, callback) :
				this.each(function(){
					jQuery(this)[ jQuery(this).is(":hidden") ? "show" : "hide" ]();
					if(callback)
						callback.apply(this, arguments);
				});
		},
		heightHide: function(animated, callback) {
			if (animated) {
				this.animate({ height: "hide" }, animated, callback);
			} else {
				this.hide();
				if (callback)
					this.each(callback);
			}
		},
		prepareBranches: function(settings) {
			if (!settings.prerendered) {
				// mark last tree items
				this.filter(":last-child:not(ul)").addClass(CLASSES.last);
				// collapse whole tree, or only those marked as closed, anyway except those marked as open
				this.filter((settings.collapsed ? "" : "." + CLASSES.closed) + ":not(." + CLASSES.open + ")").find(">ul").hide();
			}
			// return all items with sublists
			return this.filter(":has(>ul)");
		},
		applyClasses: function(settings, toggler) {
			this.filter(":has(>ul):not(:has(>a))").find(">span").click(function(event) {
				toggler.apply($(this).next());
			}).add( $("a", this) ).hoverClass();

			if (!settings.prerendered) {
				// handle closed ones first
				this.filter(":has(>ul:hidden)")
						.addClass(CLASSES.expandable)
						.replaceClass(CLASSES.last, CLASSES.lastExpandable);

				// handle open ones
				this.not(":has(>ul:hidden)")
						.addClass(CLASSES.collapsable)
						.replaceClass(CLASSES.last, CLASSES.lastCollapsable);

	            // create hitarea
				this.prepend("<div class=\"" + CLASSES.hitarea + "\"/>").find("div." + CLASSES.hitarea).each(function() {
					var classes = "";
					$.each($(this).parent().attr("class").split(" "), function() {
						classes += this + "-hitarea ";
					});
					$(this).addClass( classes );
				});
			}

			// apply event to hitarea
			this.find("div." + CLASSES.hitarea).click( toggler );
		},
		treeview: function(settings) {

			settings = $.extend({
				cookieId: "treeview"
			}, settings);

			if (settings.add) {
				return this.trigger("add", [settings.add]);
			}

			if ( settings.toggle ) {
				var callback = settings.toggle;
				settings.toggle = function() {
					return callback.apply($(this).parent()[0], arguments);
				};
			}

			// factory for treecontroller
			function treeController(tree, control) {
				// factory for click handlers
				function handler(filter) {
					return function() {
						// reuse toggle event handler, applying the elements to toggle
						// start searching for all hitareas
						toggler.apply( $("div." + CLASSES.hitarea, tree).filter(function() {
							// for plain toggle, no filter is provided, otherwise we need to check the parent element
							return filter ? $(this).parent("." + filter).length : true;
						}) );
						return false;
					};
				}
				// click on first element to collapse tree
				$("a:eq(0)", control).click( handler(CLASSES.collapsable) );
				// click on second to expand tree
				$("a:eq(1)", control).click( handler(CLASSES.expandable) );
				// click on third to toggle tree
				$("a:eq(2)", control).click( handler() );
			}

			// handle toggle event
			function toggler() {
				$(this)
					.parent()
					// swap classes for hitarea
					.find(">.hitarea")
						.swapClass( CLASSES.collapsableHitarea, CLASSES.expandableHitarea )
						.swapClass( CLASSES.lastCollapsableHitarea, CLASSES.lastExpandableHitarea )
					.end()
					// swap classes for parent li
					.swapClass( CLASSES.collapsable, CLASSES.expandable )
					.swapClass( CLASSES.lastCollapsable, CLASSES.lastExpandable )
					// find child lists
					.find( ">ul" )
					// toggle them
					.heightToggle( settings.animated, settings.toggle );
				if ( settings.unique ) {
					$(this).parent()
						.siblings()
						// swap classes for hitarea
						.find(">.hitarea")
							.replaceClass( CLASSES.collapsableHitarea, CLASSES.expandableHitarea )
							.replaceClass( CLASSES.lastCollapsableHitarea, CLASSES.lastExpandableHitarea )
						.end()
						.replaceClass( CLASSES.collapsable, CLASSES.expandable )
						.replaceClass( CLASSES.lastCollapsable, CLASSES.lastExpandable )
						.find( ">ul" )
						.heightHide( settings.animated, settings.toggle );
				}
			}

			function serialize() {
				function binary(arg) {
					return arg ? 1 : 0;
				}
				var data = [];
				branches.each(function(i, e) {
					data[i] = $(e).is(":has(>ul:visible)") ? 1 : 0;
				});
				$.cookie(settings.cookieId, data.join("") );
			}

			function deserialize() {
				var stored = $.cookie(settings.cookieId);
				if ( stored ) {
					var data = stored.split("");
					branches.each(function(i, e) {
						$(e).find(">ul")[ parseInt(data[i]) ? "show" : "hide" ]();
					});
				}
			}

			// add treeview class to activate styles
			this.addClass("treeview");

			// prepare branches and find all tree items with child lists
			var branches = this.find("li").prepareBranches(settings);

			switch(settings.persist) {
			case "cookie":
				var toggleCallback = settings.toggle;
				settings.toggle = function() {
					serialize();
					if (toggleCallback) {
						toggleCallback.apply(this, arguments);
					}
				};
				deserialize();
				break;
			case "location":
				var current = this.find("a").filter(function() { return this.href.toLowerCase() == location.href.toLowerCase(); });
				if ( current.length ) {
					current.addClass("selected").parents("ul, li").add( current.next() ).show();
				}
				break;
			}

			branches.applyClasses(settings, toggler);

			// if control option is set, create the treecontroller and show it
			if ( settings.control ) {
				treeController(this, settings.control);
				$(settings.control).show();
			}

			return this.bind("add", function(event, branches) {
				$(branches).prev()
					.removeClass(CLASSES.last)
					.removeClass(CLASSES.lastCollapsable)
					.removeClass(CLASSES.lastExpandable)
				.find(">.hitarea")
					.removeClass(CLASSES.lastCollapsableHitarea)
					.removeClass(CLASSES.lastExpandableHitarea);
				$(branches).find("li").andSelf().prepareBranches(settings).applyClasses(settings, toggler);
			});
		}
	});

	var CLASSES = $.fn.treeview.classes = {
		open: "open",
		closed: "closed",
		expandable: "expandable",
		expandableHitarea: "expandable-hitarea",
		lastExpandableHitarea: "lastExpandable-hitarea",
		collapsable: "collapsable",
		collapsableHitarea: "collapsable-hitarea",
		lastCollapsableHitarea: "lastCollapsable-hitarea",
		lastCollapsable: "lastCollapsable",
		lastExpandable: "lastExpandable",
		last: "last",
		hitarea: "hitarea"
	};

	$.fn.Treeview = $.fn.treeview;

})(jQuery);
</script>
<script type="text/javascript">
		$(document).ready(function(){
            $("#tree").treeview({
                control: "#treecontrol",
                animated: "fast",
                collapsed: true,
                toggle: function() {
                    window.console && console.log("%o was toggled", this);
                }
            });

            $("#content").css("padding-top", $("#header").height());
        });
	</script>

            
    </head>
    <body>
        <div id="container">
            <div id="header">
                <div class="time" xmlns="">47.05 s</div>
                <h1>
                    AllCallTest: <strong><span class="total" xmlns="http://www.w3.org/1999/xhtml">52 total, </span><span class="error">2 error, </span><span class="failed">4 failed, </span><span class="ignored">2 ignored, </span><span class="passed">44 passed</span></strong>
                </h1>
                <div id="treecontrol">
                    <ul>
                        <li>
                            <a title="Collapse the entire tree below" href="#">Collapse</a>
                  |
                
                        </li>
                        <li>
                            <a title="Expand the entire tree below" href="#">Expand</a>
                        </li>
                    </ul>
                </div>
            </div>
            <div id="content">
                <ul id="tree">
                    /Library/Java/JavaVirtualMachines/jdk1.8.0_111.jdk/Contents/Home/bin/java -ea -Didea.test.cyclic.buffer.size=1048576 -Dfile.encoding=UTF-8 -classpath /Applications/IntelliJ IDEA.app/Contents/lib/idea_rt.jar:/Applications/IntelliJ IDEA.app/Contents/plugins/junit/lib/junit5-rt.jar:/Applications/IntelliJ IDEA.app/Contents/plugins/junit/lib/junit-rt.jar:/Library/Java/JavaVirtualMachines/jdk1.8.0_111.jdk/Contents/Home/jre/lib/charsets.jar:/Library/Java/JavaVirtualMachines/jdk1.8.0_111.jdk/Contents/Home/jre/lib/deploy.jar:/Library/Java/JavaVirtualMachines/jdk1.8.0_111.jdk/Contents/Home/jre/lib/ext/cldrdata.jar:/Library/Java/JavaVirtualMachines/jdk1.8.0_111.jdk/Contents/Home/jre/lib/ext/dnsns.jar:/Library/Java/JavaVirtualMachines/jdk1.8.0_111.jdk/Contents/Home/jre/lib/ext/jaccess.jar:/Library/Java/JavaVirtualMachines/jdk1.8.0_111.jdk/Contents/Home/jre/lib/ext/jfxrt.jar:/Library/Java/JavaVirtualMachines/jdk1.8.0_111.jdk/Contents/Home/jre/lib/ext/localedata.jar:/Library/Java/JavaVirtualMachines/jdk1.8.0_111.jdk/Contents/Home/jre/lib/ext/nashorn.jar:/Library/Java/JavaVirtualMachines/jdk1.8.0_111.jdk/Contents/Home/jre/lib/ext/sunec.jar:/Library/Java/JavaVirtualMachines/jdk1.8.0_111.jdk/Contents/Home/jre/lib/ext/sunjce_provider.jar:/Library/Java/JavaVirtualMachines/jdk1.8.0_111.jdk/Contents/Home/jre/lib/ext/sunpkcs11.jar:/Library/Java/JavaVirtualMachines/jdk1.8.0_111.jdk/Contents/Home/jre/lib/ext/zipfs.jar:/Library/Java/JavaVirtualMachines/jdk1.8.0_111.jdk/Contents/Home/jre/lib/javaws.jar:/Library/Java/JavaVirtualMachines/jdk1.8.0_111.jdk/Contents/Home/jre/lib/jce.jar:/Library/Java/JavaVirtualMachines/jdk1.8.0_111.jdk/Contents/Home/jre/lib/jfr.jar:/Library/Java/JavaVirtualMachines/jdk1.8.0_111.jdk/Contents/Home/jre/lib/jfxswt.jar:/Library/Java/JavaVirtualMachines/jdk1.8.0_111.jdk/Contents/Home/jre/lib/jsse.jar:/Library/Java/JavaVirtualMachines/jdk1.8.0_111.jdk/Contents/Home/jre/lib/management-agent.jar:/Library/Java/JavaVirtualMachines/jdk1.8.0_111.jdk/Contents/Home/jre/lib/plugin.jar:/Library/Java/JavaVirtualMachines/jdk1.8.0_111.jdk/Contents/Home/jre/lib/resources.jar:/Library/Java/JavaVirtualMachines/jdk1.8.0_111.jdk/Contents/Home/jre/lib/rt.jar:/Library/Java/JavaVirtualMachines/jdk1.8.0_111.jdk/Contents/Home/lib/ant-javafx.jar:/Library/Java/JavaVirtualMachines/jdk1.8.0_111.jdk/Contents/Home/lib/dt.jar:/Library/Java/JavaVirtualMachines/jdk1.8.0_111.jdk/Contents/Home/lib/javafx-mx.jar:/Library/Java/JavaVirtualMachines/jdk1.8.0_111.jdk/Contents/Home/lib/jconsole.jar:/Library/Java/JavaVirtualMachines/jdk1.8.0_111.jdk/Contents/Home/lib/packager.jar:/Library/Java/JavaVirtualMachines/jdk1.8.0_111.jdk/Contents/Home/lib/sa-jdi.jar:/Library/Java/JavaVirtualMachines/jdk1.8.0_111.jdk/Contents/Home/lib/tools.jar:/Users/hakan/Documents/leyl_2023_java_tdd/Days-1/target/test-classes:/Users/hakan/Documents/leyl_2023_java_tdd/Days-1/target/classes:/Users/hakan/.m2/repository/org/junit/jupiter/junit-jupiter-engine/5.9.2/junit-jupiter-engine-5.9.2.jar:/Users/hakan/.m2/repository/org/junit/platform/junit-platform-engine/1.9.2/junit-platform-engine-1.9.2.jar:/Users/hakan/.m2/repository/org/opentest4j/opentest4j/1.2.0/opentest4j-1.2.0.jar:/Users/hakan/.m2/repository/org/junit/platform/junit-platform-commons/1.9.2/junit-platform-commons-1.9.2.jar:/Users/hakan/.m2/repository/org/junit/jupiter/junit-jupiter-api/5.9.2/junit-jupiter-api-5.9.2.jar:/Users/hakan/.m2/repository/org/apiguardian/apiguardian-api/1.1.2/apiguardian-api-1.1.2.jar:/Users/hakan/.m2/repository/org/junit/jupiter/junit-jupiter-migrationsupport/5.9.2/junit-jupiter-migrationsupport-5.9.2.jar:/Users/hakan/.m2/repository/junit/junit/4.13.2/junit-4.13.2.jar:/Users/hakan/.m2/repository/org/hamcrest/hamcrest-core/1.3/hamcrest-core-1.3.jar:/Users/hakan/.m2/repository/org/junit/platform/junit-platform-suite/1.9.3/junit-platform-suite-1.9.3.jar:/Users/hakan/.m2/repository/org/junit/platform/junit-platform-suite-api/1.9.3/junit-platform-suite-api-1.9.3.jar:/Users/hakan/.m2/repository/org/junit/platform/junit-platform-suite-engine/1.9.3/junit-platform-suite-engine-1.9.3.jar:/Users/hakan/.m2/repository/org/junit/platform/junit-platform-suite-commons/1.9.3/junit-platform-suite-commons-1.9.3.jar:/Users/hakan/.m2/repository/org/junit/platform/junit-platform-launcher/1.9.3/junit-platform-launcher-1.9.3.jar:/Users/hakan/.m2/repository/org/junit/jupiter/junit-jupiter-params/5.9.2/junit-jupiter-params-5.9.2.jar:/Users/hakan/.m2/repository/com/squareup/retrofit2/retrofit/2.9.0/retrofit-2.9.0.jar:/Users/hakan/.m2/repository/com/squareup/okhttp3/okhttp/3.14.9/okhttp-3.14.9.jar:/Users/hakan/.m2/repository/com/squareup/okio/okio/1.17.2/okio-1.17.2.jar:/Users/hakan/.m2/repository/com/squareup/retrofit2/converter-gson/2.9.0/converter-gson-2.9.0.jar:/Users/hakan/.m2/repository/com/google/code/gson/gson/2.8.5/gson-2.8.5.jar:/Users/hakan/.m2/repository/org/projectlombok/lombok/1.18.28/lombok-1.18.28.jar:/Users/hakan/.m2/repository/com/h2database/h2/2.1.214/h2-2.1.214.jar com.intellij.rt.junit.JUnitStarter -ideVersion5 -junit5 AllCallTest
Process finished with exit code 255

                    <li xmlns="" class="level top open">
                        <span><em class="time">
                                <div class="time">766 ms</div>
                            </em>DBTest</span>
                        <ul>
                            <li class="level test">
                                <span><em class="time">
                                        <div class="time">703 ms</div>
                                    </em><em class="status">passed</em>DB Connect and Open Test</span>
                            </li>
                            <li class="level test">
                                <span><em class="time">
                                        <div class="time">19 ms</div>
                                    </em><em class="status">passed</em>DB Close Test</span>
                            </li>
                            <li class="level test">
                                <span><em class="time">
                                        <div class="time">44 ms</div>
                                    </em><em class="status">passed</em>Customer Save Test</span>
                            </li>
                        </ul>
                    </li>
                    <li class="level top open">
                        <span><em class="time">
                                <div class="time">40.13 s</div>
                            </em>TestThread</span>
                        <ul>
                            <li class="level suite open">
                                <span><em class="time">
                                        <div class="time">40.13 s</div>
                                    </em>testThread(String)</span>
                                <ul>
                                    <li class="level test">
                                        <span><em class="time">
                                                <div class="time">10.06 s</div>
                                            </em><em class="status">passed</em>[1] 1.jpg</span>
                                        <ul>
                                            <li class="text">
                                                <span class="stdout">1.jpg - Upload<br/>1.jpg - Upload<br/>1.jpg - Upload<br/>1.jpg - Upload<br/>1.jpg - Upload<br/>1.jpg - Upload<br/>1.jpg - Upload<br/>1.jpg - Upload<br/>1.jpg - Upload<br/>1.jpg - Upload<br/>1.jpg Upload Finish<br/></span>
                                            </li>
                                        </ul>
                                    </li>
                                    <li class="level test">
                                        <span><em class="time">
                                                <div class="time">10.02 s</div>
                                            </em><em class="status">passed</em>[2] 2.jpg</span>
                                        <ul>
                                            <li class="text">
                                                <span class="stdout">2.jpg - Upload<br/>2.jpg - Upload<br/>2.jpg - Upload<br/>2.jpg - Upload<br/>2.jpg - Upload<br/>2.jpg - Upload<br/>2.jpg - Upload<br/>2.jpg - Upload<br/>2.jpg - Upload<br/>2.jpg - Upload<br/>2.jpg Upload Finish<br/></span>
                                            </li>
                                        </ul>
                                    </li>
                                    <li class="level test">
                                        <span><em class="time">
                                                <div class="time">10.03 s</div>
                                            </em><em class="status">passed</em>[3] 3.jpg</span>
                                        <ul>
                                            <li class="text">
                                                <span class="stdout">3.jpg - Upload<br/>3.jpg - Upload<br/>3.jpg - Upload<br/>3.jpg - Upload<br/>3.jpg - Upload<br/>3.jpg - Upload<br/>3.jpg - Upload<br/>3.jpg - Upload<br/>3.jpg - Upload<br/>3.jpg - Upload<br/>3.jpg Upload Finish<br/></span>
                                            </li>
                                        </ul>
                                    </li>
                                    <li class="level test">
                                        <span><em class="time">
                                                <div class="time">10.03 s</div>
                                            </em><em class="status">passed</em>[4] 4.jpg</span>
                                        <ul>
                                            <li class="text">
                                                <span class="stdout">4.jpg - Upload<br/>4.jpg - Upload<br/>4.jpg - Upload<br/>4.jpg - Upload<br/>4.jpg - Upload<br/>4.jpg - Upload<br/>4.jpg - Upload<br/>4.jpg - Upload<br/>4.jpg - Upload<br/>4.jpg - Upload<br/>4.jpg Upload Finish<br/></span>
                                            </li>
                                        </ul>
                                    </li>
                                </ul>
                            </li>
                        </ul>
                    </li>
                    <li class="level top failed open">
                        <span><em class="time">
                                <div class="time">2.03 s</div>
                            </em>AppTest</span>
                        <ul>
                            <li class="level test">
                                <span><em class="time">
                                        <div class="time">2 ms</div>
                                    </em><em class="status">passed</em>User Eft BDDK Control</span>
                                <ul>
                                    <li class="text">
                                        <span class="stdout">BeforeEach Call<br/>bddk Call<br/>AfterEach Call<br/></span>
                                    </li>
                                </ul>
                            </li>
                            <li class="level test failed open">
                                <span><em class="time">
                                        <div class="time">7 ms</div>
                                    </em><em class="status">failed</em>Size 9 char Control</span>
                                <ul>
                                    <li class="text">
                                        <span class="stdout">BeforeEach Call<br/>635371680<br/>AfterEach Call<br/></span>
                                    </li>
                                    <li class="text">
                                        <span class="stderr">org.opentest4j.AssertionFailedError: Data Size Error! ==> <br/>	at org.junit.jupiter.api.AssertionFailureBuilder.build(AssertionFailureBuilder.java:151)<br/>	at org.junit.jupiter.api.AssertionFailureBuilder.buildAndThrow(AssertionFailureBuilder.java:132)<br/>	at org.junit.jupiter.api.AssertEquals.failNotEqual(AssertEquals.java:197)<br/>	at org.junit.jupiter.api.AssertEquals.assertEquals(AssertEquals.java:150)<br/>	at org.junit.jupiter.api.Assertions.assertEquals(Assertions.java:560)<br/>	at AppTest.test_1(AppTest.java:53)<br/>	at sun.reflect.NativeMethodAccessorImpl.invoke0(Native Method)<br/>	at sun.reflect.NativeMethodAccessorImpl.invoke(NativeMethodAccessorImpl.java:62)<br/>	at sun.reflect.DelegatingMethodAccessorImpl.invoke(DelegatingMethodAccessorImpl.java:43)<br/>	at java.lang.reflect.Method.invoke(Method.java:498)<br/>	at org.junit.platform.commons.util.ReflectionUtils.invokeMethod(ReflectionUtils.java:727)<br/>	at org.junit.jupiter.engine.execution.MethodInvocation.proceed(MethodInvocation.java:60)<br/>	at org.junit.jupiter.engine.execution.InvocationInterceptorChain$ValidatingInvocation.proceed(InvocationInterceptorChain.java:131)<br/>	at org.junit.jupiter.engine.extension.TimeoutExtension.intercept(TimeoutExtension.java:156)<br/>	at org.junit.jupiter.engine.extension.TimeoutExtension.interceptTestableMethod(TimeoutExtension.java:147)<br/>	at org.junit.jupiter.engine.extension.TimeoutExtension.interceptTestMethod(TimeoutExtension.java:86)<br/>	at org.junit.jupiter.engine.execution.InterceptingExecutableInvoker$ReflectiveInterceptorCall.lambda$ofVoidMethod$0(InterceptingExecutableInvoker.java:103)<br/>	at org.junit.jupiter.engine.execution.InterceptingExecutableInvoker.lambda$invoke$0(InterceptingExecutableInvoker.java:93)<br/>	at org.junit.jupiter.engine.execution.InvocationInterceptorChain$InterceptedInvocation.proceed(InvocationInterceptorChain.java:106)<br/>	at org.junit.jupiter.engine.execution.InvocationInterceptorChain.proceed(InvocationInterceptorChain.java:64)<br/>	at org.junit.jupiter.engine.execution.InvocationInterceptorChain.chainAndInvoke(InvocationInterceptorChain.java:45)<br/>	at org.junit.jupiter.engine.execution.InvocationInterceptorChain.invoke(InvocationInterceptorChain.java:37)<br/>	at org.junit.jupiter.engine.execution.InterceptingExecutableInvoker.invoke(InterceptingExecutableInvoker.java:92)<br/>	at org.junit.jupiter.engine.execution.InterceptingExecutableInvoker.invoke(InterceptingExecutableInvoker.java:86)<br/>	at org.junit.jupiter.engine.descriptor.TestMethodTestDescriptor.lambda$invokeTestMethod$7(TestMethodTestDescriptor.java:217)<br/>	at org.junit.platform.engine.support.hierarchical.ThrowableCollector.execute(ThrowableCollector.java:73)<br/>	at org.junit.jupiter.engine.descriptor.TestMethodTestDescriptor.invokeTestMethod(TestMethodTestDescriptor.java:213)<br/>	at org.junit.jupiter.engine.descriptor.TestMethodTestDescriptor.execute(TestMethodTestDescriptor.java:138)<br/>	at org.junit.jupiter.engine.descriptor.TestMethodTestDescriptor.execute(TestMethodTestDescriptor.java:68)<br/>	at org.junit.platform.engine.support.hierarchical.NodeTestTask.lambda$executeRecursively$6(NodeTestTask.java:151)<br/>	at org.junit.platform.engine.support.hierarchical.ThrowableCollector.execute(ThrowableCollector.java:73)<br/>	at org.junit.platform.engine.support.hierarchical.NodeTestTask.lambda$executeRecursively$8(NodeTestTask.java:141)<br/>	at org.junit.platform.engine.support.hierarchical.Node.around(Node.java:137)<br/>	at org.junit.platform.engine.support.hierarchical.NodeTestTask.lambda$executeRecursively$9(NodeTestTask.java:139)<br/>	at org.junit.platform.engine.support.hierarchical.ThrowableCollector.execute(ThrowableCollector.java:73)<br/>	at org.junit.platform.engine.support.hierarchical.NodeTestTask.executeRecursively(NodeTestTask.java:138)<br/>	at org.junit.platform.engine.support.hierarchical.NodeTestTask.execute(NodeTestTask.java:95)<br/>	at java.util.ArrayList.forEach(ArrayList.java:1249)<br/>	at org.junit.platform.engine.support.hierarchical.SameThreadHierarchicalTestExecutorService.invokeAll(SameThreadHierarchicalTestExecutorService.java:41)<br/>	at org.junit.platform.engine.support.hierarchical.NodeTestTask.lambda$executeRecursively$6(NodeTestTask.java:155)<br/>	at org.junit.platform.engine.support.hierarchical.ThrowableCollector.execute(ThrowableCollector.java:73)<br/>	at org.junit.platform.engine.support.hierarchical.NodeTestTask.lambda$executeRecursively$8(NodeTestTask.java:141)<br/>	at org.junit.platform.engine.support.hierarchical.Node.around(Node.java:137)<br/>	at org.junit.platform.engine.support.hierarchical.NodeTestTask.lambda$executeRecursively$9(NodeTestTask.java:139)<br/>	at org.junit.platform.engine.support.hierarchical.ThrowableCollector.execute(ThrowableCollector.java:73)<br/>	at org.junit.platform.engine.support.hierarchical.NodeTestTask.executeRecursively(NodeTestTask.java:138)<br/>	at org.junit.platform.engine.support.hierarchical.NodeTestTask.execute(NodeTestTask.java:95)<br/>	at java.util.ArrayList.forEach(ArrayList.java:1249)<br/>	at org.junit.platform.engine.support.hierarchical.SameThreadHierarchicalTestExecutorService.invokeAll(SameThreadHierarchicalTestExecutorService.java:41)<br/>	at org.junit.platform.engine.support.hierarchical.NodeTestTask.lambda$executeRecursively$6(NodeTestTask.java:155)<br/>	at org.junit.platform.engine.support.hierarchical.ThrowableCollector.execute(ThrowableCollector.java:73)<br/>	at org.junit.platform.engine.support.hierarchical.NodeTestTask.lambda$executeRecursively$8(NodeTestTask.java:141)<br/>	at org.junit.platform.engine.support.hierarchical.Node.around(Node.java:137)<br/>	at org.junit.platform.engine.support.hierarchical.NodeTestTask.lambda$executeRecursively$9(NodeTestTask.java:139)<br/>	at org.junit.platform.engine.support.hierarchical.ThrowableCollector.execute(ThrowableCollector.java:73)<br/>	at org.junit.platform.engine.support.hierarchical.NodeTestTask.executeRecursively(NodeTestTask.java:138)<br/>	at org.junit.platform.engine.support.hierarchical.NodeTestTask.execute(NodeTestTask.java:95)<br/>	at org.junit.platform.engine.support.hierarchical.SameThreadHierarchicalTestExecutorService.submit(SameThreadHierarchicalTestExecutorService.java:35)<br/>	at org.junit.platform.engine.support.hierarchical.HierarchicalTestExecutor.execute(HierarchicalTestExecutor.java:57)<br/>	at org.junit.platform.engine.support.hierarchical.HierarchicalTestEngine.execute(HierarchicalTestEngine.java:54)<br/>	at org.junit.platform.launcher.core.EngineExecutionOrchestrator.execute(EngineExecutionOrchestrator.java:147)<br/>	at org.junit.platform.launcher.core.EngineExecutionOrchestrator.execute(EngineExecutionOrchestrator.java:127)<br/>	at org.junit.platform.launcher.core.EngineExecutionOrchestrator.execute(EngineExecutionOrchestrator.java:90)<br/>	at org.junit.platform.launcher.core.EngineExecutionOrchestrator.execute(EngineExecutionOrchestrator.java:73)<br/>	at org.junit.platform.suite.engine.SuiteLauncher.execute(SuiteLauncher.java:63)<br/>	at org.junit.platform.suite.engine.SuiteTestDescriptor.execute(SuiteTestDescriptor.java:128)<br/>	at org.junit.platform.suite.engine.SuiteTestEngine.lambda$execute$0(SuiteTestEngine.java:73)<br/>	at java.util.stream.ForEachOps$ForEachOp$OfRef.accept(ForEachOps.java:184)<br/>	at java.util.stream.ReferencePipeline$3$1.accept(ReferencePipeline.java:193)<br/>	at java.util.Iterator.forEachRemaining(Iterator.java:116)<br/>	at java.util.Spliterators$IteratorSpliterator.forEachRemaining(Spliterators.java:1801)<br/>	at java.util.stream.AbstractPipeline.copyInto(AbstractPipeline.java:481)<br/>	at java.util.stream.AbstractPipeline.wrapAndCopyInto(AbstractPipeline.java:471)<br/>	at java.util.stream.ForEachOps$ForEachOp.evaluateSequential(ForEachOps.java:151)<br/>	at java.util.stream.ForEachOps$ForEachOp$OfRef.evaluateSequential(ForEachOps.java:174)<br/>	at java.util.stream.AbstractPipeline.evaluate(AbstractPipeline.java:234)<br/>	at java.util.stream.ReferencePipeline.forEach(ReferencePipeline.java:418)<br/>	at org.junit.platform.suite.engine.SuiteTestEngine.execute(SuiteTestEngine.java:73)<br/>	at org.junit.platform.launcher.core.EngineExecutionOrchestrator.execute(EngineExecutionOrchestrator.java:147)<br/>	at org.junit.platform.launcher.core.EngineExecutionOrchestrator.execute(EngineExecutionOrchestrator.java:127)<br/>	at org.junit.platform.launcher.core.EngineExecutionOrchestrator.execute(EngineExecutionOrchestrator.java:90)<br/>	at org.junit.platform.launcher.core.EngineExecutionOrchestrator.lambda$execute$0(EngineExecutionOrchestrator.java:55)<br/>	at org.junit.platform.launcher.core.EngineExecutionOrchestrator.withInterceptedStreams(EngineExecutionOrchestrator.java:102)<br/>	at org.junit.platform.launcher.core.EngineExecutionOrchestrator.execute(EngineExecutionOrchestrator.java:54)<br/>	at org.junit.platform.launcher.core.DefaultLauncher.execute(DefaultLauncher.java:114)<br/>	at org.junit.platform.launcher.core.DefaultLauncher.execute(DefaultLauncher.java:86)<br/>	at org.junit.platform.launcher.core.DefaultLauncherSession$DelegatingLauncher.execute(DefaultLauncherSession.java:86)<br/>	at org.junit.platform.launcher.core.SessionPerRequestLauncher.execute(SessionPerRequestLauncher.java:53)<br/>	at com.intellij.junit5.JUnit5IdeaTestRunner.startRunnerWithArgs(JUnit5IdeaTestRunner.java:57)<br/>	at com.intellij.rt.junit.IdeaTestRunner$Repeater$1.execute(IdeaTestRunner.java:38)<br/>	at com.intellij.rt.execution.junit.TestsRepeater.repeat(TestsRepeater.java:11)<br/>	at com.intellij.rt.junit.IdeaTestRunner$Repeater.startRunnerWithArgs(IdeaTestRunner.java:35)<br/>	at com.intellij.rt.junit.JUnitStarter.prepareStreamsAndStart(JUnitStarter.java:232)<br/>	at com.intellij.rt.junit.JUnitStarter.main(JUnitStarter.java:55)<br/></span>
                                    </li>
                                </ul>
                            </li>
                            <li class="level test failed open">
                                <span><em class="time">
                                        <div class="time">2.02 s</div>
                                    </em><em class="status">error</em>test_2()</span>
                                <ul>
                                    <li class="text">
                                        <span class="stdout">BeforeEach Call<br/>AfterEach Call<br/></span>
                                    </li>
                                    <li class="text">
                                        <span class="stderr">java.util.concurrent.TimeoutException: test_2() timed out after 2000 mllseconds<br/>	at org.junit.jupiter.engine.extension.TimeoutExceptionFactory.create(TimeoutExceptionFactory.java:29)<br/>	at org.junit.jupiter.engine.extension.SameThreadTimeoutInvocation.proceed(SameThreadTimeoutInvocation.java:58)<br/>	at org.junit.jupiter.engine.extension.TimeoutExtension.intercept(TimeoutExtension.java:156)<br/>	at org.junit.jupiter.engine.extension.TimeoutExtension.interceptTestableMethod(TimeoutExtension.java:147)<br/>	at org.junit.jupiter.engine.extension.TimeoutExtension.interceptTestMethod(TimeoutExtension.java:86)<br/>	at org.junit.jupiter.engine.execution.InterceptingExecutableInvoker$ReflectiveInterceptorCall.lambda$ofVoidMethod$0(InterceptingExecutableInvoker.java:103)<br/>	at org.junit.jupiter.engine.execution.InterceptingExecutableInvoker.lambda$invoke$0(InterceptingExecutableInvoker.java:93)<br/>	at org.junit.jupiter.engine.execution.InvocationInterceptorChain$InterceptedInvocation.proceed(InvocationInterceptorChain.java:106)<br/>	at org.junit.jupiter.engine.execution.InvocationInterceptorChain.proceed(InvocationInterceptorChain.java:64)<br/>	at org.junit.jupiter.engine.execution.InvocationInterceptorChain.chainAndInvoke(InvocationInterceptorChain.java:45)<br/>	at org.junit.jupiter.engine.execution.InvocationInterceptorChain.invoke(InvocationInterceptorChain.java:37)<br/>	at org.junit.jupiter.engine.execution.InterceptingExecutableInvoker.invoke(InterceptingExecutableInvoker.java:92)<br/>	at org.junit.jupiter.engine.execution.InterceptingExecutableInvoker.invoke(InterceptingExecutableInvoker.java:86)<br/>	at org.junit.jupiter.engine.descriptor.TestMethodTestDescriptor.lambda$invokeTestMethod$7(TestMethodTestDescriptor.java:217)<br/>	at org.junit.platform.engine.support.hierarchical.ThrowableCollector.execute(ThrowableCollector.java:73)<br/>	at org.junit.jupiter.engine.descriptor.TestMethodTestDescriptor.invokeTestMethod(TestMethodTestDescriptor.java:213)<br/>	at org.junit.jupiter.engine.descriptor.TestMethodTestDescriptor.execute(TestMethodTestDescriptor.java:138)<br/>	at org.junit.jupiter.engine.descriptor.TestMethodTestDescriptor.execute(TestMethodTestDescriptor.java:68)<br/>	at org.junit.platform.engine.support.hierarchical.NodeTestTask.lambda$executeRecursively$6(NodeTestTask.java:151)<br/>	at org.junit.platform.engine.support.hierarchical.ThrowableCollector.execute(ThrowableCollector.java:73)<br/>	at org.junit.platform.engine.support.hierarchical.NodeTestTask.lambda$executeRecursively$8(NodeTestTask.java:141)<br/>	at org.junit.platform.engine.support.hierarchical.Node.around(Node.java:137)<br/>	at org.junit.platform.engine.support.hierarchical.NodeTestTask.lambda$executeRecursively$9(NodeTestTask.java:139)<br/>	at org.junit.platform.engine.support.hierarchical.ThrowableCollector.execute(ThrowableCollector.java:73)<br/>	at org.junit.platform.engine.support.hierarchical.NodeTestTask.executeRecursively(NodeTestTask.java:138)<br/>	at org.junit.platform.engine.support.hierarchical.NodeTestTask.execute(NodeTestTask.java:95)<br/>	at java.util.ArrayList.forEach(ArrayList.java:1249)<br/>	at org.junit.platform.engine.support.hierarchical.SameThreadHierarchicalTestExecutorService.invokeAll(SameThreadHierarchicalTestExecutorService.java:41)<br/>	at org.junit.platform.engine.support.hierarchical.NodeTestTask.lambda$executeRecursively$6(NodeTestTask.java:155)<br/>	at org.junit.platform.engine.support.hierarchical.ThrowableCollector.execute(ThrowableCollector.java:73)<br/>	at org.junit.platform.engine.support.hierarchical.NodeTestTask.lambda$executeRecursively$8(NodeTestTask.java:141)<br/>	at org.junit.platform.engine.support.hierarchical.Node.around(Node.java:137)<br/>	at org.junit.platform.engine.support.hierarchical.NodeTestTask.lambda$executeRecursively$9(NodeTestTask.java:139)<br/>	at org.junit.platform.engine.support.hierarchical.ThrowableCollector.execute(ThrowableCollector.java:73)<br/>	at org.junit.platform.engine.support.hierarchical.NodeTestTask.executeRecursively(NodeTestTask.java:138)<br/>	at org.junit.platform.engine.support.hierarchical.NodeTestTask.execute(NodeTestTask.java:95)<br/>	at java.util.ArrayList.forEach(ArrayList.java:1249)<br/>	at org.junit.platform.engine.support.hierarchical.SameThreadHierarchicalTestExecutorService.invokeAll(SameThreadHierarchicalTestExecutorService.java:41)<br/>	at org.junit.platform.engine.support.hierarchical.NodeTestTask.lambda$executeRecursively$6(NodeTestTask.java:155)<br/>	at org.junit.platform.engine.support.hierarchical.ThrowableCollector.execute(ThrowableCollector.java:73)<br/>	at org.junit.platform.engine.support.hierarchical.NodeTestTask.lambda$executeRecursively$8(NodeTestTask.java:141)<br/>	at org.junit.platform.engine.support.hierarchical.Node.around(Node.java:137)<br/>	at org.junit.platform.engine.support.hierarchical.NodeTestTask.lambda$executeRecursively$9(NodeTestTask.java:139)<br/>	at org.junit.platform.engine.support.hierarchical.ThrowableCollector.execute(ThrowableCollector.java:73)<br/>	at org.junit.platform.engine.support.hierarchical.NodeTestTask.executeRecursively(NodeTestTask.java:138)<br/>	at org.junit.platform.engine.support.hierarchical.NodeTestTask.execute(NodeTestTask.java:95)<br/>	at org.junit.platform.engine.support.hierarchical.SameThreadHierarchicalTestExecutorService.submit(SameThreadHierarchicalTestExecutorService.java:35)<br/>	at org.junit.platform.engine.support.hierarchical.HierarchicalTestExecutor.execute(HierarchicalTestExecutor.java:57)<br/>	at org.junit.platform.engine.support.hierarchical.HierarchicalTestEngine.execute(HierarchicalTestEngine.java:54)<br/>	at org.junit.platform.launcher.core.EngineExecutionOrchestrator.execute(EngineExecutionOrchestrator.java:147)<br/>	at org.junit.platform.launcher.core.EngineExecutionOrchestrator.execute(EngineExecutionOrchestrator.java:127)<br/>	at org.junit.platform.launcher.core.EngineExecutionOrchestrator.execute(EngineExecutionOrchestrator.java:90)<br/>	at org.junit.platform.launcher.core.EngineExecutionOrchestrator.execute(EngineExecutionOrchestrator.java:73)<br/>	at org.junit.platform.suite.engine.SuiteLauncher.execute(SuiteLauncher.java:63)<br/>	at org.junit.platform.suite.engine.SuiteTestDescriptor.execute(SuiteTestDescriptor.java:128)<br/>	at org.junit.platform.suite.engine.SuiteTestEngine.lambda$execute$0(SuiteTestEngine.java:73)<br/>	at java.util.stream.ForEachOps$ForEachOp$OfRef.accept(ForEachOps.java:184)<br/>	at java.util.stream.ReferencePipeline$3$1.accept(ReferencePipeline.java:193)<br/>	at java.util.Iterator.forEachRemaining(Iterator.java:116)<br/>	at java.util.Spliterators$IteratorSpliterator.forEachRemaining(Spliterators.java:1801)<br/>	at java.util.stream.AbstractPipeline.copyInto(AbstractPipeline.java:481)<br/>	at java.util.stream.AbstractPipeline.wrapAndCopyInto(AbstractPipeline.java:471)<br/>	at java.util.stream.ForEachOps$ForEachOp.evaluateSequential(ForEachOps.java:151)<br/>	at java.util.stream.ForEachOps$ForEachOp$OfRef.evaluateSequential(ForEachOps.java:174)<br/>	at java.util.stream.AbstractPipeline.evaluate(AbstractPipeline.java:234)<br/>	at java.util.stream.ReferencePipeline.forEach(ReferencePipeline.java:418)<br/>	at org.junit.platform.suite.engine.SuiteTestEngine.execute(SuiteTestEngine.java:73)<br/>	at org.junit.platform.launcher.core.EngineExecutionOrchestrator.execute(EngineExecutionOrchestrator.java:147)<br/>	at org.junit.platform.launcher.core.EngineExecutionOrchestrator.execute(EngineExecutionOrchestrator.java:127)<br/>	at org.junit.platform.launcher.core.EngineExecutionOrchestrator.execute(EngineExecutionOrchestrator.java:90)<br/>	at org.junit.platform.launcher.core.EngineExecutionOrchestrator.lambda$execute$0(EngineExecutionOrchestrator.java:55)<br/>	at org.junit.platform.launcher.core.EngineExecutionOrchestrator.withInterceptedStreams(EngineExecutionOrchestrator.java:102)<br/>	at org.junit.platform.launcher.core.EngineExecutionOrchestrator.execute(EngineExecutionOrchestrator.java:54)<br/>	at org.junit.platform.launcher.core.DefaultLauncher.execute(DefaultLauncher.java:114)<br/>	at org.junit.platform.launcher.core.DefaultLauncher.execute(DefaultLauncher.java:86)<br/>	at org.junit.platform.launcher.core.DefaultLauncherSession$DelegatingLauncher.execute(DefaultLauncherSession.java:86)<br/>	at org.junit.platform.launcher.core.SessionPerRequestLauncher.execute(SessionPerRequestLauncher.java:53)<br/>	at com.intellij.junit5.JUnit5IdeaTestRunner.startRunnerWithArgs(JUnit5IdeaTestRunner.java:57)<br/>	at com.intellij.rt.junit.IdeaTestRunner$Repeater$1.execute(IdeaTestRunner.java:38)<br/>	at com.intellij.rt.execution.junit.TestsRepeater.repeat(TestsRepeater.java:11)<br/>	at com.intellij.rt.junit.IdeaTestRunner$Repeater.startRunnerWithArgs(IdeaTestRunner.java:35)<br/>	at com.intellij.rt.junit.JUnitStarter.prepareStreamsAndStart(JUnitStarter.java:232)<br/>	at com.intellij.rt.junit.JUnitStarter.main(JUnitStarter.java:55)<br/>	Suppressed: java.lang.InterruptedException: sleep interrupted<br/>		at java.lang.Thread.sleep(Native Method)<br/>		at java.lang.Thread.sleep(Thread.java:340)<br/>		at java.util.concurrent.TimeUnit.sleep(TimeUnit.java:386)<br/>		at AppTest.test_2(AppTest.java:60)<br/>		at sun.reflect.NativeMethodAccessorImpl.invoke0(Native Method)<br/>		at sun.reflect.NativeMethodAccessorImpl.invoke(NativeMethodAccessorImpl.java:62)<br/>		at sun.reflect.DelegatingMethodAccessorImpl.invoke(DelegatingMethodAccessorImpl.java:43)<br/>		at java.lang.reflect.Method.invoke(Method.java:498)<br/>		at org.junit.platform.commons.util.ReflectionUtils.invokeMethod(ReflectionUtils.java:727)<br/>		at org.junit.jupiter.engine.execution.MethodInvocation.proceed(MethodInvocation.java:60)<br/>		at org.junit.jupiter.engine.execution.InvocationInterceptorChain$ValidatingInvocation.proceed(InvocationInterceptorChain.java:131)<br/>		at org.junit.jupiter.engine.extension.SameThreadTimeoutInvocation.proceed(SameThreadTimeoutInvocation.java:45)<br/>		... 81 more<br/></span>
                                    </li>
                                </ul>
                            </li>
                            <li class="level test">
                                <span><em class="time">
                                        <div class="time">2 ms</div>
                                    </em><em class="status">passed</em>User Eft Total Control</span>
                                <ul>
                                    <li class="text">
                                        <span class="stdout">BeforeEach Call<br/>userTotalTest Call<br/>AfterEach Call<br/></span>
                                    </li>
                                </ul>
                            </li>
                            <li class="level test">
                                <span><em class="time">
                                        <div class="time">1 ms</div>
                                    </em><em class="status">passed</em>test_3()</span>
                                <ul>
                                    <li class="text">
                                        <span class="stdout">BeforeEach Call<br/>635371680<br/>AfterEach Call<br/></span>
                                    </li>
                                </ul>
                            </li>
                        </ul>
                    </li>
                    <li class="level top failed open">
                        <span><em class="time">
                                <div class="time">3.60 s</div>
                            </em>UseParamsTest</span>
                        <ul>
                            <li class="level suite failed open">
                                <span><em class="time">
                                        <div class="time">4 ms</div>
                                    </em>testSTringValues(String)</span>
                                <ul>
                                    <li class="level test">
                                        <span><em class="time">
                                                <div class="time">1 ms</div>
                                            </em><em class="status">passed</em>[1] stanbul</span>
                                    </li>
                                    <li class="level test failed open">
                                        <span><em class="time">
                                                <div class="time">1 ms</div>
                                            </em><em class="status">failed</em>[2] </span>
                                        <ul>
                                            <li class="text">
                                                <span class="stderr">org.opentest4j.AssertionFailedError: String item Empty Error ==> <br/>	at org.junit.jupiter.api.AssertionFailureBuilder.build(AssertionFailureBuilder.java:151)<br/>	at org.junit.jupiter.api.AssertionFailureBuilder.buildAndThrow(AssertionFailureBuilder.java:132)<br/>	at org.junit.jupiter.api.AssertTrue.failNotTrue(AssertTrue.java:63)<br/>	at org.junit.jupiter.api.AssertTrue.assertTrue(AssertTrue.java:36)<br/>	at org.junit.jupiter.api.Assertions.assertTrue(Assertions.java:211)<br/>	at UseParamsTest.testSTringValues(UseParamsTest.java:34)<br/>	at sun.reflect.NativeMethodAccessorImpl.invoke0(Native Method)<br/>	at sun.reflect.NativeMethodAccessorImpl.invoke(NativeMethodAccessorImpl.java:62)<br/>	at sun.reflect.DelegatingMethodAccessorImpl.invoke(DelegatingMethodAccessorImpl.java:43)<br/>	at java.lang.reflect.Method.invoke(Method.java:498)<br/>	at org.junit.platform.commons.util.ReflectionUtils.invokeMethod(ReflectionUtils.java:727)<br/>	at org.junit.jupiter.engine.execution.MethodInvocation.proceed(MethodInvocation.java:60)<br/>	at org.junit.jupiter.engine.execution.InvocationInterceptorChain$ValidatingInvocation.proceed(InvocationInterceptorChain.java:131)<br/>	at org.junit.jupiter.engine.extension.TimeoutExtension.intercept(TimeoutExtension.java:156)<br/>	at org.junit.jupiter.engine.extension.TimeoutExtension.interceptTestableMethod(TimeoutExtension.java:147)<br/>	at org.junit.jupiter.engine.extension.TimeoutExtension.interceptTestTemplateMethod(TimeoutExtension.java:94)<br/>	at org.junit.jupiter.engine.execution.InterceptingExecutableInvoker$ReflectiveInterceptorCall.lambda$ofVoidMethod$0(InterceptingExecutableInvoker.java:103)<br/>	at org.junit.jupiter.engine.execution.InterceptingExecutableInvoker.lambda$invoke$0(InterceptingExecutableInvoker.java:93)<br/>	at org.junit.jupiter.engine.execution.InvocationInterceptorChain$InterceptedInvocation.proceed(InvocationInterceptorChain.java:106)<br/>	at org.junit.jupiter.engine.execution.InvocationInterceptorChain.proceed(InvocationInterceptorChain.java:64)<br/>	at org.junit.jupiter.engine.execution.InvocationInterceptorChain.chainAndInvoke(InvocationInterceptorChain.java:45)<br/>	at org.junit.jupiter.engine.execution.InvocationInterceptorChain.invoke(InvocationInterceptorChain.java:37)<br/>	at org.junit.jupiter.engine.execution.InterceptingExecutableInvoker.invoke(InterceptingExecutableInvoker.java:92)<br/>	at org.junit.jupiter.engine.execution.InterceptingExecutableInvoker.invoke(InterceptingExecutableInvoker.java:86)<br/>	at org.junit.jupiter.engine.descriptor.TestMethodTestDescriptor.lambda$invokeTestMethod$7(TestMethodTestDescriptor.java:217)<br/>	at org.junit.platform.engine.support.hierarchical.ThrowableCollector.execute(ThrowableCollector.java:73)<br/>	at org.junit.jupiter.engine.descriptor.TestMethodTestDescriptor.invokeTestMethod(TestMethodTestDescriptor.java:213)<br/>	at org.junit.jupiter.engine.descriptor.TestMethodTestDescriptor.execute(TestMethodTestDescriptor.java:138)<br/>	at org.junit.jupiter.engine.descriptor.TestMethodTestDescriptor.execute(TestMethodTestDescriptor.java:68)<br/>	at org.junit.platform.engine.support.hierarchical.NodeTestTask.lambda$executeRecursively$6(NodeTestTask.java:151)<br/>	at org.junit.platform.engine.support.hierarchical.ThrowableCollector.execute(ThrowableCollector.java:73)<br/>	at org.junit.platform.engine.support.hierarchical.NodeTestTask.lambda$executeRecursively$8(NodeTestTask.java:141)<br/>	at org.junit.platform.engine.support.hierarchical.Node.around(Node.java:137)<br/>	at org.junit.platform.engine.support.hierarchical.NodeTestTask.lambda$executeRecursively$9(NodeTestTask.java:139)<br/>	at org.junit.platform.engine.support.hierarchical.ThrowableCollector.execute(ThrowableCollector.java:73)<br/>	at org.junit.platform.engine.support.hierarchical.NodeTestTask.executeRecursively(NodeTestTask.java:138)<br/>	at org.junit.platform.engine.support.hierarchical.NodeTestTask.execute(NodeTestTask.java:95)<br/>	at org.junit.platform.engine.support.hierarchical.SameThreadHierarchicalTestExecutorService.submit(SameThreadHierarchicalTestExecutorService.java:35)<br/>	at org.junit.platform.engine.support.hierarchical.NodeTestTask$DefaultDynamicTestExecutor.execute(NodeTestTask.java:226)<br/>	at org.junit.platform.engine.support.hierarchical.NodeTestTask$DefaultDynamicTestExecutor.execute(NodeTestTask.java:204)<br/>	at org.junit.jupiter.engine.descriptor.TestTemplateTestDescriptor.execute(TestTemplateTestDescriptor.java:142)<br/>	at org.junit.jupiter.engine.descriptor.TestTemplateTestDescriptor.lambda$execute$2(TestTemplateTestDescriptor.java:110)<br/>	at java.util.stream.ForEachOps$ForEachOp$OfRef.accept(ForEachOps.java:184)<br/>	at java.util.stream.ReferencePipeline$3$1.accept(ReferencePipeline.java:193)<br/>	at java.util.stream.ReferencePipeline$2$1.accept(ReferencePipeline.java:175)<br/>	at java.util.stream.ReferencePipeline$3$1.accept(ReferencePipeline.java:193)<br/>	at java.util.stream.ForEachOps$ForEachOp$OfRef.accept(ForEachOps.java:184)<br/>	at java.util.stream.ReferencePipeline$3$1.accept(ReferencePipeline.java:193)<br/>	at java.util.stream.ReferencePipeline$3$1.accept(ReferencePipeline.java:193)<br/>	at java.util.stream.ReferencePipeline$3$1.accept(ReferencePipeline.java:193)<br/>	at java.util.stream.ForEachOps$ForEachOp$OfRef.accept(ForEachOps.java:184)<br/>	at java.util.stream.ReferencePipeline$3$1.accept(ReferencePipeline.java:193)<br/>	at java.util.Spliterators$ArraySpliterator.forEachRemaining(Spliterators.java:948)<br/>	at java.util.stream.AbstractPipeline.copyInto(AbstractPipeline.java:481)<br/>	at java.util.stream.AbstractPipeline.wrapAndCopyInto(AbstractPipeline.java:471)<br/>	at java.util.stream.ForEachOps$ForEachOp.evaluateSequential(ForEachOps.java:151)<br/>	at java.util.stream.ForEachOps$ForEachOp$OfRef.evaluateSequential(ForEachOps.java:174)<br/>	at java.util.stream.AbstractPipeline.evaluate(AbstractPipeline.java:234)<br/>	at java.util.stream.ReferencePipeline.forEach(ReferencePipeline.java:418)<br/>	at java.util.stream.ReferencePipeline$7$1.accept(ReferencePipeline.java:270)<br/>	at java.util.stream.ReferencePipeline$3$1.accept(ReferencePipeline.java:193)<br/>	at java.util.stream.ReferencePipeline$3$1.accept(ReferencePipeline.java:193)<br/>	at java.util.stream.ReferencePipeline$3$1.accept(ReferencePipeline.java:193)<br/>	at java.util.ArrayList$ArrayListSpliterator.forEachRemaining(ArrayList.java:1374)<br/>	at java.util.stream.AbstractPipeline.copyInto(AbstractPipeline.java:481)<br/>	at java.util.stream.AbstractPipeline.wrapAndCopyInto(AbstractPipeline.java:471)<br/>	at java.util.stream.ForEachOps$ForEachOp.evaluateSequential(ForEachOps.java:151)<br/>	at java.util.stream.ForEachOps$ForEachOp$OfRef.evaluateSequential(ForEachOps.java:174)<br/>	at java.util.stream.AbstractPipeline.evaluate(AbstractPipeline.java:234)<br/>	at java.util.stream.ReferencePipeline.forEach(ReferencePipeline.java:418)<br/>	at java.util.stream.ReferencePipeline$7$1.accept(ReferencePipeline.java:270)<br/>	at java.util.ArrayList$ArrayListSpliterator.forEachRemaining(ArrayList.java:1374)<br/>	at java.util.stream.AbstractPipeline.copyInto(AbstractPipeline.java:481)<br/>	at java.util.stream.AbstractPipeline.wrapAndCopyInto(AbstractPipeline.java:471)<br/>	at java.util.stream.ForEachOps$ForEachOp.evaluateSequential(ForEachOps.java:151)<br/>	at java.util.stream.ForEachOps$ForEachOp$OfRef.evaluateSequential(ForEachOps.java:174)<br/>	at java.util.stream.AbstractPipeline.evaluate(AbstractPipeline.java:234)<br/>	at java.util.stream.ReferencePipeline.forEach(ReferencePipeline.java:418)<br/>	at org.junit.jupiter.engine.descriptor.TestTemplateTestDescriptor.execute(TestTemplateTestDescriptor.java:110)<br/>	at org.junit.jupiter.engine.descriptor.TestTemplateTestDescriptor.execute(TestTemplateTestDescriptor.java:44)<br/>	at org.junit.platform.engine.support.hierarchical.NodeTestTask.lambda$executeRecursively$6(NodeTestTask.java:151)<br/>	at org.junit.platform.engine.support.hierarchical.ThrowableCollector.execute(ThrowableCollector.java:73)<br/>	at org.junit.platform.engine.support.hierarchical.NodeTestTask.lambda$executeRecursively$8(NodeTestTask.java:141)<br/>	at org.junit.platform.engine.support.hierarchical.Node.around(Node.java:137)<br/>	at org.junit.platform.engine.support.hierarchical.NodeTestTask.lambda$executeRecursively$9(NodeTestTask.java:139)<br/>	at org.junit.platform.engine.support.hierarchical.ThrowableCollector.execute(ThrowableCollector.java:73)<br/>	at org.junit.platform.engine.support.hierarchical.NodeTestTask.executeRecursively(NodeTestTask.java:138)<br/>	at org.junit.platform.engine.support.hierarchical.NodeTestTask.execute(NodeTestTask.java:95)<br/>	at java.util.ArrayList.forEach(ArrayList.java:1249)<br/>	at org.junit.platform.engine.support.hierarchical.SameThreadHierarchicalTestExecutorService.invokeAll(SameThreadHierarchicalTestExecutorService.java:41)<br/>	at org.junit.platform.engine.support.hierarchical.NodeTestTask.lambda$executeRecursively$6(NodeTestTask.java:155)<br/>	at org.junit.platform.engine.support.hierarchical.ThrowableCollector.execute(ThrowableCollector.java:73)<br/>	at org.junit.platform.engine.support.hierarchical.NodeTestTask.lambda$executeRecursively$8(NodeTestTask.java:141)<br/>	at org.junit.platform.engine.support.hierarchical.Node.around(Node.java:137)<br/>	at org.junit.platform.engine.support.hierarchical.NodeTestTask.lambda$executeRecursively$9(NodeTestTask.java:139)<br/>	at org.junit.platform.engine.support.hierarchical.ThrowableCollector.execute(ThrowableCollector.java:73)<br/>	at org.junit.platform.engine.support.hierarchical.NodeTestTask.executeRecursively(NodeTestTask.java:138)<br/>	at org.junit.platform.engine.support.hierarchical.NodeTestTask.execute(NodeTestTask.java:95)<br/>	at java.util.ArrayList.forEach(ArrayList.java:1249)<br/>	at org.junit.platform.engine.support.hierarchical.SameThreadHierarchicalTestExecutorService.invokeAll(SameThreadHierarchicalTestExecutorService.java:41)<br/>	at org.junit.platform.engine.support.hierarchical.NodeTestTask.lambda$executeRecursively$6(NodeTestTask.java:155)<br/>	at org.junit.platform.engine.support.hierarchical.ThrowableCollector.execute(ThrowableCollector.java:73)<br/>	at org.junit.platform.engine.support.hierarchical.NodeTestTask.lambda$executeRecursively$8(NodeTestTask.java:141)<br/>	at org.junit.platform.engine.support.hierarchical.Node.around(Node.java:137)<br/>	at org.junit.platform.engine.support.hierarchical.NodeTestTask.lambda$executeRecursively$9(NodeTestTask.java:139)<br/>	at org.junit.platform.engine.support.hierarchical.ThrowableCollector.execute(ThrowableCollector.java:73)<br/>	at org.junit.platform.engine.support.hierarchical.NodeTestTask.executeRecursively(NodeTestTask.java:138)<br/>	at org.junit.platform.engine.support.hierarchical.NodeTestTask.execute(NodeTestTask.java:95)<br/>	at org.junit.platform.engine.support.hierarchical.SameThreadHierarchicalTestExecutorService.submit(SameThreadHierarchicalTestExecutorService.java:35)<br/>	at org.junit.platform.engine.support.hierarchical.HierarchicalTestExecutor.execute(HierarchicalTestExecutor.java:57)<br/>	at org.junit.platform.engine.support.hierarchical.HierarchicalTestEngine.execute(HierarchicalTestEngine.java:54)<br/>	at org.junit.platform.launcher.core.EngineExecutionOrchestrator.execute(EngineExecutionOrchestrator.java:147)<br/>	at org.junit.platform.launcher.core.EngineExecutionOrchestrator.execute(EngineExecutionOrchestrator.java:127)<br/>	at org.junit.platform.launcher.core.EngineExecutionOrchestrator.execute(EngineExecutionOrchestrator.java:90)<br/>	at org.junit.platform.launcher.core.EngineExecutionOrchestrator.execute(EngineExecutionOrchestrator.java:73)<br/>	at org.junit.platform.suite.engine.SuiteLauncher.execute(SuiteLauncher.java:63)<br/>	at org.junit.platform.suite.engine.SuiteTestDescriptor.execute(SuiteTestDescriptor.java:128)<br/>	at org.junit.platform.suite.engine.SuiteTestEngine.lambda$execute$0(SuiteTestEngine.java:73)<br/>	at java.util.stream.ForEachOps$ForEachOp$OfRef.accept(ForEachOps.java:184)<br/>	at java.util.stream.ReferencePipeline$3$1.accept(ReferencePipeline.java:193)<br/>	at java.util.Iterator.forEachRemaining(Iterator.java:116)<br/>	at java.util.Spliterators$IteratorSpliterator.forEachRemaining(Spliterators.java:1801)<br/>	at java.util.stream.AbstractPipeline.copyInto(AbstractPipeline.java:481)<br/>	at java.util.stream.AbstractPipeline.wrapAndCopyInto(AbstractPipeline.java:471)<br/>	at java.util.stream.ForEachOps$ForEachOp.evaluateSequential(ForEachOps.java:151)<br/>	at java.util.stream.ForEachOps$ForEachOp$OfRef.evaluateSequential(ForEachOps.java:174)<br/>	at java.util.stream.AbstractPipeline.evaluate(AbstractPipeline.java:234)<br/>	at java.util.stream.ReferencePipeline.forEach(ReferencePipeline.java:418)<br/>	at org.junit.platform.suite.engine.SuiteTestEngine.execute(SuiteTestEngine.java:73)<br/>	at org.junit.platform.launcher.core.EngineExecutionOrchestrator.execute(EngineExecutionOrchestrator.java:147)<br/>	at org.junit.platform.launcher.core.EngineExecutionOrchestrator.execute(EngineExecutionOrchestrator.java:127)<br/>	at org.junit.platform.launcher.core.EngineExecutionOrchestrator.execute(EngineExecutionOrchestrator.java:90)<br/>	at org.junit.platform.launcher.core.EngineExecutionOrchestrator.lambda$execute$0(EngineExecutionOrchestrator.java:55)<br/>	at org.junit.platform.launcher.core.EngineExecutionOrchestrator.withInterceptedStreams(EngineExecutionOrchestrator.java:102)<br/>	at org.junit.platform.launcher.core.EngineExecutionOrchestrator.execute(EngineExecutionOrchestrator.java:54)<br/>	at org.junit.platform.launcher.core.DefaultLauncher.execute(DefaultLauncher.java:114)<br/>	at org.junit.platform.launcher.core.DefaultLauncher.execute(DefaultLauncher.java:86)<br/>	at org.junit.platform.launcher.core.DefaultLauncherSession$DelegatingLauncher.execute(DefaultLauncherSession.java:86)<br/>	at org.junit.platform.launcher.core.SessionPerRequestLauncher.execute(SessionPerRequestLauncher.java:53)<br/>	at com.intellij.junit5.JUnit5IdeaTestRunner.startRunnerWithArgs(JUnit5IdeaTestRunner.java:57)<br/>	at com.intellij.rt.junit.IdeaTestRunner$Repeater$1.execute(IdeaTestRunner.java:38)<br/>	at com.intellij.rt.execution.junit.TestsRepeater.repeat(TestsRepeater.java:11)<br/>	at com.intellij.rt.junit.IdeaTestRunner$Repeater.startRunnerWithArgs(IdeaTestRunner.java:35)<br/>	at com.intellij.rt.junit.JUnitStarter.prepareStreamsAndStart(JUnitStarter.java:232)<br/>	at com.intellij.rt.junit.JUnitStarter.main(JUnitStarter.java:55)<br/></span>
                                            </li>
                                        </ul>
                                    </li>
                                    <li class="level test">
                                        <span><em class="time"></em><em class="status">passed</em>[3] Ankara</span>
                                    </li>
                                    <li class="level test">
                                        <span><em class="time">
                                                <div class="time">1 ms</div>
                                            </em><em class="status">passed</em>[4] Bursa</span>
                                    </li>
                                    <li class="level test">
                                        <span><em class="time">
                                                <div class="time">1 ms</div>
                                            </em><em class="status">passed</em>[5] zmir</span>
                                    </li>
                                </ul>
                            </li>
                            <li class="level suite open">
                                <span><em class="time">
                                        <div class="time">7 ms</div>
                                    </em>csvReadd(String, String, String, int)</span>
                                <ul>
                                    <li class="level test">
                                        <span><em class="time">
                                                <div class="time">2 ms</div>
                                            </em><em class="status">passed</em>[1] TV, TV Detay, Elektronik, 20000</span>
                                        <ul>
                                            <li class="text">
                                                <span class="stdout">TV - TV Detay - Elektronik - 20000<br/></span>
                                            </li>
                                        </ul>
                                    </li>
                                    <li class="level test">
                                        <span><em class="time">
                                                <div class="time">2 ms</div>
                                            </em><em class="status">passed</em>[2] Bilgisayar, Bilgisayar Detay, Elektronik, 27000</span>
                                        <ul>
                                            <li class="text">
                                                <span class="stdout">Bilgisayar - Bilgisayar Detay - Elektronik - 27000<br/></span>
                                            </li>
                                        </ul>
                                    </li>
                                    <li class="level test">
                                        <span><em class="time">
                                                <div class="time">1 ms</div>
                                            </em><em class="status">passed</em>[3] Telefon, Telefon Detay, Elektronik, 55000</span>
                                        <ul>
                                            <li class="text">
                                                <span class="stdout">Telefon - Telefon Detay - Elektronik - 55000<br/></span>
                                            </li>
                                        </ul>
                                    </li>
                                    <li class="level test">
                                        <span><em class="time">
                                                <div class="time">2 ms</div>
                                            </em><em class="status">passed</em>[4] Araba, Araba Detay, Otomobil, 1155000</span>
                                        <ul>
                                            <li class="text">
                                                <span class="stdout">Araba - Araba Detay - Otomobil - 1155000<br/></span>
                                            </li>
                                        </ul>
                                    </li>
                                </ul>
                            </li>
                            <li class="level suite open">
                                <span><em class="time">
                                        <div class="time">3.59 s</div>
                                    </em>usersService(User)</span>
                                <ul>
                                    <li class="level test">
                                        <span><em class="time">
                                                <div class="time">1.59 s</div>
                                            </em><em class="status">passed</em>[1] User(id=null, firstName=null, lastName=User -0, age=null, email=mail@mail.com - 0, password=null)</span>
                                    </li>
                                    <li class="level test">
                                        <span><em class="time">
                                                <div class="time">217 ms</div>
                                            </em><em class="status">passed</em>[2] User(id=null, firstName=null, lastName=User -1, age=null, email=mail@mail.com - 1, password=null)</span>
                                    </li>
                                    <li class="level test">
                                        <span><em class="time">
                                                <div class="time">221 ms</div>
                                            </em><em class="status">passed</em>[3] User(id=null, firstName=null, lastName=User -2, age=null, email=mail@mail.com - 2, password=null)</span>
                                    </li>
                                    <li class="level test">
                                        <span><em class="time">
                                                <div class="time">217 ms</div>
                                            </em><em class="status">passed</em>[4] User(id=null, firstName=null, lastName=User -3, age=null, email=mail@mail.com - 3, password=null)</span>
                                    </li>
                                    <li class="level test">
                                        <span><em class="time">
                                                <div class="time">228 ms</div>
                                            </em><em class="status">passed</em>[5] User(id=null, firstName=null, lastName=User -4, age=null, email=mail@mail.com - 4, password=null)</span>
                                    </li>
                                    <li class="level test">
                                        <span><em class="time">
                                                <div class="time">217 ms</div>
                                            </em><em class="status">passed</em>[6] User(id=null, firstName=null, lastName=User -5, age=null, email=mail@mail.com - 5, password=null)</span>
                                    </li>
                                    <li class="level test">
                                        <span><em class="time">
                                                <div class="time">223 ms</div>
                                            </em><em class="status">passed</em>[7] User(id=null, firstName=null, lastName=User -6, age=null, email=mail@mail.com - 6, password=null)</span>
                                    </li>
                                    <li class="level test">
                                        <span><em class="time">
                                                <div class="time">216 ms</div>
                                            </em><em class="status">passed</em>[8] User(id=null, firstName=null, lastName=User -7, age=null, email=mail@mail.com - 7, password=null)</span>
                                    </li>
                                    <li class="level test">
                                        <span><em class="time">
                                                <div class="time">235 ms</div>
                                            </em><em class="status">passed</em>[9] User(id=null, firstName=null, lastName=User -8, age=null, email=mail@mail.com - 8, password=null)</span>
                                    </li>
                                    <li class="level test">
                                        <span><em class="time">
                                                <div class="time">220 ms</div>
                                            </em><em class="status">passed</em>[10] User(id=null, firstName=null, lastName=User -9, age=null, email=mail@mail.com - 9, password=null)</span>
                                    </li>
                                </ul>
                            </li>
                            <li class="level suite failed open">
                                <span><em class="time">
                                        <div class="time">2 ms</div>
                                    </em>textEnumKeys(EUserType)</span>
                                <ul>
                                    <li class="level test">
                                        <span><em class="time"></em><em class="status">passed</em>[1] gold</span>
                                    </li>
                                    <li class="level test">
                                        <span><em class="time"></em><em class="status">passed</em>[2] silver</span>
                                    </li>
                                    <li class="level test">
                                        <span><em class="time">
                                                <div class="time">1 ms</div>
                                            </em><em class="status">passed</em>[3] standart</span>
                                    </li>
                                    <li class="level test failed open">
                                        <span><em class="time">
                                                <div class="time">1 ms</div>
                                            </em><em class="status">failed</em>[4] platinium</span>
                                        <ul>
                                            <li class="text">
                                                <span class="stderr">org.opentest4j.AssertionFailedError: Name Null Error ==> expected: not <null><br/>	at org.junit.jupiter.api.AssertionFailureBuilder.build(AssertionFailureBuilder.java:152)<br/>	at org.junit.jupiter.api.AssertionFailureBuilder.buildAndThrow(AssertionFailureBuilder.java:132)<br/>	at org.junit.jupiter.api.AssertNotNull.failNull(AssertNotNull.java:49)<br/>	at org.junit.jupiter.api.AssertNotNull.assertNotNull(AssertNotNull.java:35)<br/>	at org.junit.jupiter.api.Assertions.assertNotNull(Assertions.java:309)<br/>	at UseParamsTest.textEnumKeys(UseParamsTest.java:41)<br/>	at sun.reflect.NativeMethodAccessorImpl.invoke0(Native Method)<br/>	at sun.reflect.NativeMethodAccessorImpl.invoke(NativeMethodAccessorImpl.java:62)<br/>	at sun.reflect.DelegatingMethodAccessorImpl.invoke(DelegatingMethodAccessorImpl.java:43)<br/>	at java.lang.reflect.Method.invoke(Method.java:498)<br/>	at org.junit.platform.commons.util.ReflectionUtils.invokeMethod(ReflectionUtils.java:727)<br/>	at org.junit.jupiter.engine.execution.MethodInvocation.proceed(MethodInvocation.java:60)<br/>	at org.junit.jupiter.engine.execution.InvocationInterceptorChain$ValidatingInvocation.proceed(InvocationInterceptorChain.java:131)<br/>	at org.junit.jupiter.engine.extension.TimeoutExtension.intercept(TimeoutExtension.java:156)<br/>	at org.junit.jupiter.engine.extension.TimeoutExtension.interceptTestableMethod(TimeoutExtension.java:147)<br/>	at org.junit.jupiter.engine.extension.TimeoutExtension.interceptTestTemplateMethod(TimeoutExtension.java:94)<br/>	at org.junit.jupiter.engine.execution.InterceptingExecutableInvoker$ReflectiveInterceptorCall.lambda$ofVoidMethod$0(InterceptingExecutableInvoker.java:103)<br/>	at org.junit.jupiter.engine.execution.InterceptingExecutableInvoker.lambda$invoke$0(InterceptingExecutableInvoker.java:93)<br/>	at org.junit.jupiter.engine.execution.InvocationInterceptorChain$InterceptedInvocation.proceed(InvocationInterceptorChain.java:106)<br/>	at org.junit.jupiter.engine.execution.InvocationInterceptorChain.proceed(InvocationInterceptorChain.java:64)<br/>	at org.junit.jupiter.engine.execution.InvocationInterceptorChain.chainAndInvoke(InvocationInterceptorChain.java:45)<br/>	at org.junit.jupiter.engine.execution.InvocationInterceptorChain.invoke(InvocationInterceptorChain.java:37)<br/>	at org.junit.jupiter.engine.execution.InterceptingExecutableInvoker.invoke(InterceptingExecutableInvoker.java:92)<br/>	at org.junit.jupiter.engine.execution.InterceptingExecutableInvoker.invoke(InterceptingExecutableInvoker.java:86)<br/>	at org.junit.jupiter.engine.descriptor.TestMethodTestDescriptor.lambda$invokeTestMethod$7(TestMethodTestDescriptor.java:217)<br/>	at org.junit.platform.engine.support.hierarchical.ThrowableCollector.execute(ThrowableCollector.java:73)<br/>	at org.junit.jupiter.engine.descriptor.TestMethodTestDescriptor.invokeTestMethod(TestMethodTestDescriptor.java:213)<br/>	at org.junit.jupiter.engine.descriptor.TestMethodTestDescriptor.execute(TestMethodTestDescriptor.java:138)<br/>	at org.junit.jupiter.engine.descriptor.TestMethodTestDescriptor.execute(TestMethodTestDescriptor.java:68)<br/>	at org.junit.platform.engine.support.hierarchical.NodeTestTask.lambda$executeRecursively$6(NodeTestTask.java:151)<br/>	at org.junit.platform.engine.support.hierarchical.ThrowableCollector.execute(ThrowableCollector.java:73)<br/>	at org.junit.platform.engine.support.hierarchical.NodeTestTask.lambda$executeRecursively$8(NodeTestTask.java:141)<br/>	at org.junit.platform.engine.support.hierarchical.Node.around(Node.java:137)<br/>	at org.junit.platform.engine.support.hierarchical.NodeTestTask.lambda$executeRecursively$9(NodeTestTask.java:139)<br/>	at org.junit.platform.engine.support.hierarchical.ThrowableCollector.execute(ThrowableCollector.java:73)<br/>	at org.junit.platform.engine.support.hierarchical.NodeTestTask.executeRecursively(NodeTestTask.java:138)<br/>	at org.junit.platform.engine.support.hierarchical.NodeTestTask.execute(NodeTestTask.java:95)<br/>	at org.junit.platform.engine.support.hierarchical.SameThreadHierarchicalTestExecutorService.submit(SameThreadHierarchicalTestExecutorService.java:35)<br/>	at org.junit.platform.engine.support.hierarchical.NodeTestTask$DefaultDynamicTestExecutor.execute(NodeTestTask.java:226)<br/>	at org.junit.platform.engine.support.hierarchical.NodeTestTask$DefaultDynamicTestExecutor.execute(NodeTestTask.java:204)<br/>	at org.junit.jupiter.engine.descriptor.TestTemplateTestDescriptor.execute(TestTemplateTestDescriptor.java:142)<br/>	at org.junit.jupiter.engine.descriptor.TestTemplateTestDescriptor.lambda$execute$2(TestTemplateTestDescriptor.java:110)<br/>	at java.util.stream.ForEachOps$ForEachOp$OfRef.accept(ForEachOps.java:184)<br/>	at java.util.stream.ReferencePipeline$3$1.accept(ReferencePipeline.java:193)<br/>	at java.util.stream.ReferencePipeline$2$1.accept(ReferencePipeline.java:175)<br/>	at java.util.stream.ReferencePipeline$3$1.accept(ReferencePipeline.java:193)<br/>	at java.util.stream.ForEachOps$ForEachOp$OfRef.accept(ForEachOps.java:184)<br/>	at java.util.stream.ReferencePipeline$3$1.accept(ReferencePipeline.java:193)<br/>	at java.util.stream.ReferencePipeline$3$1.accept(ReferencePipeline.java:193)<br/>	at java.util.stream.ReferencePipeline$3$1.accept(ReferencePipeline.java:193)<br/>	at java.util.stream.ForEachOps$ForEachOp$OfRef.accept(ForEachOps.java:184)<br/>	at java.util.stream.ReferencePipeline$3$1.accept(ReferencePipeline.java:193)<br/>	at java.util.Iterator.forEachRemaining(Iterator.java:116)<br/>	at java.util.Spliterators$IteratorSpliterator.forEachRemaining(Spliterators.java:1801)<br/>	at java.util.stream.AbstractPipeline.copyInto(AbstractPipeline.java:481)<br/>	at java.util.stream.AbstractPipeline.wrapAndCopyInto(AbstractPipeline.java:471)<br/>	at java.util.stream.ForEachOps$ForEachOp.evaluateSequential(ForEachOps.java:151)<br/>	at java.util.stream.ForEachOps$ForEachOp$OfRef.evaluateSequential(ForEachOps.java:174)<br/>	at java.util.stream.AbstractPipeline.evaluate(AbstractPipeline.java:234)<br/>	at java.util.stream.ReferencePipeline.forEach(ReferencePipeline.java:418)<br/>	at java.util.stream.ReferencePipeline$7$1.accept(ReferencePipeline.java:270)<br/>	at java.util.stream.ReferencePipeline$3$1.accept(ReferencePipeline.java:193)<br/>	at java.util.stream.ReferencePipeline$3$1.accept(ReferencePipeline.java:193)<br/>	at java.util.stream.ReferencePipeline$3$1.accept(ReferencePipeline.java:193)<br/>	at java.util.ArrayList$ArrayListSpliterator.forEachRemaining(ArrayList.java:1374)<br/>	at java.util.stream.AbstractPipeline.copyInto(AbstractPipeline.java:481)<br/>	at java.util.stream.AbstractPipeline.wrapAndCopyInto(AbstractPipeline.java:471)<br/>	at java.util.stream.ForEachOps$ForEachOp.evaluateSequential(ForEachOps.java:151)<br/>	at java.util.stream.ForEachOps$ForEachOp$OfRef.evaluateSequential(ForEachOps.java:174)<br/>	at java.util.stream.AbstractPipeline.evaluate(AbstractPipeline.java:234)<br/>	at java.util.stream.ReferencePipeline.forEach(ReferencePipeline.java:418)<br/>	at java.util.stream.ReferencePipeline$7$1.accept(ReferencePipeline.java:270)<br/>	at java.util.ArrayList$ArrayListSpliterator.forEachRemaining(ArrayList.java:1374)<br/>	at java.util.stream.AbstractPipeline.copyInto(AbstractPipeline.java:481)<br/>	at java.util.stream.AbstractPipeline.wrapAndCopyInto(AbstractPipeline.java:471)<br/>	at java.util.stream.ForEachOps$ForEachOp.evaluateSequential(ForEachOps.java:151)<br/>	at java.util.stream.ForEachOps$ForEachOp$OfRef.evaluateSequential(ForEachOps.java:174)<br/>	at java.util.stream.AbstractPipeline.evaluate(AbstractPipeline.java:234)<br/>	at java.util.stream.ReferencePipeline.forEach(ReferencePipeline.java:418)<br/>	at org.junit.jupiter.engine.descriptor.TestTemplateTestDescriptor.execute(TestTemplateTestDescriptor.java:110)<br/>	at org.junit.jupiter.engine.descriptor.TestTemplateTestDescriptor.execute(TestTemplateTestDescriptor.java:44)<br/>	at org.junit.platform.engine.support.hierarchical.NodeTestTask.lambda$executeRecursively$6(NodeTestTask.java:151)<br/>	at org.junit.platform.engine.support.hierarchical.ThrowableCollector.execute(ThrowableCollector.java:73)<br/>	at org.junit.platform.engine.support.hierarchical.NodeTestTask.lambda$executeRecursively$8(NodeTestTask.java:141)<br/>	at org.junit.platform.engine.support.hierarchical.Node.around(Node.java:137)<br/>	at org.junit.platform.engine.support.hierarchical.NodeTestTask.lambda$executeRecursively$9(NodeTestTask.java:139)<br/>	at org.junit.platform.engine.support.hierarchical.ThrowableCollector.execute(ThrowableCollector.java:73)<br/>	at org.junit.platform.engine.support.hierarchical.NodeTestTask.executeRecursively(NodeTestTask.java:138)<br/>	at org.junit.platform.engine.support.hierarchical.NodeTestTask.execute(NodeTestTask.java:95)<br/>	at java.util.ArrayList.forEach(ArrayList.java:1249)<br/>	at org.junit.platform.engine.support.hierarchical.SameThreadHierarchicalTestExecutorService.invokeAll(SameThreadHierarchicalTestExecutorService.java:41)<br/>	at org.junit.platform.engine.support.hierarchical.NodeTestTask.lambda$executeRecursively$6(NodeTestTask.java:155)<br/>	at org.junit.platform.engine.support.hierarchical.ThrowableCollector.execute(ThrowableCollector.java:73)<br/>	at org.junit.platform.engine.support.hierarchical.NodeTestTask.lambda$executeRecursively$8(NodeTestTask.java:141)<br/>	at org.junit.platform.engine.support.hierarchical.Node.around(Node.java:137)<br/>	at org.junit.platform.engine.support.hierarchical.NodeTestTask.lambda$executeRecursively$9(NodeTestTask.java:139)<br/>	at org.junit.platform.engine.support.hierarchical.ThrowableCollector.execute(ThrowableCollector.java:73)<br/>	at org.junit.platform.engine.support.hierarchical.NodeTestTask.executeRecursively(NodeTestTask.java:138)<br/>	at org.junit.platform.engine.support.hierarchical.NodeTestTask.execute(NodeTestTask.java:95)<br/>	at java.util.ArrayList.forEach(ArrayList.java:1249)<br/>	at org.junit.platform.engine.support.hierarchical.SameThreadHierarchicalTestExecutorService.invokeAll(SameThreadHierarchicalTestExecutorService.java:41)<br/>	at org.junit.platform.engine.support.hierarchical.NodeTestTask.lambda$executeRecursively$6(NodeTestTask.java:155)<br/>	at org.junit.platform.engine.support.hierarchical.ThrowableCollector.execute(ThrowableCollector.java:73)<br/>	at org.junit.platform.engine.support.hierarchical.NodeTestTask.lambda$executeRecursively$8(NodeTestTask.java:141)<br/>	at org.junit.platform.engine.support.hierarchical.Node.around(Node.java:137)<br/>	at org.junit.platform.engine.support.hierarchical.NodeTestTask.lambda$executeRecursively$9(NodeTestTask.java:139)<br/>	at org.junit.platform.engine.support.hierarchical.ThrowableCollector.execute(ThrowableCollector.java:73)<br/>	at org.junit.platform.engine.support.hierarchical.NodeTestTask.executeRecursively(NodeTestTask.java:138)<br/>	at org.junit.platform.engine.support.hierarchical.NodeTestTask.execute(NodeTestTask.java:95)<br/>	at org.junit.platform.engine.support.hierarchical.SameThreadHierarchicalTestExecutorService.submit(SameThreadHierarchicalTestExecutorService.java:35)<br/>	at org.junit.platform.engine.support.hierarchical.HierarchicalTestExecutor.execute(HierarchicalTestExecutor.java:57)<br/>	at org.junit.platform.engine.support.hierarchical.HierarchicalTestEngine.execute(HierarchicalTestEngine.java:54)<br/>	at org.junit.platform.launcher.core.EngineExecutionOrchestrator.execute(EngineExecutionOrchestrator.java:147)<br/>	at org.junit.platform.launcher.core.EngineExecutionOrchestrator.execute(EngineExecutionOrchestrator.java:127)<br/>	at org.junit.platform.launcher.core.EngineExecutionOrchestrator.execute(EngineExecutionOrchestrator.java:90)<br/>	at org.junit.platform.launcher.core.EngineExecutionOrchestrator.execute(EngineExecutionOrchestrator.java:73)<br/>	at org.junit.platform.suite.engine.SuiteLauncher.execute(SuiteLauncher.java:63)<br/>	at org.junit.platform.suite.engine.SuiteTestDescriptor.execute(SuiteTestDescriptor.java:128)<br/>	at org.junit.platform.suite.engine.SuiteTestEngine.lambda$execute$0(SuiteTestEngine.java:73)<br/>	at java.util.stream.ForEachOps$ForEachOp$OfRef.accept(ForEachOps.java:184)<br/>	at java.util.stream.ReferencePipeline$3$1.accept(ReferencePipeline.java:193)<br/>	at java.util.Iterator.forEachRemaining(Iterator.java:116)<br/>	at java.util.Spliterators$IteratorSpliterator.forEachRemaining(Spliterators.java:1801)<br/>	at java.util.stream.AbstractPipeline.copyInto(AbstractPipeline.java:481)<br/>	at java.util.stream.AbstractPipeline.wrapAndCopyInto(AbstractPipeline.java:471)<br/>	at java.util.stream.ForEachOps$ForEachOp.evaluateSequential(ForEachOps.java:151)<br/>	at java.util.stream.ForEachOps$ForEachOp$OfRef.evaluateSequential(ForEachOps.java:174)<br/>	at java.util.stream.AbstractPipeline.evaluate(AbstractPipeline.java:234)<br/>	at java.util.stream.ReferencePipeline.forEach(ReferencePipeline.java:418)<br/>	at org.junit.platform.suite.engine.SuiteTestEngine.execute(SuiteTestEngine.java:73)<br/>	at org.junit.platform.launcher.core.EngineExecutionOrchestrator.execute(EngineExecutionOrchestrator.java:147)<br/>	at org.junit.platform.launcher.core.EngineExecutionOrchestrator.execute(EngineExecutionOrchestrator.java:127)<br/>	at org.junit.platform.launcher.core.EngineExecutionOrchestrator.execute(EngineExecutionOrchestrator.java:90)<br/>	at org.junit.platform.launcher.core.EngineExecutionOrchestrator.lambda$execute$0(EngineExecutionOrchestrator.java:55)<br/>	at org.junit.platform.launcher.core.EngineExecutionOrchestrator.withInterceptedStreams(EngineExecutionOrchestrator.java:102)<br/>	at org.junit.platform.launcher.core.EngineExecutionOrchestrator.execute(EngineExecutionOrchestrator.java:54)<br/>	at org.junit.platform.launcher.core.DefaultLauncher.execute(DefaultLauncher.java:114)<br/>	at org.junit.platform.launcher.core.DefaultLauncher.execute(DefaultLauncher.java:86)<br/>	at org.junit.platform.launcher.core.DefaultLauncherSession$DelegatingLauncher.execute(DefaultLauncherSession.java:86)<br/>	at org.junit.platform.launcher.core.SessionPerRequestLauncher.execute(SessionPerRequestLauncher.java:53)<br/>	at com.intellij.junit5.JUnit5IdeaTestRunner.startRunnerWithArgs(JUnit5IdeaTestRunner.java:57)<br/>	at com.intellij.rt.junit.IdeaTestRunner$Repeater$1.execute(IdeaTestRunner.java:38)<br/>	at com.intellij.rt.execution.junit.TestsRepeater.repeat(TestsRepeater.java:11)<br/>	at com.intellij.rt.junit.IdeaTestRunner$Repeater.startRunnerWithArgs(IdeaTestRunner.java:35)<br/>	at com.intellij.rt.junit.JUnitStarter.prepareStreamsAndStart(JUnitStarter.java:232)<br/>	at com.intellij.rt.junit.JUnitStarter.main(JUnitStarter.java:55)<br/></span>
                                            </li>
                                        </ul>
                                    </li>
                                </ul>
                            </li>
                        </ul>
                    </li>
                    <li class="level top open">
                        <span><em class="time">
                                <div class="time">11 ms</div>
                            </em>TestFile</span>
                        <ul>
                            <li class="level test">
                                <span><em class="time">
                                        <div class="time">11 ms</div>
                                    </em><em class="status">passed</em>fileExistsTest()</span>
                            </li>
                        </ul>
                    </li>
                    <li class="level top failed open">
                        <span><em class="time">
                                <div class="time">39 ms</div>
                            </em>TestTimeOut</span>
                        <ul>
                            <li class="level test">
                                <span><em class="time">
                                        <div class="time">1 ms</div>
                                    </em><em class="status">passed</em>enableOnMac()</span>
                                <ul>
                                    <li class="text">
                                        <span class="stdout">Mac OSX Call <br/></span>
                                    </li>
                                </ul>
                            </li>
                            <li class="level test">
                                <span><em class="time">
                                        <div class="time">1 ms</div>
                                    </em><em class="status">passed</em>enableOnRangeJre_8_10()</span>
                                <ul>
                                    <li class="text">
                                        <span class="stdout">JAVA_8 - JAVA_10 Call<br/></span>
                                    </li>
                                </ul>
                            </li>
                            <li class="level test">
                                <span><em class="time">
                                        <div class="time">2 ms</div>
                                    </em><em class="status">passed</em>enableOnJre_8()</span>
                                <ul>
                                    <li class="text">
                                        <span class="stdout">JAVA_8 Call<br/></span>
                                    </li>
                                </ul>
                            </li>
                            <li class="level test">
                                <span><em class="time">
                                        <div class="time">1 ms</div>
                                    </em><em class="status">passed</em>Token Disable JWT</span>
                                <ul>
                                    <li class="text">
                                        <span class="stdout">Token Disable JWT Call<br/></span>
                                    </li>
                                </ul>
                            </li>
                            <li class="level test ignored open">
                                <span><em class="time"></em><em class="status">ignored</em>enableOnWindows()</span>
                            </li>
                            <li class="level test failed open">
                                <span><em class="time">
                                        <div class="time">11 ms</div>
                                    </em><em class="status">error</em>timeTest_1()</span>
                                <ul>
                                    <li class="text">
                                        <span class="stderr">java.util.concurrent.TimeoutException: timeTest_1() timed out after 10 mllseconds<br/>	at org.junit.jupiter.engine.extension.TimeoutExceptionFactory.create(TimeoutExceptionFactory.java:29)<br/>	at org.junit.jupiter.engine.extension.SameThreadTimeoutInvocation.proceed(SameThreadTimeoutInvocation.java:58)<br/>	at org.junit.jupiter.engine.extension.TimeoutExtension.intercept(TimeoutExtension.java:156)<br/>	at org.junit.jupiter.engine.extension.TimeoutExtension.interceptTestableMethod(TimeoutExtension.java:147)<br/>	at org.junit.jupiter.engine.extension.TimeoutExtension.interceptTestMethod(TimeoutExtension.java:86)<br/>	at org.junit.jupiter.engine.execution.InterceptingExecutableInvoker$ReflectiveInterceptorCall.lambda$ofVoidMethod$0(InterceptingExecutableInvoker.java:103)<br/>	at org.junit.jupiter.engine.execution.InterceptingExecutableInvoker.lambda$invoke$0(InterceptingExecutableInvoker.java:93)<br/>	at org.junit.jupiter.engine.execution.InvocationInterceptorChain$InterceptedInvocation.proceed(InvocationInterceptorChain.java:106)<br/>	at org.junit.jupiter.engine.execution.InvocationInterceptorChain.proceed(InvocationInterceptorChain.java:64)<br/>	at org.junit.jupiter.engine.execution.InvocationInterceptorChain.chainAndInvoke(InvocationInterceptorChain.java:45)<br/>	at org.junit.jupiter.engine.execution.InvocationInterceptorChain.invoke(InvocationInterceptorChain.java:37)<br/>	at org.junit.jupiter.engine.execution.InterceptingExecutableInvoker.invoke(InterceptingExecutableInvoker.java:92)<br/>	at org.junit.jupiter.engine.execution.InterceptingExecutableInvoker.invoke(InterceptingExecutableInvoker.java:86)<br/>	at org.junit.jupiter.engine.descriptor.TestMethodTestDescriptor.lambda$invokeTestMethod$7(TestMethodTestDescriptor.java:217)<br/>	at org.junit.platform.engine.support.hierarchical.ThrowableCollector.execute(ThrowableCollector.java:73)<br/>	at org.junit.jupiter.engine.descriptor.TestMethodTestDescriptor.invokeTestMethod(TestMethodTestDescriptor.java:213)<br/>	at org.junit.jupiter.engine.descriptor.TestMethodTestDescriptor.execute(TestMethodTestDescriptor.java:138)<br/>	at org.junit.jupiter.engine.descriptor.TestMethodTestDescriptor.execute(TestMethodTestDescriptor.java:68)<br/>	at org.junit.platform.engine.support.hierarchical.NodeTestTask.lambda$executeRecursively$6(NodeTestTask.java:151)<br/>	at org.junit.platform.engine.support.hierarchical.ThrowableCollector.execute(ThrowableCollector.java:73)<br/>	at org.junit.platform.engine.support.hierarchical.NodeTestTask.lambda$executeRecursively$8(NodeTestTask.java:141)<br/>	at org.junit.platform.engine.support.hierarchical.Node.around(Node.java:137)<br/>	at org.junit.platform.engine.support.hierarchical.NodeTestTask.lambda$executeRecursively$9(NodeTestTask.java:139)<br/>	at org.junit.platform.engine.support.hierarchical.ThrowableCollector.execute(ThrowableCollector.java:73)<br/>	at org.junit.platform.engine.support.hierarchical.NodeTestTask.executeRecursively(NodeTestTask.java:138)<br/>	at org.junit.platform.engine.support.hierarchical.NodeTestTask.execute(NodeTestTask.java:95)<br/>	at java.util.ArrayList.forEach(ArrayList.java:1249)<br/>	at org.junit.platform.engine.support.hierarchical.SameThreadHierarchicalTestExecutorService.invokeAll(SameThreadHierarchicalTestExecutorService.java:41)<br/>	at org.junit.platform.engine.support.hierarchical.NodeTestTask.lambda$executeRecursively$6(NodeTestTask.java:155)<br/>	at org.junit.platform.engine.support.hierarchical.ThrowableCollector.execute(ThrowableCollector.java:73)<br/>	at org.junit.platform.engine.support.hierarchical.NodeTestTask.lambda$executeRecursively$8(NodeTestTask.java:141)<br/>	at org.junit.platform.engine.support.hierarchical.Node.around(Node.java:137)<br/>	at org.junit.platform.engine.support.hierarchical.NodeTestTask.lambda$executeRecursively$9(NodeTestTask.java:139)<br/>	at org.junit.platform.engine.support.hierarchical.ThrowableCollector.execute(ThrowableCollector.java:73)<br/>	at org.junit.platform.engine.support.hierarchical.NodeTestTask.executeRecursively(NodeTestTask.java:138)<br/>	at org.junit.platform.engine.support.hierarchical.NodeTestTask.execute(NodeTestTask.java:95)<br/>	at java.util.ArrayList.forEach(ArrayList.java:1249)<br/>	at org.junit.platform.engine.support.hierarchical.SameThreadHierarchicalTestExecutorService.invokeAll(SameThreadHierarchicalTestExecutorService.java:41)<br/>	at org.junit.platform.engine.support.hierarchical.NodeTestTask.lambda$executeRecursively$6(NodeTestTask.java:155)<br/>	at org.junit.platform.engine.support.hierarchical.ThrowableCollector.execute(ThrowableCollector.java:73)<br/>	at org.junit.platform.engine.support.hierarchical.NodeTestTask.lambda$executeRecursively$8(NodeTestTask.java:141)<br/>	at org.junit.platform.engine.support.hierarchical.Node.around(Node.java:137)<br/>	at org.junit.platform.engine.support.hierarchical.NodeTestTask.lambda$executeRecursively$9(NodeTestTask.java:139)<br/>	at org.junit.platform.engine.support.hierarchical.ThrowableCollector.execute(ThrowableCollector.java:73)<br/>	at org.junit.platform.engine.support.hierarchical.NodeTestTask.executeRecursively(NodeTestTask.java:138)<br/>	at org.junit.platform.engine.support.hierarchical.NodeTestTask.execute(NodeTestTask.java:95)<br/>	at org.junit.platform.engine.support.hierarchical.SameThreadHierarchicalTestExecutorService.submit(SameThreadHierarchicalTestExecutorService.java:35)<br/>	at org.junit.platform.engine.support.hierarchical.HierarchicalTestExecutor.execute(HierarchicalTestExecutor.java:57)<br/>	at org.junit.platform.engine.support.hierarchical.HierarchicalTestEngine.execute(HierarchicalTestEngine.java:54)<br/>	at org.junit.platform.launcher.core.EngineExecutionOrchestrator.execute(EngineExecutionOrchestrator.java:147)<br/>	at org.junit.platform.launcher.core.EngineExecutionOrchestrator.execute(EngineExecutionOrchestrator.java:127)<br/>	at org.junit.platform.launcher.core.EngineExecutionOrchestrator.execute(EngineExecutionOrchestrator.java:90)<br/>	at org.junit.platform.launcher.core.EngineExecutionOrchestrator.execute(EngineExecutionOrchestrator.java:73)<br/>	at org.junit.platform.suite.engine.SuiteLauncher.execute(SuiteLauncher.java:63)<br/>	at org.junit.platform.suite.engine.SuiteTestDescriptor.execute(SuiteTestDescriptor.java:128)<br/>	at org.junit.platform.suite.engine.SuiteTestEngine.lambda$execute$0(SuiteTestEngine.java:73)<br/>	at java.util.stream.ForEachOps$ForEachOp$OfRef.accept(ForEachOps.java:184)<br/>	at java.util.stream.ReferencePipeline$3$1.accept(ReferencePipeline.java:193)<br/>	at java.util.Iterator.forEachRemaining(Iterator.java:116)<br/>	at java.util.Spliterators$IteratorSpliterator.forEachRemaining(Spliterators.java:1801)<br/>	at java.util.stream.AbstractPipeline.copyInto(AbstractPipeline.java:481)<br/>	at java.util.stream.AbstractPipeline.wrapAndCopyInto(AbstractPipeline.java:471)<br/>	at java.util.stream.ForEachOps$ForEachOp.evaluateSequential(ForEachOps.java:151)<br/>	at java.util.stream.ForEachOps$ForEachOp$OfRef.evaluateSequential(ForEachOps.java:174)<br/>	at java.util.stream.AbstractPipeline.evaluate(AbstractPipeline.java:234)<br/>	at java.util.stream.ReferencePipeline.forEach(ReferencePipeline.java:418)<br/>	at org.junit.platform.suite.engine.SuiteTestEngine.execute(SuiteTestEngine.java:73)<br/>	at org.junit.platform.launcher.core.EngineExecutionOrchestrator.execute(EngineExecutionOrchestrator.java:147)<br/>	at org.junit.platform.launcher.core.EngineExecutionOrchestrator.execute(EngineExecutionOrchestrator.java:127)<br/>	at org.junit.platform.launcher.core.EngineExecutionOrchestrator.execute(EngineExecutionOrchestrator.java:90)<br/>	at org.junit.platform.launcher.core.EngineExecutionOrchestrator.lambda$execute$0(EngineExecutionOrchestrator.java:55)<br/>	at org.junit.platform.launcher.core.EngineExecutionOrchestrator.withInterceptedStreams(EngineExecutionOrchestrator.java:102)<br/>	at org.junit.platform.launcher.core.EngineExecutionOrchestrator.execute(EngineExecutionOrchestrator.java:54)<br/>	at org.junit.platform.launcher.core.DefaultLauncher.execute(DefaultLauncher.java:114)<br/>	at org.junit.platform.launcher.core.DefaultLauncher.execute(DefaultLauncher.java:86)<br/>	at org.junit.platform.launcher.core.DefaultLauncherSession$DelegatingLauncher.execute(DefaultLauncherSession.java:86)<br/>	at org.junit.platform.launcher.core.SessionPerRequestLauncher.execute(SessionPerRequestLauncher.java:53)<br/>	at com.intellij.junit5.JUnit5IdeaTestRunner.startRunnerWithArgs(JUnit5IdeaTestRunner.java:57)<br/>	at com.intellij.rt.junit.IdeaTestRunner$Repeater$1.execute(IdeaTestRunner.java:38)<br/>	at com.intellij.rt.execution.junit.TestsRepeater.repeat(TestsRepeater.java:11)<br/>	at com.intellij.rt.junit.IdeaTestRunner$Repeater.startRunnerWithArgs(IdeaTestRunner.java:35)<br/>	at com.intellij.rt.junit.JUnitStarter.prepareStreamsAndStart(JUnitStarter.java:232)<br/>	at com.intellij.rt.junit.JUnitStarter.main(JUnitStarter.java:55)<br/>	Suppressed: java.lang.InterruptedException: sleep interrupted<br/>		at java.lang.Thread.sleep(Native Method)<br/>		at java.lang.Thread.sleep(Thread.java:340)<br/>		at java.util.concurrent.TimeUnit.sleep(TimeUnit.java:386)<br/>		at TestTimeOut.timeTest_1(TestTimeOut.java:14)<br/>		at sun.reflect.NativeMethodAccessorImpl.invoke0(Native Method)<br/>		at sun.reflect.NativeMethodAccessorImpl.invoke(NativeMethodAccessorImpl.java:62)<br/>		at sun.reflect.DelegatingMethodAccessorImpl.invoke(DelegatingMethodAccessorImpl.java:43)<br/>		at java.lang.reflect.Method.invoke(Method.java:498)<br/>		at org.junit.platform.commons.util.ReflectionUtils.invokeMethod(ReflectionUtils.java:727)<br/>		at org.junit.jupiter.engine.execution.MethodInvocation.proceed(MethodInvocation.java:60)<br/>		at org.junit.jupiter.engine.execution.InvocationInterceptorChain$ValidatingInvocation.proceed(InvocationInterceptorChain.java:131)<br/>		at org.junit.jupiter.engine.extension.SameThreadTimeoutInvocation.proceed(SameThreadTimeoutInvocation.java:45)<br/>		... 81 more<br/></span>
                                    </li>
                                </ul>
                            </li>
                            <li class="level test">
                                <span><em class="time">
                                        <div class="time">7 ms</div>
                                    </em><em class="status">passed</em>timeTest_2()</span>
                                <ul>
                                    <li class="text">
                                        <span class="stdout">timeTest_2 Call<br/></span>
                                    </li>
                                </ul>
                            </li>
                            <li class="level test failed open">
                                <span><em class="time">
                                        <div class="time">11 ms</div>
                                    </em><em class="status">failed</em>timeTest_3()</span>
                                <ul>
                                    <li class="text">
                                        <span class="stderr">org.opentest4j.AssertionFailedError: execution exceeded timeout of 5 ms by 1 ms<br/>	at org.junit.jupiter.api.AssertionFailureBuilder.build(AssertionFailureBuilder.java:152)<br/>	at org.junit.jupiter.api.AssertionFailureBuilder.buildAndThrow(AssertionFailureBuilder.java:132)<br/>	at org.junit.jupiter.api.AssertTimeout.assertTimeout(AssertTimeout.java:81)<br/>	at org.junit.jupiter.api.AssertTimeout.assertTimeout(AssertTimeout.java:57)<br/>	at org.junit.jupiter.api.AssertTimeout.assertTimeout(AssertTimeout.java:39)<br/>	at org.junit.jupiter.api.AssertTimeout.assertTimeout(AssertTimeout.java:35)<br/>	at org.junit.jupiter.api.Assertions.assertTimeout(Assertions.java:3262)<br/>	at TestTimeOut.timeTest_3(TestTimeOut.java:27)<br/>	at sun.reflect.NativeMethodAccessorImpl.invoke0(Native Method)<br/>	at sun.reflect.NativeMethodAccessorImpl.invoke(NativeMethodAccessorImpl.java:62)<br/>	at sun.reflect.DelegatingMethodAccessorImpl.invoke(DelegatingMethodAccessorImpl.java:43)<br/>	at java.lang.reflect.Method.invoke(Method.java:498)<br/>	at org.junit.platform.commons.util.ReflectionUtils.invokeMethod(ReflectionUtils.java:727)<br/>	at org.junit.jupiter.engine.execution.MethodInvocation.proceed(MethodInvocation.java:60)<br/>	at org.junit.jupiter.engine.execution.InvocationInterceptorChain$ValidatingInvocation.proceed(InvocationInterceptorChain.java:131)<br/>	at org.junit.jupiter.engine.extension.SameThreadTimeoutInvocation.proceed(SameThreadTimeoutInvocation.java:45)<br/>	at org.junit.jupiter.engine.extension.TimeoutExtension.intercept(TimeoutExtension.java:156)<br/>	at org.junit.jupiter.engine.extension.TimeoutExtension.interceptTestableMethod(TimeoutExtension.java:147)<br/>	at org.junit.jupiter.engine.extension.TimeoutExtension.interceptTestMethod(TimeoutExtension.java:86)<br/>	at org.junit.jupiter.engine.execution.InterceptingExecutableInvoker$ReflectiveInterceptorCall.lambda$ofVoidMethod$0(InterceptingExecutableInvoker.java:103)<br/>	at org.junit.jupiter.engine.execution.InterceptingExecutableInvoker.lambda$invoke$0(InterceptingExecutableInvoker.java:93)<br/>	at org.junit.jupiter.engine.execution.InvocationInterceptorChain$InterceptedInvocation.proceed(InvocationInterceptorChain.java:106)<br/>	at org.junit.jupiter.engine.execution.InvocationInterceptorChain.proceed(InvocationInterceptorChain.java:64)<br/>	at org.junit.jupiter.engine.execution.InvocationInterceptorChain.chainAndInvoke(InvocationInterceptorChain.java:45)<br/>	at org.junit.jupiter.engine.execution.InvocationInterceptorChain.invoke(InvocationInterceptorChain.java:37)<br/>	at org.junit.jupiter.engine.execution.InterceptingExecutableInvoker.invoke(InterceptingExecutableInvoker.java:92)<br/>	at org.junit.jupiter.engine.execution.InterceptingExecutableInvoker.invoke(InterceptingExecutableInvoker.java:86)<br/>	at org.junit.jupiter.engine.descriptor.TestMethodTestDescriptor.lambda$invokeTestMethod$7(TestMethodTestDescriptor.java:217)<br/>	at org.junit.platform.engine.support.hierarchical.ThrowableCollector.execute(ThrowableCollector.java:73)<br/>	at org.junit.jupiter.engine.descriptor.TestMethodTestDescriptor.invokeTestMethod(TestMethodTestDescriptor.java:213)<br/>	at org.junit.jupiter.engine.descriptor.TestMethodTestDescriptor.execute(TestMethodTestDescriptor.java:138)<br/>	at org.junit.jupiter.engine.descriptor.TestMethodTestDescriptor.execute(TestMethodTestDescriptor.java:68)<br/>	at org.junit.platform.engine.support.hierarchical.NodeTestTask.lambda$executeRecursively$6(NodeTestTask.java:151)<br/>	at org.junit.platform.engine.support.hierarchical.ThrowableCollector.execute(ThrowableCollector.java:73)<br/>	at org.junit.platform.engine.support.hierarchical.NodeTestTask.lambda$executeRecursively$8(NodeTestTask.java:141)<br/>	at org.junit.platform.engine.support.hierarchical.Node.around(Node.java:137)<br/>	at org.junit.platform.engine.support.hierarchical.NodeTestTask.lambda$executeRecursively$9(NodeTestTask.java:139)<br/>	at org.junit.platform.engine.support.hierarchical.ThrowableCollector.execute(ThrowableCollector.java:73)<br/>	at org.junit.platform.engine.support.hierarchical.NodeTestTask.executeRecursively(NodeTestTask.java:138)<br/>	at org.junit.platform.engine.support.hierarchical.NodeTestTask.execute(NodeTestTask.java:95)<br/>	at java.util.ArrayList.forEach(ArrayList.java:1249)<br/>	at org.junit.platform.engine.support.hierarchical.SameThreadHierarchicalTestExecutorService.invokeAll(SameThreadHierarchicalTestExecutorService.java:41)<br/>	at org.junit.platform.engine.support.hierarchical.NodeTestTask.lambda$executeRecursively$6(NodeTestTask.java:155)<br/>	at org.junit.platform.engine.support.hierarchical.ThrowableCollector.execute(ThrowableCollector.java:73)<br/>	at org.junit.platform.engine.support.hierarchical.NodeTestTask.lambda$executeRecursively$8(NodeTestTask.java:141)<br/>	at org.junit.platform.engine.support.hierarchical.Node.around(Node.java:137)<br/>	at org.junit.platform.engine.support.hierarchical.NodeTestTask.lambda$executeRecursively$9(NodeTestTask.java:139)<br/>	at org.junit.platform.engine.support.hierarchical.ThrowableCollector.execute(ThrowableCollector.java:73)<br/>	at org.junit.platform.engine.support.hierarchical.NodeTestTask.executeRecursively(NodeTestTask.java:138)<br/>	at org.junit.platform.engine.support.hierarchical.NodeTestTask.execute(NodeTestTask.java:95)<br/>	at java.util.ArrayList.forEach(ArrayList.java:1249)<br/>	at org.junit.platform.engine.support.hierarchical.SameThreadHierarchicalTestExecutorService.invokeAll(SameThreadHierarchicalTestExecutorService.java:41)<br/>	at org.junit.platform.engine.support.hierarchical.NodeTestTask.lambda$executeRecursively$6(NodeTestTask.java:155)<br/>	at org.junit.platform.engine.support.hierarchical.ThrowableCollector.execute(ThrowableCollector.java:73)<br/>	at org.junit.platform.engine.support.hierarchical.NodeTestTask.lambda$executeRecursively$8(NodeTestTask.java:141)<br/>	at org.junit.platform.engine.support.hierarchical.Node.around(Node.java:137)<br/>	at org.junit.platform.engine.support.hierarchical.NodeTestTask.lambda$executeRecursively$9(NodeTestTask.java:139)<br/>	at org.junit.platform.engine.support.hierarchical.ThrowableCollector.execute(ThrowableCollector.java:73)<br/>	at org.junit.platform.engine.support.hierarchical.NodeTestTask.executeRecursively(NodeTestTask.java:138)<br/>	at org.junit.platform.engine.support.hierarchical.NodeTestTask.execute(NodeTestTask.java:95)<br/>	at org.junit.platform.engine.support.hierarchical.SameThreadHierarchicalTestExecutorService.submit(SameThreadHierarchicalTestExecutorService.java:35)<br/>	at org.junit.platform.engine.support.hierarchical.HierarchicalTestExecutor.execute(HierarchicalTestExecutor.java:57)<br/>	at org.junit.platform.engine.support.hierarchical.HierarchicalTestEngine.execute(HierarchicalTestEngine.java:54)<br/>	at org.junit.platform.launcher.core.EngineExecutionOrchestrator.execute(EngineExecutionOrchestrator.java:147)<br/>	at org.junit.platform.launcher.core.EngineExecutionOrchestrator.execute(EngineExecutionOrchestrator.java:127)<br/>	at org.junit.platform.launcher.core.EngineExecutionOrchestrator.execute(EngineExecutionOrchestrator.java:90)<br/>	at org.junit.platform.launcher.core.EngineExecutionOrchestrator.execute(EngineExecutionOrchestrator.java:73)<br/>	at org.junit.platform.suite.engine.SuiteLauncher.execute(SuiteLauncher.java:63)<br/>	at org.junit.platform.suite.engine.SuiteTestDescriptor.execute(SuiteTestDescriptor.java:128)<br/>	at org.junit.platform.suite.engine.SuiteTestEngine.lambda$execute$0(SuiteTestEngine.java:73)<br/>	at java.util.stream.ForEachOps$ForEachOp$OfRef.accept(ForEachOps.java:184)<br/>	at java.util.stream.ReferencePipeline$3$1.accept(ReferencePipeline.java:193)<br/>	at java.util.Iterator.forEachRemaining(Iterator.java:116)<br/>	at java.util.Spliterators$IteratorSpliterator.forEachRemaining(Spliterators.java:1801)<br/>	at java.util.stream.AbstractPipeline.copyInto(AbstractPipeline.java:481)<br/>	at java.util.stream.AbstractPipeline.wrapAndCopyInto(AbstractPipeline.java:471)<br/>	at java.util.stream.ForEachOps$ForEachOp.evaluateSequential(ForEachOps.java:151)<br/>	at java.util.stream.ForEachOps$ForEachOp$OfRef.evaluateSequential(ForEachOps.java:174)<br/>	at java.util.stream.AbstractPipeline.evaluate(AbstractPipeline.java:234)<br/>	at java.util.stream.ReferencePipeline.forEach(ReferencePipeline.java:418)<br/>	at org.junit.platform.suite.engine.SuiteTestEngine.execute(SuiteTestEngine.java:73)<br/>	at org.junit.platform.launcher.core.EngineExecutionOrchestrator.execute(EngineExecutionOrchestrator.java:147)<br/>	at org.junit.platform.launcher.core.EngineExecutionOrchestrator.execute(EngineExecutionOrchestrator.java:127)<br/>	at org.junit.platform.launcher.core.EngineExecutionOrchestrator.execute(EngineExecutionOrchestrator.java:90)<br/>	at org.junit.platform.launcher.core.EngineExecutionOrchestrator.lambda$execute$0(EngineExecutionOrchestrator.java:55)<br/>	at org.junit.platform.launcher.core.EngineExecutionOrchestrator.withInterceptedStreams(EngineExecutionOrchestrator.java:102)<br/>	at org.junit.platform.launcher.core.EngineExecutionOrchestrator.execute(EngineExecutionOrchestrator.java:54)<br/>	at org.junit.platform.launcher.core.DefaultLauncher.execute(DefaultLauncher.java:114)<br/>	at org.junit.platform.launcher.core.DefaultLauncher.execute(DefaultLauncher.java:86)<br/>	at org.junit.platform.launcher.core.DefaultLauncherSession$DelegatingLauncher.execute(DefaultLauncherSession.java:86)<br/>	at org.junit.platform.launcher.core.SessionPerRequestLauncher.execute(SessionPerRequestLauncher.java:53)<br/>	at com.intellij.junit5.JUnit5IdeaTestRunner.startRunnerWithArgs(JUnit5IdeaTestRunner.java:57)<br/>	at com.intellij.rt.junit.IdeaTestRunner$Repeater$1.execute(IdeaTestRunner.java:38)<br/>	at com.intellij.rt.execution.junit.TestsRepeater.repeat(TestsRepeater.java:11)<br/>	at com.intellij.rt.junit.IdeaTestRunner$Repeater.startRunnerWithArgs(IdeaTestRunner.java:35)<br/>	at com.intellij.rt.junit.JUnitStarter.prepareStreamsAndStart(JUnitStarter.java:232)<br/>	at com.intellij.rt.junit.JUnitStarter.main(JUnitStarter.java:55)<br/></span>
                                    </li>
                                </ul>
                            </li>
                            <li class="level test ignored open">
                                <span><em class="time"></em><em class="status">ignored</em>ignoreTest()</span>
                            </li>
                            <li class="level suite open">
                                <span><em class="time">
                                        <div class="time">5 ms</div>
                                    </em>repeatTest()</span>
                                <ul>
                                    <li class="level test">
                                        <span><em class="time">
                                                <div class="time">1 ms</div>
                                            </em><em class="status">passed</em>repetition 1 of 5</span>
                                        <ul>
                                            <li class="text">
                                                <span class="stdout">repeatTest Call<br/></span>
                                            </li>
                                        </ul>
                                    </li>
                                    <li class="level test">
                                        <span><em class="time">
                                                <div class="time">1 ms</div>
                                            </em><em class="status">passed</em>repetition 2 of 5</span>
                                        <ul>
                                            <li class="text">
                                                <span class="stdout">repeatTest Call<br/></span>
                                            </li>
                                        </ul>
                                    </li>
                                    <li class="level test">
                                        <span><em class="time">
                                                <div class="time">1 ms</div>
                                            </em><em class="status">passed</em>repetition 3 of 5</span>
                                        <ul>
                                            <li class="text">
                                                <span class="stdout">repeatTest Call<br/></span>
                                            </li>
                                        </ul>
                                    </li>
                                    <li class="level test">
                                        <span><em class="time">
                                                <div class="time">1 ms</div>
                                            </em><em class="status">passed</em>repetition 4 of 5</span>
                                        <ul>
                                            <li class="text">
                                                <span class="stdout">repeatTest Call<br/></span>
                                            </li>
                                        </ul>
                                    </li>
                                    <li class="level test">
                                        <span><em class="time">
                                                <div class="time">1 ms</div>
                                            </em><em class="status">passed</em>repetition 5 of 5</span>
                                        <ul>
                                            <li class="text">
                                                <span class="stdout">repeatTest Call<br/></span>
                                            </li>
                                        </ul>
                                    </li>
                                </ul>
                            </li>
                        </ul>
                    </li>
                    <li class="level top open">
                        <span><em class="time">
                                <div class="time">470 ms</div>
                            </em>ServiceTest</span>
                        <ul>
                            <li class="level test">
                                <span><em class="time">
                                        <div class="time">217 ms</div>
                                    </em><em class="status">passed</em>userSaveTest()</span>
                                <ul>
                                    <li class="text">
                                        <span class="stdout">User(id=101, firstName=Erkan, lastName=Bilmem, age=null, email=erkan@mail.com, password=)<br/></span>
                                    </li>
                                </ul>
                            </li>
                            <li class="level test">
                                <span><em class="time">
                                        <div class="time">253 ms</div>
                                    </em><em class="status">passed</em>userAllTest()</span>
                                <ul>
                                    <li class="text">
                                        <span class="stdout">Users(users=[User(id=1, firstName=Terry, lastName=Medhurst, maidenName=Smitham, age=50, gender=male, email=atuny0@sohu.com, phone=+63 791 675 8914, username=atuny0, password=9uQFF1Lh, birthDate=2000-12-25, image=https://robohash.org/hicveldicta.png, bloodGroup=A, height=189, weight=75.4, eyeColor=Green, hair=Hair(color=Black, type=Strands), domain=slashdot.org, ip=117.29.86.254, address=Address(address=1745 T Street Southeast, city=Washington, coordinates=Coordinates(lat=38.867033, lng=-76.979235), postalCode=20020, state=DC), macAddress=13:69:BA:56:A3:74, university=Capitol University, bank=Bank(cardExpire=06/22, cardNumber=50380955204220685, cardType=maestro, currency=Peso, iban=NO17 0695 2754 967), company=Company(address=Address(address=629 Debbie Drive, city=Nashville, coordinates=Coordinates(lat=36.208114, lng=-86.58621199999999), postalCode=37076, state=TN), department=Marketing, name=Blanda-O'Keefe, title=Help Desk Operator), ein=20-9487066, ssn=661-64-2976, userAgent=Mozilla/5.0 (Windows NT 6.1) AppleWebKit/534.24 (KHTML, like Gecko) Chrome/12.0.702.0 Safari/534.24), User(id=2, firstName=Sheldon, lastName=Quigley, maidenName=Cole, age=28, gender=male, email=hbingley1@plala.or.jp, phone=+7 813 117 7139, username=hbingley1, password=CQutx25i8r, birthDate=2003-08-02, image=https://robohash.org/doloremquesintcorrupti.png, bloodGroup=O+, height=187, weight=74.0, eyeColor=Brown, hair=Hair(color=Blond, type=Curly), domain=51.la, ip=253.240.20.181, address=Address(address=6007 Applegate Lane, city=Louisville, coordinates=Coordinates(lat=38.1343013, lng=-85.6498512), postalCode=40219, state=KY), macAddress=13:F1:00:DA:A4:12, university=Stavropol State Technical University, bank=Bank(cardExpire=10/23, cardNumber=5355920631952404, cardType=mastercard, currency=Ruble, iban=MD63 L6YC 8YH4 QVQB XHIK MTML), company=Company(address=Address(address=8821 West Myrtle Avenue, city=Glendale, coordinates=Coordinates(lat=33.5404296, lng=-112.2488391), postalCode=85305, state=AZ), department=Services, name=Aufderhar-Cronin, title=Senior Cost Accountant), ein=52-5262907, ssn=447-08-9217, userAgent=Mozilla/5.0 (X11; Linux x86_64) AppleWebKit/534.30 (KHTML, like Gecko) Ubuntu/11.04 Chromium/12.0.742.112 Chrome/12.0.742.112 Safari/534.30), User(id=3, firstName=Terrill, lastName=Hills, maidenName=Hoeger, age=38, gender=male, email=rshawe2@51.la, phone=+63 739 292 7942, username=rshawe2, password=OWsTbMUgFc, birthDate=1992-12-30, image=https://robohash.org/consequunturautconsequatur.png, bloodGroup=A, height=200, weight=105.3, eyeColor=Gray, hair=Hair(color=Blond, type=Very curly), domain=earthlink.net, ip=205.226.160.3, address=Address(address=560 Penstock Drive, city=Grass Valley, coordinates=Coordinates(lat=39.213076, lng=-121.077583), postalCode=95945, state=CA), macAddress=F2:88:58:64:F7:76, university=University of Cagayan Valley, bank=Bank(cardExpire=10/23, cardNumber=3586082982526703, cardType=jcb, currency=Peso, iban=AT24 1095 9625 1434 9703), company=Company(address=Address(address=18 Densmore Drive, city=Essex, coordinates=Coordinates(lat=44.492953, lng=-73.101883), postalCode=05452, state=VT), department=Marketing, name=Lindgren LLC, title=Mechanical Systems Engineer), ein=48-3951994, ssn=633-89-1926, userAgent=Mozilla/5.0 (Windows NT 6.2; Win64; x64; rv:21.0.0) Gecko/20121011 Firefox/21.0.0), User(id=4, firstName=Miles, lastName=Cummerata, maidenName=Maggio, age=49, gender=male, email=yraigatt3@nature.com, phone=+86 461 145 4186, username=yraigatt3, password=sRQxjPfdS, birthDate=1969-01-16, image=https://robohash.org/facilisdignissimosdolore.png, bloodGroup=B+, height=157, weight=95.9, eyeColor=Gray, hair=Hair(color=Blond, type=Very curly), domain=homestead.com, ip=243.20.78.113, address=Address(address=150 Carter Street, city=Manchester, coordinates=Coordinates(lat=41.76556000000001, lng=-72.473091), postalCode=06040, state=CT), macAddress=03:45:58:59:5A:7B, university=Shenyang Pharmaceutical University, bank=Bank(cardExpire=07/24, cardNumber=3580047879369323, cardType=jcb, currency=Yuan Renminbi, iban=KZ43 658B M6VS TZOU OXSO), company=Company(address=Address(address=210 Green Road, city=Manchester, coordinates=Coordinates(lat=41.7909099, lng=-72.51195129999999), postalCode=06042, state=CT), department=Business Development, name=Wolff and Sons, title=Paralegal), ein=71-3644334, ssn=487-28-6642, userAgent=Mozilla/5.0 (Windows NT 6.2; WOW64) AppleWebKit/537.11 (KHTML, like Gecko) Chrome/23.0.1271.17 Safari/537.11), User(id=5, firstName=Mavis, lastName=Schultz, maidenName=Yundt, age=38, gender=male, email=kmeus4@upenn.edu, phone=+372 285 771 1911, username=kmeus4, password=aUTdmmmbH, birthDate=1968-11-03, image=https://robohash.org/adverovelit.png, bloodGroup=O+, height=188, weight=106.3, eyeColor=Brown, hair=Hair(color=Brown, type=Curly), domain=columbia.edu, ip=103.72.86.183, address=Address(address=2721 Lindsay Avenue, city=Louisville, coordinates=Coordinates(lat=38.263793, lng=-85.700243), postalCode=40206, state=KY), macAddress=F8:04:9E:ED:C0:68, university=Estonian University of Life Sciences, bank=Bank(cardExpire=01/24, cardNumber=4917245076693618, cardType=visa-electron, currency=Euro, iban=IT41 T114 5127 716J RGYB ZRUX DSJ), company=Company(address=Address(address=8398 West Denton Lane, city=Glendale, coordinates=Coordinates(lat=33.515353, lng=-112.240812), postalCode=85305, state=AZ), department=Support, name=Adams Inc, title=Web Developer I), ein=18-7178563, ssn=667-98-5357, userAgent=Mozilla/5.0 (Windows NT 6.0) AppleWebKit/535.1 (KHTML, like Gecko) Chrome/13.0.782.1 Safari/535.1), User(id=6, firstName=Alison, lastName=Reichert, maidenName=Franecki, age=21, gender=female, email=jtreleven5@nhs.uk, phone=+351 527 735 3642, username=jtreleven5, password=zY1nE46Zm, birthDate=1969-07-21, image=https://robohash.org/laboriosamfacilisrem.png, bloodGroup=A+, height=149, weight=105.7, eyeColor=Amber, hair=Hair(color=Blond, type=Straight), domain=bandcamp.com, ip=49.201.206.36, address=Address(address=18 Densmore Drive, city=Essex, coordinates=Coordinates(lat=44.492953, lng=-73.101883), postalCode=05452, state=VT), macAddress=6C:34:D0:4B:4E:81, university=Universidade da Beira Interior, bank=Bank(cardExpire=03/22, cardNumber=345675888286047, cardType=americanexpress, currency=Euro, iban=LB69 1062 QCY5 XS5T VOKU KJFG XP4S), company=Company(address=Address(address=6231 North 67th Avenue, city=Glendale, coordinates=Coordinates(lat=33.5279666, lng=-112.2022551), postalCode=85301, state=AZ), department=Accounting, name=D'Amore and Sons, title=Civil Engineer), ein=78-3192791, ssn=158-68-0184, userAgent=Mozilla/5.0 (Windows; U; Windows NT 6.0; nb-NO) AppleWebKit/533.18.1 (KHTML, like Gecko) Version/5.0.2 Safari/533.18.5), User(id=7, firstName=Oleta, lastName=Abbott, maidenName=Wyman, age=31, gender=female, email=dpettegre6@columbia.edu, phone=+62 640 802 7111, username=dpettegre6, password=YVmhktgYVS, birthDate=1982-02-21, image=https://robohash.org/cupiditatererumquos.png, bloodGroup=B, height=172, weight=78.1, eyeColor=Blue, hair=Hair(color=Chestnut, type=Wavy), domain=ovh.net, ip=25.207.107.146, address=Address(address=637 Britannia Drive, city=Vallejo, coordinates=Coordinates(lat=38.10476999999999, lng=-122.193849), postalCode=94591, state=CA), macAddress=48:2D:A0:67:19:E0, university=Institut Sains dan Teknologi Al Kamal, bank=Bank(cardExpire=10/23, cardNumber=3589640949470047, cardType=jcb, currency=Rupiah, iban=GI97 IKPF 9DUO X25M FG8D UXY), company=Company(address=Address(address=1407 Walden Court, city=Crofton, coordinates=Coordinates(lat=39.019306, lng=-76.660653), postalCode=21114, state=MD), department=Product Management, name=Schimmel, Wilderman and Orn, title=Sales Associate), ein=29-1568401, ssn=478-11-2206, userAgent=Mozilla/5.0 (Windows; U; Windows NT 5.1; ru-RU) AppleWebKit/533.18.1 (KHTML, like Gecko) Version/5.0.2 Safari/533.18.5), User(id=8, firstName=Ewell, lastName=Mueller, maidenName=Durgan, age=29, gender=male, email=ggude7@chron.com, phone=+86 946 297 2275, username=ggude7, password=MWwlaeWcOoF6, birthDate=1964-08-24, image=https://robohash.org/quiaharumsapiente.png, bloodGroup=A, height=146, weight=52.1, eyeColor=Blue, hair=Hair(color=Chestnut, type=Wavy), domain=homestead.com, ip=91.200.56.127, address=Address(address=5601 West Crocus Drive, city=Glendale, coordinates=Coordinates(lat=33.6152469, lng=-112.179737), postalCode=85306, state=AZ), macAddress=72:DA:1B:D7:30:E9, university=Wenzhou Medical College, bank=Bank(cardExpire=09/23, cardNumber=30549925358905, cardType=diners-club-carte-blanche, currency=Yuan Renminbi, iban=CY02 9914 5346 0PMT G6XW TP0R AWRZ), company=Company(address=Address(address=81 Seaton Place Northwest, city=Washington, coordinates=Coordinates(lat=38.9149499, lng=-77.01170259999999), postalCode=20001, state=DC), department=Services, name=Corkery, Reichert and Hodkiewicz, title=Clinical Specialist), ein=88-4396827, ssn=238-41-5528, userAgent=Mozilla/5.0 (X11; Linux amd64) AppleWebKit/534.36 (KHTML, like Gecko) Chrome/13.0.766.0 Safari/534.36), User(id=9, firstName=Demetrius, lastName=Corkery, maidenName=Gleason, age=22, gender=male, email=nloiterton8@aol.com, phone=+86 356 590 9727, username=nloiterton8, password=HTQxxXV9Bq4, birthDate=1971-03-11, image=https://robohash.org/excepturiiuremolestiae.png, bloodGroup=A+, height=170, weight=97.1, eyeColor=Green, hair=Hair(color=Brown, type=Strands), domain=goodreads.com, ip=78.170.185.120, address=Address(address=5403 Illinois Avenue, city=Nashville, coordinates=Coordinates(lat=36.157077, lng=-86.853827), postalCode=37209, state=TN), macAddress=98:EE:94:A2:91:C4, university=Nanjing University of Economics, bank=Bank(cardExpire=02/24, cardNumber=5372664789004621, cardType=mastercard, currency=Yuan Renminbi, iban=BR68 9829 0581 3669 5088 5533 025N V), company=Company(address=Address(address=12245 West 71st Place, city=Arvada, coordinates=Coordinates(lat=39.8267078, lng=-105.1366798), postalCode=80004, state=CO), department=Human Resources, name=Gorczany Group, title=Community Outreach Specialist), ein=14-1066382, ssn=717-26-3759, userAgent=Mozilla/5.0 (Macintosh; U; PPC Mac OS X 10_4_11; de) AppleWebKit/528.4+ (KHTML, like Gecko) Version/4.0dp1 Safari/526.11.2), User(id=10, firstName=Eleanora, lastName=Price, maidenName=Cummings, age=37, gender=female, email=umcgourty9@jalbum.net, phone=+60 184 408 0824, username=umcgourty9, password=i0xzpX, birthDate=1958-08-11, image=https://robohash.org/aliquamcumqueiure.png, bloodGroup=O+, height=198, weight=48.0, eyeColor=Blue, hair=Hair(color=Chestnut, type=Wavy), domain=alibaba.com, ip=73.15.179.178, address=Address(address=8821 West Myrtle Avenue, city=Glendale, coordinates=Coordinates(lat=33.5404296, lng=-112.2488391), postalCode=85305, state=AZ), macAddress=BC:A9:D8:98:CB:0B, university=Melaka City Polytechnic, bank=Bank(cardExpire=01/24, cardNumber=3557806620295254, cardType=jcb, currency=Ringgit, iban=GT40 DWAD 9UHA VEOZ ZF4J 2Y0F OOFD), company=Company(address=Address(address=1649 Timberridge Court, city=Fayetteville, coordinates=Coordinates(lat=36.084563, lng=-94.206082), postalCode=72704, state=AR), department=Marketing, name=Bins Group, title=Senior Sales Associate), ein=21-5278484, ssn=544-66-0745, userAgent=Mozilla/5.0 (Macintosh; Intel Mac OS X 10_8_2) AppleWebKit/537.11 (KHTML, like Gecko) Chrome/23.0.1271.6 Safari/537.11), User(id=11, firstName=Marcel, lastName=Jones, maidenName=Smith, age=39, gender=male, email=acharlota@liveinternet.ru, phone=+967 253 210 0344, username=acharlota, password=M9lbMdydMN, birthDate=1961-09-12, image=https://robohash.org/impeditautest.png, bloodGroup=B, height=203, weight=63.7, eyeColor=Amber, hair=Hair(color=Black, type=Straight), domain=feedburner.com, ip=137.235.164.173, address=Address(address=2203 7th Street Road, city=Louisville, coordinates=Coordinates(lat=38.218107, lng=-85.779006), postalCode=40208, state=KY), macAddress=59:E8:70:5A:E5:D6, university=Hodeidah University, bank=Bank(cardExpire=05/24, cardNumber=5893925889459720, cardType=maestro, currency=Rial, iban=NL97 UWMY 2503 2999 43), company=Company(address=Address(address=308 Woodleaf Court, city=Glen Burnie, coordinates=Coordinates(lat=39.1425931, lng=-76.6238441), postalCode=21061, state=MD), department=Business Development, name=Kuhn-Harber, title=Account Executive), ein=09-3791007, ssn=342-54-8422, userAgent=Mozilla/5.0 (Windows NT 5.2) AppleWebKit/535.1 (KHTML, like Gecko) Chrome/14.0.792.0 Safari/535.1), User(id=12, firstName=Assunta, lastName=Rath, maidenName=Heller, age=42, gender=female, email=rhallawellb@dropbox.com, phone=+380 962 542 6549, username=rhallawellb, password=esTkitT1r, birthDate=1990-12-14, image=https://robohash.org/namquaerataut.png, bloodGroup=O, height=168, weight=96.8, eyeColor=Gray, hair=Hair(color=Black, type=Very curly), domain=123-reg.co.uk, ip=74.80.53.208, address=Address(address=6463 Vrain Street, city=Arvada, coordinates=Coordinates(lat=39.814056, lng=-105.046913), postalCode=80003, state=CO), macAddress=9B:DC:21:C2:30:A3, university=Kiev Slavonic University, bank=Bank(cardExpire=09/22, cardNumber=5602230671060360, cardType=bankcard, currency=Hryvnia, iban=KW76 VNLA LX0Y DMDE PFS8 FVKP VMDF AV), company=Company(address=Address(address=388 East Main Street, city=null, coordinates=Coordinates(lat=43.9727945, lng=-73.1023187), postalCode=05753, state=VT), department=Product Management, name=Goodwin-Skiles, title=Developer II), ein=14-1242349, ssn=116-51-6131, userAgent=Mozilla/5.0 (X11; CrOS i686 4319.74.0) AppleWebKit/537.36 (KHTML, like Gecko) Chrome/29.0.1547.57 Safari/537.36), User(id=13, firstName=Trace, lastName=Douglas, maidenName=Lemke, age=26, gender=male, email=lgribbinc@posterous.com, phone=+1 609 937 3468, username=lgribbinc, password=ftGj8LZTtv9g, birthDate=1967-07-23, image=https://robohash.org/voluptatemsintnulla.png, bloodGroup=O+, height=181, weight=56.5, eyeColor=Amber, hair=Hair(color=Auburn, type=Straight), domain=histats.com, ip=163.245.232.27, address=Address(address=87 Horseshoe Drive, city=West Windsor, coordinates=Coordinates(lat=43.4731793, lng=-72.4967532), postalCode=05037, state=VT), macAddress=B9:21:ED:9F:B8:9E, university=Dallas Christian College, bank=Bank(cardExpire=01/23, cardNumber=3556299106119514, cardType=jcb, currency=Dollar, iban=AE47 4194 4544 3401 3419 286), company=Company(address=Address(address=310 Timrod Road, city=Manchester, coordinates=Coordinates(lat=41.756758, lng=-72.493501), postalCode=06040, state=CT), department=Research and Development, name=Casper Inc, title=Sales Associate), ein=94-0648182, ssn=217-05-3082, userAgent=Mozilla/5.0 (Windows; U; Windows NT 5.1; ru-RU) AppleWebKit/533.19.4 (KHTML, like Gecko) Version/5.0.3 Safari/533.19.4), User(id=14, firstName=Enoch, lastName=Lynch, maidenName=Heidenreich, age=21, gender=male, email=mturleyd@tumblr.com, phone=+94 912 100 5118, username=mturleyd, password=GyLnCB8gNIp, birthDate=1979-08-25, image=https://robohash.org/quisequienim.png, bloodGroup=O+, height=150, weight=100.3, eyeColor=Green, hair=Hair(color=Auburn, type=Strands), domain=icio.us, ip=174.238.43.126, address=Address(address=60 Desousa Drive, city=Manchester, coordinates=Coordinates(lat=41.7409259, lng=-72.5619104), postalCode=06040, state=CT), macAddress=52:11:E1:31:35:C1, university=University of Sri Jayawardenapura, bank=Bank(cardExpire=11/23, cardNumber=5339467937996728, cardType=mastercard, currency=Rupee, iban=SI28 0812 7967 0952 944), company=Company(address=Address(address=21950 Arnold Center Road, city=Carson, coordinates=Coordinates(lat=33.8272706, lng=-118.2302826), postalCode=90810, state=CA), department=Sales, name=Schoen Inc, title=Professor), ein=61-8316825, ssn=742-81-1714, userAgent=Mozilla/5.0 (Windows; U; Windows NT 5.0; en-en) AppleWebKit/533.16 (KHTML, like Gecko) Version/4.1 Safari/533.16), User(id=15, firstName=Jeanne, lastName=Halvorson, maidenName=Cummerata, age=26, gender=female, email=kminchelle@qq.com, phone=+86 581 108 7855, username=kminchelle, password=0lelplR, birthDate=1996-02-02, image=https://robohash.org/autquiaut.png, bloodGroup=A+, height=176, weight=45.7, eyeColor=Amber, hair=Hair(color=Blond, type=Straight), domain=google.co.uk, ip=78.43.74.226, address=Address(address=4 Old Colony Way, city=Yarmouth, coordinates=Coordinates(lat=41.697168, lng=-70.189992), postalCode=02664, state=MA), macAddress=D9:DB:D9:5A:01:09, university=Donghua University, Shanghai, bank=Bank(cardExpire=10/23, cardNumber=3588859507772914, cardType=jcb, currency=Yuan Renminbi, iban=FO12 1440 0396 8902 56), company=Company(address=Address(address=22572 Toreador Drive, city=Salinas, coordinates=Coordinates(lat=36.602449, lng=-121.699071), postalCode=93908, state=CA), department=Marketing, name=Hahn-MacGyver, title=Software Test Engineer IV), ein=62-0561095, ssn=855-43-8639, userAgent=Mozilla/5.0 (X11; Linux i686) AppleWebKit/534.24 (KHTML, like Gecko) Chrome/11.0.696.14 Safari/534.24), User(id=16, firstName=Trycia, lastName=Fadel, maidenName=Rosenbaum, age=41, gender=female, email=dpierrof@vimeo.com, phone=+420 833 708 0340, username=dpierrof, password=Vru55Y4tufI4, birthDate=1963-07-03, image=https://robohash.org/porronumquamid.png, bloodGroup=B+, height=166, weight=87.2, eyeColor=Gray, hair=Hair(color=Black, type=Very curly), domain=tamu.edu, ip=82.170.69.15, address=Address(address=314 South 17th Street, city=Nashville, coordinates=Coordinates(lat=36.1719075, lng=-86.740228), postalCode=37206, state=TN), macAddress=3D:21:5B:9F:76:FF, university=Technical University of Mining and Metallurgy Ostrava, bank=Bank(cardExpire=07/23, cardNumber=6378941710246212, cardType=instapayment, currency=Koruna, iban=CH94 4961 5QY1 VPV1 NGIP P), company=Company(address=Address(address=1407 Walden Court, city=Crofton, coordinates=Coordinates(lat=39.019306, lng=-76.660653), postalCode=21114, state=MD), department=Research and Development, name=Steuber, Considine and Padberg, title=Geological Engineer), ein=75-1816504, ssn=677-73-1525, userAgent=Mozilla/5.0 (Windows NT 5.1) AppleWebKit/535.2 (KHTML, like Gecko) Chrome/15.0.872.0 Safari/535.2), User(id=17, firstName=Bradford, lastName=Prohaska, maidenName=Bins, age=43, gender=male, email=vcholdcroftg@ucoz.com, phone=+420 874 628 3710, username=vcholdcroftg, password=mSPzYZfR, birthDate=1975-10-20, image=https://robohash.org/accusantiumvoluptateseos.png, bloodGroup=O, height=199, weight=94.3, eyeColor=Brown, hair=Hair(color=Black, type=Curly), domain=wix.com, ip=75.75.234.243, address=Address(address=1649 Timberridge Court, city=Fayetteville, coordinates=Coordinates(lat=36.084563, lng=-94.206082), postalCode=72704, state=AR), macAddress=47:FA:F7:94:7B:5D, university=Technical University of Mining and Metallurgy Ostrava, bank=Bank(cardExpire=05/24, cardNumber=3574627048005672, cardType=jcb, currency=Koruna, iban=SI81 7221 0344 9088 864), company=Company(address=Address(address=20930 Todd Valley Road, city=Foresthill, coordinates=Coordinates(lat=38.989466, lng=-120.883108), postalCode=95631, state=CA), department=Sales, name=Bogisich and Sons, title=Operator), ein=92-8837697, ssn=795-36-7752, userAgent=Mozilla/5.0 (Windows NT 5.2) AppleWebKit/535.1 (KHTML, like Gecko) Chrome/14.0.813.0 Safari/535.1), User(id=18, firstName=Arely, lastName=Skiles, maidenName=Monahan, age=42, gender=male, email=sberminghamh@chron.com, phone=+55 886 766 8617, username=sberminghamh, password=cAjfb8vg, birthDate=1958-02-05, image=https://robohash.org/nihilharumqui.png, bloodGroup=AB, height=192, weight=97.0, eyeColor=Amber, hair=Hair(color=Brown, type=Straight), domain=seesaa.net, ip=29.82.54.30, address=Address(address=5461 West Shades Valley Drive, city=Montgomery, coordinates=Coordinates(lat=32.296422, lng=-86.34280299999999), postalCode=36108, state=AL), macAddress=61:0C:8F:92:48:D5, university=Universidade Estadual do Cear, bank=Bank(cardExpire=09/24, cardNumber=3578078357052002, cardType=jcb, currency=Real, iban=FR79 7925 2903 77HF 2ZY6 TU4M T84), company=Company(address=Address(address=3162 Martin Luther King Junior Boulevard, city=Fayetteville, coordinates=Coordinates(lat=36.05233310000001, lng=-94.2056987), postalCode=72704, state=AR), department=Support, name=Metz Group, title=VP Accounting), ein=55-4062919, ssn=551-74-1349, userAgent=Mozilla/5.0 (Windows NT 5.1; rv:31.0) Gecko/20100101 Firefox/31.0), User(id=19, firstName=Gust, lastName=Purdy, maidenName=Abshire, age=46, gender=male, email=bleveragei@so-net.ne.jp, phone=+86 886 889 0258, username=bleveragei, password=UZGAiqPqWQHQ, birthDate=1989-10-15, image=https://robohash.org/delenitipraesentiumvoluptatum.png, bloodGroup=A, height=167, weight=65.3, eyeColor=Amber, hair=Hair(color=Black, type=Straight), domain=homestead.com, ip=90.202.216.39, address=Address(address=629 Debbie Drive, city=Nashville, coordinates=Coordinates(lat=36.208114, lng=-86.58621199999999), postalCode=37076, state=TN), macAddress=22:98:8D:97:2D:AE, university=Xinjiang University, bank=Bank(cardExpire=05/22, cardNumber=5602214306858976, cardType=bankcard, currency=Yuan Renminbi, iban=GB94 MOIU 1274 8449 9733 05), company=Company(address=Address(address=6463 Vrain Street, city=Arvada, coordinates=Coordinates(lat=39.814056, lng=-105.046913), postalCode=80003, state=CO), department=Sales, name=Bahringer, Auer and Wehner, title=Financial Analyst), ein=53-7190545, ssn=809-93-2422, userAgent=Mozilla/5.0 (X11; Linux x86_64) AppleWebKit/534.24 (KHTML, like Gecko) Chrome/11.0.696.3 Safari/534.24), User(id=20, firstName=Lenna, lastName=Renner, maidenName=Schumm, age=41, gender=female, email=aeatockj@psu.edu, phone=+1 904 601 7177, username=aeatockj, password=szWAG6hc, birthDate=1980-01-19, image=https://robohash.org/ipsumutofficiis.png, bloodGroup=O, height=175, weight=68.0, eyeColor=Green, hair=Hair(color=Black, type=Strands), domain=sourceforge.net, ip=59.43.194.22, address=Address(address=22572 Toreador Drive, city=Salinas, coordinates=Coordinates(lat=36.602449, lng=-121.699071), postalCode=93908, state=CA), macAddress=ED:64:AE:91:49:C9, university=Moraine Valley Community College, bank=Bank(cardExpire=07/22, cardNumber=3565173055875732, cardType=jcb, currency=Dollar, iban=GT39 KL9Z CZYV XF26 UPYW SFPT H74U), company=Company(address=Address(address=491 Arabian Way, city=Grand Junction, coordinates=Coordinates(lat=39.07548999999999, lng=-108.474785), postalCode=81504, state=CO), department=Support, name=Hoppe Group, title=Geologist III), ein=88-6715551, ssn=389-03-0381, userAgent=Mozilla/5.0 (X11; Linux i686) AppleWebKit/534.24 (KHTML, like Gecko) Ubuntu/10.10 Chromium/12.0.702.0 Chrome/12.0.702.0 Safari/534.24), User(id=21, firstName=Doyle, lastName=Ernser, maidenName=Feeney, age=23, gender=male, email=ckensleyk@pen.io, phone=+86 634 419 6839, username=ckensleyk, password=tq7kPXyf, birthDate=1983-01-22, image=https://robohash.org/providenttemporadelectus.png, bloodGroup=A, height=173, weight=69.9, eyeColor=Brown, hair=Hair(color=Black, type=Curly), domain=free.fr, ip=87.213.156.73, address=Address(address=3034 Mica Street, city=Fayetteville, coordinates=Coordinates(lat=36.0807929, lng=-94.2066449), postalCode=72704, state=AR), macAddress=E2:5A:A5:85:9B:6D, university=Nanjing University of Traditional Chinese Medicine, bank=Bank(cardExpire=06/24, cardNumber=30464640811198, cardType=diners-club-carte-blanche, currency=Yuan Renminbi, iban=BE41 7150 0766 2980), company=Company(address=Address(address=5906 Milton Avenue, city=Deale, coordinates=Coordinates(lat=38.784451, lng=-76.54125499999999), postalCode=20751, state=MD), department=Product Management, name=Brekke Group, title=Programmer Analyst I), ein=23-4116115, ssn=562-46-9709, userAgent=Mozilla/5.0 (Windows NT 6.2) AppleWebKit/536.3 (KHTML, like Gecko) Chrome/19.0.1061.0 Safari/536.3), User(id=22, firstName=Tressa, lastName=Weber, maidenName=Williamson, age=41, gender=female, email=froachel@howstuffworks.com, phone=+34 517 104 6248, username=froachel, password=rfVSKImC, birthDate=1987-11-11, image=https://robohash.org/temporarecusandaeest.png, bloodGroup=B, height=164, weight=87.1, eyeColor=Green, hair=Hair(color=Black, type=Strands), domain=indiatimes.com, ip=71.57.235.192, address=Address(address=3729 East Mission Boulevard, city=Fayetteville, coordinates=Coordinates(lat=36.0919353, lng=-94.10654219999999), postalCode=72703, state=AR), macAddress=A4:8B:56:BC:ED:98, university=Universitat Rmon Llull, bank=Bank(cardExpire=12/21, cardNumber=342220243660686, cardType=americanexpress, currency=Euro, iban=CY09 2675 2653 QNEJ JNSA 0E2V ONMM), company=Company(address=Address(address=8800 Cordell Circle, city=Anchorage, coordinates=Coordinates(lat=61.1409305, lng=-149.9437822), postalCode=99502, state=AK), department=Research and Development, name=Durgan Group, title=VP Quality Control), ein=78-2846180, ssn=155-87-0243, userAgent=Mozilla/5.0 (Macintosh; U; PPC Mac OS X 10_4_11; de-de) AppleWebKit/533.16 (KHTML, like Gecko) Version/4.1 Safari/533.16), User(id=23, firstName=Felicity, lastName=O'Reilly, maidenName=Rosenbaum, age=46, gender=female, email=beykelhofm@wikispaces.com, phone=+63 919 564 1690, username=beykelhofm, password=zQwaHTHbuZyr, birthDate=1967-10-05, image=https://robohash.org/odioquivero.png, bloodGroup=O, height=151, weight=96.7, eyeColor=Brown, hair=Hair(color=Brown, type=Curly), domain=tamu.edu, ip=141.14.53.176, address=Address(address=5114 Greentree Drive, city=Nashville, coordinates=Coordinates(lat=36.0618539, lng=-86.738508), postalCode=37211, state=TN), macAddress=4D:AB:8D:9A:E5:02, university=University of lloilo, bank=Bank(cardExpire=06/22, cardNumber=6333837222395642, cardType=switch, currency=Peso, iban=FR40 3929 7903 26S5 QL9A HUSV Z09), company=Company(address=Address(address=1770 Colony Way, city=Fayetteville, coordinates=Coordinates(lat=36.0867, lng=-94.229754), postalCode=72704, state=AR), department=Legal, name=Romaguera, Williamson and Kessler, title=Assistant Manager), ein=92-4814248, ssn=441-72-1229, userAgent=Mozilla/5.0 (Windows NT 5.1) AppleWebKit/535.2 (KHTML, like Gecko) Chrome/15.0.872.0 Safari/535.2), User(id=24, firstName=Jocelyn, lastName=Schuster, maidenName=Dooley, age=19, gender=male, email=brickeardn@fema.gov, phone=+7 968 462 1292, username=brickeardn, password=bMQnPttV, birthDate=1966-06-02, image=https://robohash.org/odiomolestiaealias.png, bloodGroup=O+, height=166, weight=93.3, eyeColor=Brown, hair=Hair(color=Brown, type=Curly), domain=pen.io, ip=116.92.198.102, address=Address(address=3466 Southview Avenue, city=Montgomery, coordinates=Coordinates(lat=32.341227, lng=-86.2846859), postalCode=36111, state=AL), macAddress=AF:AA:20:8E:CA:CD, university=Bashkir State Medical University, bank=Bank(cardExpire=11/21, cardNumber=5007666357943463, cardType=mastercard, currency=Ruble, iban=NL22 YBPM 0101 6695 08), company=Company(address=Address(address=80 North East Street, city=Holyoke, coordinates=Coordinates(lat=42.2041219, lng=-72.5977704), postalCode=01040, state=MA), department=Product Management, name=Wintheiser-Boehm, title=Research Nurse), ein=77-6259466, ssn=291-72-5526, userAgent=Mozilla/5.0 (Macintosh; U; Intel Mac OS X 10_6_7; ja-jp) AppleWebKit/533.20.25 (KHTML, like Gecko) Version/5.0.4 Safari/533.20.27), User(id=25, firstName=Edwina, lastName=Ernser, maidenName=Kiehn, age=21, gender=female, email=dfundello@amazon.co.jp, phone=+86 376 986 8945, username=dfundello, password=k9zgV68UKw8m, birthDate=2000-09-28, image=https://robohash.org/doloremautdolores.png, bloodGroup=O+, height=180, weight=102.1, eyeColor=Blue, hair=Hair(color=Brown, type=Wavy), domain=apple.com, ip=48.30.193.203, address=Address(address=1513 Cathy Street, city=Savannah, coordinates=Coordinates(lat=32.067416, lng=-81.125331), postalCode=31415, state=GA), macAddress=EC:59:D3:FC:65:92, university=Wuhan University of Technology, bank=Bank(cardExpire=10/23, cardNumber=3558628665594956, cardType=jcb, currency=Yuan Renminbi, iban=RS85 6347 5884 2820 5764 23), company=Company(address=Address(address=125 John Street, city=Santa Cruz, coordinates=Coordinates(lat=36.950901, lng=-122.046881), postalCode=95060, state=CA), department=Marketing, name=Volkman Group, title=Cost Accountant), ein=14-6307509, ssn=266-43-5297, userAgent=Mozilla/5.0 (Windows NT 6.1; WOW64) AppleWebKit/536.3 (KHTML, like Gecko) Chrome/19.0.1063.0 Safari/536.3), User(id=26, firstName=Griffin, lastName=Braun, maidenName=Deckow, age=35, gender=male, email=lgronaverp@cornell.edu, phone=+62 511 790 0161, username=lgronaverp, password=4a1dAKDv9KB9, birthDate=1965-09-06, image=https://robohash.org/laboriosammollitiaut.png, bloodGroup=O, height=146, weight=65.5, eyeColor=Blue, hair=Hair(color=Blond, type=Wavy), domain=foxnews.com, ip=93.246.47.59, address=Address(address=600 West 19th Avenue, city=Anchorage, coordinates=Coordinates(lat=61.203115, lng=-149.894107), postalCode=99503, state=AK), macAddress=34:06:26:95:37:D6, university=Universitas Bojonegoro, bank=Bank(cardExpire=07/24, cardNumber=3587188969123346, cardType=jcb, currency=Rupiah, iban=AD24 9240 6903 OD2X OW1Y WD1K), company=Company(address=Address(address=1508 Massachusetts Avenue Southeast, city=Washington, coordinates=Coordinates(lat=38.887255, lng=-76.98318499999999), postalCode=20003, state=DC), department=Engineering, name=Boyle, Boyer and Lang, title=Senior Cost Accountant), ein=38-0997138, ssn=407-02-8915, userAgent=Mozilla/5.0 (iPad; CPU OS 6_0 like Mac OS X) AppleWebKit/536.26 (KHTML, like Gecko) Version/6.0 Mobile/10A5355d Safari/8536.25), User(id=27, firstName=Piper, lastName=Schowalter, maidenName=Wuckert, age=47, gender=female, email=fokillq@amazon.co.jp, phone=+60 785 960 7918, username=fokillq, password=xZnWSWnqH, birthDate=1983-06-07, image=https://robohash.org/nequeodiosapiente.png, bloodGroup=A, height=197, weight=71.5, eyeColor=Brown, hair=Hair(color=Black, type=Curly), domain=toplist.cz, ip=100.159.51.104, address=Address(address=1208 Elkader Court North, city=Nashville, coordinates=Coordinates(lat=36.080049, lng=-86.60116099999999), postalCode=37013, state=TN), macAddress=1F:42:5D:8C:66:3D, university=Sultanah Bahiyah Polytechnic, bank=Bank(cardExpire=09/22, cardNumber=6762169351744592, cardType=maestro, currency=Ringgit, iban=BH05 STDW HECU HD4S L8U1 C6), company=Company(address=Address(address=600 West 19th Avenue, city=Anchorage, coordinates=Coordinates(lat=61.203115, lng=-149.894107), postalCode=99503, state=AK), department=Human Resources, name=O'Hara and Sons, title=Sales Representative), ein=11-3129153, ssn=408-90-5986, userAgent=Mozilla/5.0 (Windows NT 5.1) AppleWebKit/537.36 (KHTML, like Gecko) Chrome/41.0.2224.3 Safari/537.36), User(id=28, firstName=Kody, lastName=Terry, maidenName=Larkin, age=28, gender=male, email=xisherwoodr@ask.com, phone=+81 859 545 8951, username=xisherwoodr, password=HLDqN5vCF, birthDate=1979-01-09, image=https://robohash.org/consequunturabnon.png, bloodGroup=B, height=172, weight=90.2, eyeColor=Blue, hair=Hair(color=Brown, type=Wavy), domain=elpais.com, ip=51.102.180.216, address=Address(address=210 Green Road, city=Manchester, coordinates=Coordinates(lat=41.7909099, lng=-72.51195129999999), postalCode=06042, state=CT), macAddress=B4:B6:17:3C:41:E5, university=Science University of Tokyo, bank=Bank(cardExpire=05/23, cardNumber=201443655632569, cardType=diners-club-enroute, currency=Yen, iban=GT70 4NNE RDSR 0AJV 6AQI 4XH1 RWOC), company=Company(address=Address(address=109 Summit Street, city=Burlington, coordinates=Coordinates(lat=44.4729749, lng=-73.2026566), postalCode=05401, state=VT), department=Support, name=Leffler, Beatty and Kilback, title=Recruiting Manager), ein=09-1129306, ssn=389-74-9456, userAgent=Mozilla/6.0 (Macintosh; I; Intel Mac OS X 11_7_9; de-LI; rv:1.9b4) Gecko/2012010317 Firefox/10.0a4), User(id=29, firstName=Macy, lastName=Greenfelder, maidenName=Koepp, age=45, gender=female, email=jissetts@hostgator.com, phone=+81 915 649 2384, username=jissetts, password=ePawWgrnZR8L, birthDate=1976-09-07, image=https://robohash.org/amettemporeea.png, bloodGroup=A, height=166, weight=93.7, eyeColor=Amber, hair=Hair(color=Black, type=Straight), domain=ibm.com, ip=197.37.13.163, address=Address(address=49548 Road 200, city=O'Neals, coordinates=Coordinates(lat=37.153463, lng=-119.648192), postalCode=93645, state=CA), macAddress=D7:14:C5:45:69:C1, university=Fuji Women's College, bank=Bank(cardExpire=04/24, cardNumber=633413352570887921, cardType=solo, currency=Yen, iban=IS23 8410 4605 1294 9479 5900 11), company=Company(address=Address(address=5403 Illinois Avenue, city=Nashville, coordinates=Coordinates(lat=36.157077, lng=-86.853827), postalCode=37209, state=TN), department=Product Management, name=Bruen and Sons, title=Structural Analysis Engineer), ein=31-6688179, ssn=391-33-1550, userAgent=Mozilla/5.0 (Macintosh; Intel Mac OS X 10_7_2) AppleWebKit/535.19 (KHTML, like Gecko) Chrome/18.0.1025.45 Safari/535.19), User(id=30, firstName=Maurine, lastName=Stracke, maidenName=Abshire, age=31, gender=female, email=kdulyt@umich.edu, phone=+48 143 590 6847, username=kdulyt, password=5t6q4KC7O, birthDate=1964-12-18, image=https://robohash.org/perferendisideveniet.png, bloodGroup=O, height=170, weight=107.2, eyeColor=Blue, hair=Hair(color=Blond, type=Wavy), domain=ow.ly, ip=97.11.116.84, address=Address(address=81 Seaton Place Northwest, city=Washington, coordinates=Coordinates(lat=38.9149499, lng=-77.01170259999999), postalCode=20001, state=DC), macAddress=42:87:72:A1:4D:9A, university=Poznan School of Banking, bank=Bank(cardExpire=02/24, cardNumber=6331108070510590026, cardType=switch, currency=Zloty, iban=MT70 MKRC 8244 59Z4 9UG1 1HY7 TKM6 1YX), company=Company(address=Address(address=816 West 19th Avenue, city=Anchorage, coordinates=Coordinates(lat=61.203221, lng=-149.898655), postalCode=99503, state=AK), department=Support, name=Balistreri-Kshlerin, title=Quality Engineer), ein=51-7727524, ssn=534-76-0952, userAgent=Mozilla/5.0 (X11; Linux i686) AppleWebKit/535.11 (KHTML, like Gecko) Chrome/17.0.963.66 Safari/535.11)], total=100, skip=0, limit=30)<br/></span>
                                    </li>
                                </ul>
                            </li>
                        </ul>
                    </li>
                </ul>
            </div>
        </div>
        <div id="footer">
            <p>Generated by IntelliJ IDEA on 4.06.2023 14:46</p>
        </div>
    </body>
</html>
